INFO:root:============================= SIMULATION =============================
INFO:root:Step       PotEng          KinEng          TotEng          Volume
INFO:root:0    -5.816596e+00    0.000000e+00    -5.816596e+00    5.222740e+03
INFO:root:100    -6.245113e+00    4.604046e-01    -5.784709e+00    5.222740e+03
INFO:root:============================= SIMULATION =============================
INFO:root:Step       PotEng          KinEng          TotEng          Volume
INFO:root:0    -5.817449e+00    0.000000e+00    -5.817449e+00    5.222740e+03
INFO:root:100    -6.313339e+00    5.348280e-01    -5.778511e+00    5.222740e+03
INFO:root:200    -6.117816e+00    7.434096e-01    -5.374406e+00    5.222740e+03
INFO:root:300    6.047469e+08    9.888672e+39    9.888672e+39    5.222740e+03
INFO:root:400    1.152670e+10    9.888715e+39    9.888715e+39    5.222740e+03
INFO:root:500    2.740673e+07    9.650204e+53    9.650204e+53    5.222740e+03
INFO:root:============================= SIMULATION =============================
INFO:root:Step       PotEng          KinEng          TotEng          Volume
INFO:root:0    -5.817449e+00    0.000000e+00    -5.817449e+00    5.222740e+03
INFO:root:100    -6.313339e+00    5.348280e-01    -5.778511e+00    5.222740e+03
INFO:root:200    -6.117816e+00    7.434096e-01    -5.374406e+00    5.222740e+03
INFO:root:300    6.047469e+08    9.888672e+39    9.888672e+39    5.222740e+03
INFO:root:400    1.152670e+10    9.888715e+39    9.888715e+39    5.222740e+03
INFO:root:500    2.740673e+07    9.650204e+53    9.650204e+53    5.222740e+03
INFO:root:600    5.205693e+09    2.450808e+66    2.450808e+66    5.222740e+03
INFO:root:700    3.673282e+04    2.450808e+66    2.450808e+66    5.222740e+03
INFO:root:800    7.357214e+04    2.450808e+66    2.450808e+66    5.222740e+03
INFO:root:900    3.674958e+04    2.450808e+66    2.450808e+66    5.222740e+03
INFO:root:1000    5.852552e+01    2.450808e+66    2.450808e+66    5.222740e+03
INFO:root:1100    3.333603e+01    2.450808e+66    2.450808e+66    5.222740e+03
INFO:root:1200    5.588567e+01    2.450808e+66    2.450808e+66    5.222740e+03
INFO:root:1300    3.674959e+04    2.450808e+66    2.450808e+66    5.222740e+03
INFO:root:1400    3.701279e+04    2.450808e+66    2.450808e+66    5.222740e+03
INFO:root:1500    3.673287e+04    2.450808e+66    2.450808e+66    5.222740e+03
INFO:root:1600    2.503941e+01    2.450808e+66    2.450808e+66    5.222740e+03
INFO:root:1700    4.003934e+04    2.450808e+66    2.450808e+66    5.222740e+03
INFO:root:1800    -5.274328e-02    2.450808e+66    2.450808e+66    5.222740e+03
INFO:root:1900    8.320450e+00    2.450808e+66    2.450808e+66    5.222740e+03
INFO:root:2000    8.337520e+00    2.450808e+66    2.450808e+66    5.222740e+03
INFO:root:2100    -8.048353e-02    2.450808e+66    2.450808e+66    5.222740e+03
INFO:root:2200    1.671887e+01    2.450808e+66    2.450808e+66    5.222740e+03
INFO:root:2300    8.298389e+00    2.450808e+66    2.450808e+66    5.222740e+03
INFO:root:2400    8.309320e+00    2.450808e+66    2.450808e+66    5.222740e+03
INFO:root:2500    8.302473e+00    2.450808e+66    2.450808e+66    5.222740e+03
INFO:root:2600    -3.665660e-02    2.450808e+66    2.450808e+66    5.222740e+03
INFO:root:2700    -8.128847e-02    2.450808e+66    2.450808e+66    5.222740e+03
INFO:root:2800    8.316814e+00    2.450808e+66    2.450808e+66    5.222740e+03
INFO:root:2900    8.307340e+00    2.450808e+66    2.450808e+66    5.222740e+03
INFO:root:3000    3.671619e+04    2.450808e+66    2.450808e+66    5.222740e+03
INFO:root:3100    8.359836e+00    2.450808e+66    2.450808e+66    5.222740e+03
INFO:root:3200    8.337520e+00    2.450808e+66    2.450808e+66    5.222740e+03
INFO:root:3300    -3.585166e-02    2.450808e+66    2.450808e+66    5.222740e+03
INFO:root:3400    -5.019233e-02    2.450808e+66    2.450808e+66    5.222740e+03
INFO:root:3500    8.344428e+00    2.450808e+66    2.450808e+66    5.222740e+03
INFO:root:3600    1.505446e+08    2.450808e+66    2.450808e+66    5.222740e+03
INFO:root:3700    -3.585166e-02    2.450808e+66    2.450808e+66    5.222740e+03
INFO:root:3800    3.672455e+04    2.450808e+66    2.450808e+66    5.222740e+03
INFO:root:3900    -3.826648e-02    2.450808e+66    2.450808e+66    5.222740e+03
INFO:root:4000    -3.585166e-02    2.450808e+66    2.450808e+66    5.222740e+03
INFO:root:============================= SIMULATION =============================
INFO:root:Step       PotEng          KinEng          TotEng          Volume
INFO:root:0    -5.817449e+00    0.000000e+00    -5.817449e+00    5.222740e+03
INFO:root:100    -6.328869e+00    5.010523e-01    -5.827816e+00    5.222740e+03
INFO:root:200    -6.348908e+00    5.222101e-01    -5.826698e+00    5.222740e+03
INFO:root:300    -6.320563e+00    4.927299e-01    -5.827833e+00    5.222740e+03
INFO:root:400    -6.361902e+00    5.368305e-01    -5.825071e+00    5.222740e+03
INFO:root:500    -6.383146e+00    5.508301e-01    -5.832316e+00    5.222740e+03
INFO:root:600    -6.390166e+00    5.623491e-01    -5.827817e+00    5.222740e+03
INFO:root:700    -6.352583e+00    5.283119e-01    -5.824272e+00    5.222740e+03
INFO:root:800    -6.399548e+00    5.692674e-01    -5.830281e+00    5.222740e+03
INFO:root:900    -6.310434e+00    4.842114e-01    -5.826223e+00    5.222740e+03
INFO:root:1000    -6.380673e+00    5.503921e-01    -5.830281e+00    5.222740e+03
INFO:root:1100    -6.338724e+00    5.051674e-01    -5.833556e+00    5.222740e+03
INFO:root:1200    -6.382425e+00    5.568850e-01    -5.825540e+00    5.222740e+03
INFO:root:1300    -6.385778e+00    5.536733e-01    -5.832105e+00    5.222740e+03
INFO:root:1400    -6.381398e+00    5.493013e-01    -5.832097e+00    5.222740e+03
INFO:root:1500    -6.364663e+00    5.325491e-01    -5.832113e+00    5.222740e+03
INFO:root:1600    -6.336924e+00    5.088274e-01    -5.828097e+00    5.222740e+03
INFO:root:1700    -6.368839e+00    5.402321e-01    -5.828607e+00    5.222740e+03
INFO:root:1800    -6.373520e+00    5.423616e-01    -5.831159e+00    5.222740e+03
INFO:root:1900    -6.343322e+00    5.128858e-01    -5.830436e+00    5.222740e+03
INFO:root:2000    -6.330743e+00    5.043467e-01    -5.826396e+00    5.222740e+03
INFO:root:2100    -6.336411e+00    5.087484e-01    -5.827662e+00    5.222740e+03
INFO:root:2200    -6.343553e+00    5.104617e-01    -5.833092e+00    5.222740e+03
INFO:root:2300    -6.276190e+00    4.543373e-01    -5.821852e+00    5.222740e+03
INFO:root:2400    -6.348749e+00    5.171261e-01    -5.831623e+00    5.222740e+03
INFO:root:2500    -6.356047e+00    5.239889e-01    -5.832059e+00    5.222740e+03
INFO:root:2600    -6.364984e+00    5.413140e-01    -5.823670e+00    5.222740e+03
INFO:root:2700    -6.368407e+00    5.377366e-01    -5.830671e+00    5.222740e+03
INFO:root:2800    -6.336161e+00    5.099152e-01    -5.826246e+00    5.222740e+03
INFO:root:2900    -6.358534e+00    5.301910e-01    -5.828343e+00    5.222740e+03
INFO:root:3000    -6.338011e+00    5.030140e-01    -5.834997e+00    5.222740e+03
INFO:root:3100    -6.370886e+00    5.408473e-01    -5.830038e+00    5.222740e+03
INFO:root:3200    -6.351265e+00    5.281056e-01    -5.823160e+00    5.222740e+03
INFO:root:3300    -6.340013e+00    5.138546e-01    -5.826159e+00    5.222740e+03
INFO:root:3400    -6.344458e+00    5.201556e-01    -5.824302e+00    5.222740e+03
INFO:root:3500    -6.338304e+00    5.077348e-01    -5.830569e+00    5.222740e+03
INFO:root:3600    -6.308894e+00    4.829993e-01    -5.825895e+00    5.222740e+03
INFO:root:3700    -6.322251e+00    4.992141e-01    -5.823037e+00    5.222740e+03
INFO:root:3800    -6.313774e+00    4.912105e-01    -5.822563e+00    5.222740e+03
INFO:root:3900    -6.331060e+00    5.060864e-01    -5.824974e+00    5.222740e+03
INFO:root:4000    -6.358132e+00    5.249365e-01    -5.833196e+00    5.222740e+03
INFO:root:4100    -6.330206e+00    4.991272e-01    -5.831079e+00    5.222740e+03
INFO:root:4200    -6.331408e+00    5.019668e-01    -5.829441e+00    5.222740e+03
INFO:root:4300    -6.343302e+00    5.138187e-01    -5.829483e+00    5.222740e+03
INFO:root:4400    -6.347002e+00    5.198473e-01    -5.827155e+00    5.222740e+03
INFO:root:4500    -6.348429e+00    5.214708e-01    -5.826958e+00    5.222740e+03
INFO:root:4600    -6.318156e+00    4.901118e-01    -5.828044e+00    5.222740e+03
INFO:root:4700    -6.348099e+00    5.265787e-01    -5.821520e+00    5.222740e+03
INFO:root:4800    -6.354055e+00    5.276383e-01    -5.826417e+00    5.222740e+03
INFO:root:4900    -6.318430e+00    4.915080e-01    -5.826922e+00    5.222740e+03
INFO:root:5000    -6.357224e+00    5.321233e-01    -5.825101e+00    5.222740e+03
INFO:root:5100    -6.372963e+00    5.438686e-01    -5.829094e+00    5.222740e+03
INFO:root:5200    -6.355060e+00    5.229792e-01    -5.832081e+00    5.222740e+03
INFO:root:5300    -6.335230e+00    5.078636e-01    -5.827366e+00    5.222740e+03
INFO:root:5400    -6.378261e+00    5.503043e-01    -5.827957e+00    5.222740e+03
INFO:root:5500    -6.324971e+00    4.975688e-01    -5.827402e+00    5.222740e+03
INFO:root:5600    -6.320576e+00    4.921742e-01    -5.828402e+00    5.222740e+03
INFO:root:5700    -6.362538e+00    5.384311e-01    -5.824107e+00    5.222740e+03
INFO:root:5800    -6.353562e+00    5.251695e-01    -5.828392e+00    5.222740e+03
INFO:root:5900    -6.378052e+00    5.526786e-01    -5.825373e+00    5.222740e+03
INFO:root:6000    -6.335811e+00    5.109369e-01    -5.824874e+00    5.222740e+03
INFO:root:6100    -6.312480e+00    4.865144e-01    -5.825966e+00    5.222740e+03
INFO:root:6200    -6.339135e+00    5.097765e-01    -5.829359e+00    5.222740e+03
INFO:root:6300    -6.307263e+00    4.795973e-01    -5.827666e+00    5.222740e+03
INFO:root:6400    -6.386965e+00    5.542428e-01    -5.832723e+00    5.222740e+03
INFO:root:6500    -6.391889e+00    5.632052e-01    -5.828684e+00    5.222740e+03
INFO:root:6600    -6.325793e+00    4.924079e-01    -5.833385e+00    5.222740e+03
INFO:root:6700    -6.363823e+00    5.329937e-01    -5.830830e+00    5.222740e+03
INFO:root:6800    -6.326238e+00    5.015341e-01    -5.824703e+00    5.222740e+03
INFO:root:6900    -6.304419e+00    4.764734e-01    -5.827946e+00    5.222740e+03
INFO:root:7000    -6.315652e+00    4.862960e-01    -5.829356e+00    5.222740e+03
INFO:root:7100    -6.325270e+00    4.931737e-01    -5.832097e+00    5.222740e+03
INFO:root:7200    -6.305844e+00    4.765124e-01    -5.829332e+00    5.222740e+03
INFO:root:7300    -6.383038e+00    5.547055e-01    -5.828332e+00    5.222740e+03
INFO:root:7400    -6.333215e+00    5.046168e-01    -5.828598e+00    5.222740e+03
INFO:root:7500    -6.373103e+00    5.534845e-01    -5.819618e+00    5.222740e+03
INFO:root:7600    -6.323357e+00    4.985486e-01    -5.824809e+00    5.222740e+03
INFO:root:7700    -6.352280e+00    5.273709e-01    -5.824909e+00    5.222740e+03
INFO:root:7800    -6.333155e+00    5.083715e-01    -5.824783e+00    5.222740e+03
INFO:root:7900    -6.335981e+00    5.057156e-01    -5.830266e+00    5.222740e+03
INFO:root:8000    -6.348254e+00    5.252832e-01    -5.822971e+00    5.222740e+03
INFO:root:8100    -6.348657e+00    5.212883e-01    -5.827369e+00    5.222740e+03
INFO:root:8200    -6.319937e+00    4.977424e-01    -5.822195e+00    5.222740e+03
INFO:root:8300    -6.316547e+00    4.909745e-01    -5.825572e+00    5.222740e+03
INFO:root:8400    -6.359194e+00    5.352014e-01    -5.823992e+00    5.222740e+03
INFO:root:8500    -6.342826e+00    5.126794e-01    -5.830147e+00    5.222740e+03
INFO:root:8600    -6.327242e+00    4.956788e-01    -5.831563e+00    5.222740e+03
INFO:root:8700    -6.356050e+00    5.263617e-01    -5.829688e+00    5.222740e+03
INFO:root:8800    -6.325972e+00    4.970624e-01    -5.828910e+00    5.222740e+03
INFO:root:8900    -6.403025e+00    5.749384e-01    -5.828086e+00    5.222740e+03
INFO:root:9000    -6.339076e+00    5.084168e-01    -5.830659e+00    5.222740e+03
INFO:root:9100    -6.381236e+00    5.471996e-01    -5.834036e+00    5.222740e+03
INFO:root:9200    -6.369721e+00    5.386081e-01    -5.831113e+00    5.222740e+03
INFO:root:9300    -6.422701e+00    5.933737e-01    -5.829328e+00    5.222740e+03
INFO:root:9400    -6.316035e+00    4.914950e-01    -5.824540e+00    5.222740e+03
INFO:root:9500    -6.324035e+00    5.024244e-01    -5.821610e+00    5.222740e+03
INFO:root:9600    -6.262369e+00    4.351297e-01    -5.827239e+00    5.222740e+03
INFO:root:9700    -6.336632e+00    5.107690e-01    -5.825863e+00    5.222740e+03
INFO:root:9800    -6.318804e+00    4.936234e-01    -5.825181e+00    5.222740e+03
INFO:root:9900    -6.355203e+00    5.298070e-01    -5.825396e+00    5.222740e+03
INFO:root:============================= SIMULATION =============================
INFO:root:Step       PotEng          KinEng          TotEng          Volume
INFO:root:0    -5.817449e+00    0.000000e+00    -5.817449e+00    5.222740e+03
INFO:root:100    -6.328869e+00    5.010523e-01    -5.827816e+00    5.222740e+03
INFO:root:200    -6.348908e+00    5.222101e-01    -5.826698e+00    5.222740e+03
INFO:root:300    -6.320563e+00    4.927299e-01    -5.827833e+00    5.222740e+03
INFO:root:400    -6.361902e+00    5.368305e-01    -5.825071e+00    5.222740e+03
INFO:root:500    -6.383146e+00    5.508301e-01    -5.832316e+00    5.222740e+03
INFO:root:600    -6.390166e+00    5.623491e-01    -5.827817e+00    5.222740e+03
INFO:root:700    -6.352583e+00    5.283119e-01    -5.824272e+00    5.222740e+03
INFO:root:800    -6.399548e+00    5.692674e-01    -5.830281e+00    5.222740e+03
INFO:root:900    -6.310434e+00    4.842114e-01    -5.826223e+00    5.222740e+03
INFO:root:1000    -6.380673e+00    5.503921e-01    -5.830281e+00    5.222740e+03
INFO:root:1100    -6.338724e+00    5.051674e-01    -5.833556e+00    5.222740e+03
INFO:root:1200    -6.382425e+00    5.568850e-01    -5.825540e+00    5.222740e+03
INFO:root:1300    -6.385778e+00    5.536733e-01    -5.832105e+00    5.222740e+03
INFO:root:1400    -6.381398e+00    5.493013e-01    -5.832097e+00    5.222740e+03
INFO:root:============================= SIMULATION =============================
INFO:root:Step       PotEng          KinEng          TotEng          Volume
INFO:root:0    -5.817449e+00    0.000000e+00    -5.817449e+00    5.222740e+03
INFO:root:100    -6.313339e+00    5.348280e-01    -5.778511e+00    5.222740e+03
INFO:root:200    -6.117816e+00    7.434101e-01    -5.374406e+00    5.222740e+03
INFO:root:300    2.526427e+15    2.026973e+42    2.026973e+42    5.222740e+03
INFO:root:400    6.227906e+11    9.826071e+55    9.826071e+55    5.222740e+03
INFO:root:500    6.171118e+11    3.552627e+83    3.552627e+83    5.222740e+03
INFO:root:600    1.127983e+05    3.552627e+83    3.552627e+83    5.222740e+03
INFO:root:700    1.480237e+05    3.552627e+83    3.552627e+83    5.222740e+03
INFO:root:800    6.166394e+11    3.552627e+83    3.552627e+83    5.222740e+03
INFO:root:============================= SIMULATION =============================
INFO:root:Step       PotEng          KinEng          TotEng          Volume
INFO:root:0    -5.817449e+00    0.000000e+00    -5.817449e+00    5.222740e+03
INFO:root:100    -6.157070e+00    3.407932e-01    -5.816277e+00    5.222740e+03
INFO:root:200    -6.322869e+00    5.065948e-01    -5.816275e+00    5.222740e+03
INFO:root:300    -6.320393e+00    4.993908e-01    -5.821002e+00    5.222740e+03
INFO:root:400    -6.324638e+00    5.017447e-01    -5.822894e+00    5.222740e+03
INFO:root:500    -6.336671e+00    5.154317e-01    -5.821239e+00    5.222740e+03
INFO:root:600    -6.320619e+00    4.986719e-01    -5.821947e+00    5.222740e+03
INFO:root:700    -6.298607e+00    4.726406e-01    -5.825967e+00    5.222740e+03
INFO:root:800    -6.303370e+00    4.766927e-01    -5.826677e+00    5.222740e+03
INFO:root:900    -6.328548e+00    5.009244e-01    -5.827624e+00    5.222740e+03
INFO:root:1000    -6.328669e+00    5.015175e-01    -5.827152e+00    5.222740e+03
INFO:root:1100    -6.308965e+00    4.815777e-01    -5.827388e+00    5.222740e+03
INFO:root:1200    -6.278442e+00    4.527091e-01    -5.825733e+00    5.222740e+03
INFO:root:1300    -6.266123e+00    4.399166e-01    -5.826207e+00    5.222740e+03
INFO:root:1400    -6.261426e+00    4.335635e-01    -5.827862e+00    5.222740e+03
INFO:root:1500    -6.298418e+00    4.710284e-01    -5.827390e+00    5.222740e+03
INFO:root:1600    -6.342565e+00    5.175376e-01    -5.825027e+00    5.222740e+03
INFO:root:1700    -6.318339e+00    4.933130e-01    -5.825026e+00    5.222740e+03
INFO:root:1800    -6.326563e+00    5.015363e-01    -5.825027e+00    5.222740e+03
INFO:root:1900    -6.341697e+00    5.164336e-01    -5.825263e+00    5.222740e+03
INFO:root:2000    -6.348636e+00    5.226623e-01    -5.825973e+00    5.222740e+03
INFO:root:2100    -6.305849e+00    4.777491e-01    -5.828099e+00    5.222740e+03
INFO:root:2200    -6.311747e+00    4.862468e-01    -5.825500e+00    5.222740e+03
INFO:root:2300    -6.325759e+00    4.986042e-01    -5.827154e+00    5.222740e+03
INFO:root:2400    -6.313624e+00    4.871801e-01    -5.826443e+00    5.222740e+03
INFO:root:2500    -6.335738e+00    5.109489e-01    -5.824790e+00    5.222740e+03
INFO:root:2600    -6.327395e+00    5.040245e-01    -5.823370e+00    5.222740e+03
INFO:root:2700    -6.301711e+00    4.790494e-01    -5.822661e+00    5.222740e+03
INFO:root:2800    -6.298509e+00    4.711202e-01    -5.827388e+00    5.222740e+03
INFO:root:2900    -6.313916e+00    4.884191e-01    -5.825497e+00    5.222740e+03
INFO:root:3000    -6.319832e+00    4.929172e-01    -5.826914e+00    5.222740e+03
INFO:root:3100    -6.311300e+00    4.850943e-01    -5.826206e+00    5.222740e+03
INFO:root:3200    -6.325844e+00    4.998747e-01    -5.825970e+00    5.222740e+03
INFO:root:3300    -6.325703e+00    4.994955e-01    -5.826207e+00    5.222740e+03
INFO:root:3400    -6.306357e+00    4.782607e-01    -5.828097e+00    5.222740e+03
INFO:root:3500    -6.325665e+00    4.978044e-01    -5.827861e+00    5.222740e+03
INFO:root:3600    -6.337590e+00    5.104393e-01    -5.827151e+00    5.222740e+03
INFO:root:3700    -6.326376e+00    4.999357e-01    -5.826441e+00    5.222740e+03
INFO:root:3800    -6.331504e+00    5.050621e-01    -5.826442e+00    5.222740e+03
INFO:root:3900    -6.310491e+00    4.845230e-01    -5.825968e+00    5.222740e+03
INFO:root:4000    -6.362311e+00    5.375231e-01    -5.824788e+00    5.222740e+03
INFO:root:4100    -6.327480e+00    5.036377e-01    -5.823842e+00    5.222740e+03
INFO:root:4200    -6.285014e+00    4.599905e-01    -5.825024e+00    5.222740e+03
INFO:root:4300    -6.310502e+00    4.828774e-01    -5.827625e+00    5.222740e+03
INFO:root:4400    -6.378657e+00    5.474846e-01    -5.831172e+00    5.222740e+03
INFO:root:4500    -6.382906e+00    5.543347e-01    -5.828571e+00    5.222740e+03
INFO:root:4600    -6.323829e+00    5.002219e-01    -5.823607e+00    5.222740e+03
INFO:root:4700    -6.271751e+00    4.483800e-01    -5.823371e+00    5.222740e+03
INFO:root:4800    -6.296297e+00    4.710335e-01    -5.825263e+00    5.222740e+03
INFO:root:4900    -6.351207e+00    5.242899e-01    -5.826917e+00    5.222740e+03
INFO:root:5000    -6.383268e+00    5.513864e-01    -5.831881e+00    5.222740e+03
INFO:root:5100    -6.390016e+00    5.578980e-01    -5.832118e+00    5.222740e+03
INFO:root:5200    -6.371739e+00    5.434022e-01    -5.828337e+00    5.222740e+03
INFO:root:5300    -6.336226e+00    5.083632e-01    -5.827863e+00    5.222740e+03
INFO:root:5400    -6.327809e+00    4.968712e-01    -5.830937e+00    5.222740e+03
INFO:root:5500    -6.303161e+00    4.738797e-01    -5.829281e+00    5.222740e+03
INFO:root:5600    -6.310516e+00    4.833625e-01    -5.827154e+00    5.222740e+03
INFO:root:5700    -6.327638e+00    5.002475e-01    -5.827390e+00    5.222740e+03
INFO:root:5800    -6.282532e+00    4.577445e-01    -5.824788e+00    5.222740e+03
INFO:root:5900    -6.314286e+00    4.885524e-01    -5.825734e+00    5.222740e+03
INFO:root:6000    -6.382860e+00    5.578358e-01    -5.825024e+00    5.222740e+03
INFO:root:6100    -6.397149e+00    5.699979e-01    -5.827152e+00    5.222740e+03
INFO:root:6200    -6.374926e+00    5.487204e-01    -5.826206e+00    5.222740e+03
INFO:root:6300    -6.354284e+00    5.311513e-01    -5.823133e+00    5.222740e+03
INFO:root:6400    -6.353420e+00    5.293413e-01    -5.824079e+00    5.222740e+03
INFO:root:6500    -6.341442e+00    5.171276e-01    -5.824314e+00    5.222740e+03
INFO:root:6600    -6.336164e+00    5.130304e-01    -5.823134e+00    5.222740e+03
INFO:root:6700    -6.317314e+00    4.934705e-01    -5.823843e+00    5.222740e+03
INFO:root:6800    -6.280353e+00    4.562742e-01    -5.824079e+00    5.222740e+03
INFO:root:6900    -6.336182e+00    5.102107e-01    -5.825971e+00    5.222740e+03
INFO:root:7000    -6.352974e+00    5.262949e-01    -5.826679e+00    5.222740e+03
INFO:root:7100    -6.319559e+00    4.921724e-01    -5.827387e+00    5.222740e+03
INFO:root:7200    -6.385074e+00    5.560312e-01    -5.829043e+00    5.222740e+03
INFO:root:7300    -6.369966e+00    5.390339e-01    -5.830932e+00    5.222740e+03
INFO:root:7400    -6.361047e+00    5.315332e-01    -5.829514e+00    5.222740e+03
INFO:root:7500    -6.349967e+00    5.171441e-01    -5.832823e+00    5.222740e+03
INFO:root:7600    -6.336589e+00    5.080218e-01    -5.828567e+00    5.222740e+03
INFO:root:7700    -6.355855e+00    5.284694e-01    -5.827385e+00    5.222740e+03
INFO:root:7800    -6.379025e+00    5.525851e-01    -5.826440e+00    5.222740e+03
INFO:root:7900    -6.344974e+00    5.147512e-01    -5.830223e+00    5.222740e+03
INFO:root:8000    -6.310850e+00    4.813378e-01    -5.829512e+00    5.222740e+03
INFO:root:8100    -6.347047e+00    5.170612e-01    -5.829986e+00    5.222740e+03
INFO:root:8200    -6.373062e+00    5.452027e-01    -5.827860e+00    5.222740e+03
INFO:root:8300    -6.369370e+00    5.438754e-01    -5.825494e+00    5.222740e+03
INFO:root:8400    -6.331840e+00    5.042173e-01    -5.827623e+00    5.222740e+03
INFO:root:8500    -6.342132e+00    5.133273e-01    -5.828805e+00    5.222740e+03
INFO:root:8600    -6.348596e+00    5.219187e-01    -5.826677e+00    5.222740e+03
INFO:root:8700    -6.324043e+00    4.990207e-01    -5.825022e+00    5.222740e+03
INFO:root:8800    -6.304660e+00    4.786937e-01    -5.825966e+00    5.222740e+03
INFO:root:8900    -6.379566e+00    5.547808e-01    -5.824785e+00    5.222740e+03
INFO:root:9000    -6.332447e+00    5.090815e-01    -5.823366e+00    5.222740e+03
INFO:root:9100    -6.302164e+00    4.757244e-01    -5.826439e+00    5.222740e+03
INFO:root:9200    -6.353041e+00    5.247095e-01    -5.828332e+00    5.222740e+03
INFO:root:9300    -6.343863e+00    5.176599e-01    -5.826203e+00    5.222740e+03
INFO:root:9400    -6.316617e+00    4.906513e-01    -5.825966e+00    5.222740e+03
INFO:root:9500    -6.320280e+00    4.966784e-01    -5.823601e+00    5.222740e+03
INFO:root:9600    -6.377839e+00    5.547096e-01    -5.823130e+00    5.222740e+03
INFO:root:9700    -6.349709e+00    5.220887e-01    -5.827620e+00    5.222740e+03
INFO:root:9800    -6.359353e+00    5.350419e-01    -5.824311e+00    5.222740e+03
INFO:root:9900    -6.328352e+00    5.033326e-01    -5.825020e+00    5.222740e+03
INFO:root:============================= SIMULATION =============================
INFO:root:Step       PotEng          KinEng          TotEng          Volume
INFO:root:0    -5.817449e+00    1.359447e+00    -4.458003e+00    5.222740e+03
INFO:root:100    -5.735711e+00    1.269975e+00    -4.465736e+00    5.222740e+03
INFO:root:200    -5.846779e+00    1.385767e+00    -4.461012e+00    5.222740e+03
INFO:root:300    -5.815141e+00    1.352480e+00    -4.462661e+00    5.222740e+03
INFO:root:400    -5.753576e+00    1.291863e+00    -4.461712e+00    5.222740e+03
INFO:root:500    -5.785196e+00    1.317099e+00    -4.468098e+00    5.222740e+03
INFO:root:600    -5.742421e+00    1.275273e+00    -4.467148e+00    5.222740e+03
INFO:root:700    -5.746822e+00    1.278966e+00    -4.467856e+00    5.222740e+03
INFO:root:800    -5.826665e+00    1.357622e+00    -4.469043e+00    5.222740e+03
INFO:root:900    -5.843152e+00    1.372691e+00    -4.470460e+00    5.222740e+03
INFO:root:1000    -5.830385e+00    1.359683e+00    -4.470701e+00    5.222740e+03
INFO:root:1100    -5.723305e+00    1.255675e+00    -4.467630e+00    5.222740e+03
INFO:root:1200    -5.604759e+00    1.136421e+00    -4.468338e+00    5.222740e+03
INFO:root:1300    -5.614099e+00    1.146237e+00    -4.467862e+00    5.222740e+03
INFO:root:1400    -5.766186e+00    1.299977e+00    -4.466208e+00    5.222740e+03
INFO:root:1500    -5.855282e+00    1.389783e+00    -4.465500e+00    5.222740e+03
INFO:root:1600    -5.957174e+00    1.488358e+00    -4.468816e+00    5.222740e+03
INFO:root:1700    -5.726867e+00    1.258057e+00    -4.468810e+00    5.222740e+03
INFO:root:1800    -5.727234e+00    1.257716e+00    -4.469518e+00    5.222740e+03
INFO:root:1900    -5.851350e+00    1.381354e+00    -4.469996e+00    5.222740e+03
INFO:root:2000    -5.806380e+00    1.341588e+00    -4.464792e+00    5.222740e+03
INFO:root:2100    -5.679754e+00    1.218505e+00    -4.461250e+00    5.222740e+03
INFO:root:2200    -5.635888e+00    1.174876e+00    -4.461012e+00    5.222740e+03
INFO:root:2300    -5.622711e+00    1.157681e+00    -4.465030e+00    5.222740e+03
INFO:root:2400    -5.656251e+00    1.188384e+00    -4.467867e+00    5.222740e+03
INFO:root:2500    -5.772065e+00    1.306559e+00    -4.465505e+00    5.222740e+03
INFO:root:2600    -5.655036e+00    1.191190e+00    -4.463846e+00    5.222740e+03
INFO:root:2700    -5.726262e+00    1.265960e+00    -4.460302e+00    5.222740e+03
INFO:root:2800    -5.785053e+00    1.321206e+00    -4.463848e+00    5.222740e+03
INFO:root:2900    -5.744908e+00    1.279169e+00    -4.465738e+00    5.222740e+03
INFO:root:3000    -5.803055e+00    1.338260e+00    -4.464795e+00    5.222740e+03
INFO:root:3100    -5.734723e+00    1.272057e+00    -4.462666e+00    5.222740e+03
INFO:root:3200    -5.742340e+00    1.279437e+00    -4.462903e+00    5.222740e+03
INFO:root:3300    -5.773474e+00    1.309388e+00    -4.464085e+00    5.222740e+03
INFO:root:3400    -5.705864e+00    1.240125e+00    -4.465739e+00    5.222740e+03
INFO:root:3500    -5.715386e+00    1.250592e+00    -4.464793e+00    5.222740e+03
INFO:root:3600    -5.719873e+00    1.255548e+00    -4.464325e+00    5.222740e+03
INFO:root:3700    -5.673897e+00    1.209335e+00    -4.464562e+00    5.222740e+03
INFO:root:3800    -5.646294e+00    1.181969e+00    -4.464325e+00    5.222740e+03
INFO:root:3900    -5.745708e+00    1.279963e+00    -4.465744e+00    5.222740e+03
INFO:root:4000    -5.859653e+00    1.394618e+00    -4.465035e+00    5.222740e+03
INFO:root:4100    -5.666549e+00    1.202934e+00    -4.463615e+00    5.222740e+03
INFO:root:4200    -5.558501e+00    1.094412e+00    -4.464088e+00    5.222740e+03
INFO:root:4300    -5.721370e+00    1.258225e+00    -4.463144e+00    5.222740e+03
INFO:root:4400    -5.695301e+00    1.235470e+00    -4.459830e+00    5.222740e+03
INFO:root:4500    -5.743099e+00    1.280908e+00    -4.462191e+00    5.222740e+03
INFO:root:4600    -5.820558e+00    1.354584e+00    -4.465975e+00    5.222740e+03
INFO:root:4700    -5.813508e+00    1.344937e+00    -4.468571e+00    5.222740e+03
INFO:root:4800    -5.915261e+00    1.446215e+00    -4.469047e+00    5.222740e+03
INFO:root:4900    -5.797586e+00    1.329722e+00    -4.467864e+00    5.222740e+03
INFO:root:5000    -5.702753e+00    1.235600e+00    -4.467153e+00    5.222740e+03
INFO:root:5100    -5.796796e+00    1.329400e+00    -4.467395e+00    5.222740e+03
INFO:root:5200    -5.753495e+00    1.286107e+00    -4.467389e+00    5.222740e+03
INFO:root:5300    -5.787382e+00    1.324011e+00    -4.463371e+00    5.222740e+03
INFO:root:5400    -5.729747e+00    1.268031e+00    -4.461716e+00    5.222740e+03
INFO:root:5500    -5.771829e+00    1.307748e+00    -4.464080e+00    5.222740e+03
INFO:root:5600    -5.789050e+00    1.323079e+00    -4.465970e+00    5.222740e+03
INFO:root:5700    -5.826937e+00    1.358363e+00    -4.468574e+00    5.222740e+03
INFO:root:5800    -5.694313e+00    1.224557e+00    -4.469756e+00    5.222740e+03
INFO:root:5900    -5.661662e+00    1.197342e+00    -4.464320e+00    5.222740e+03
INFO:root:6000    -5.744031e+00    1.275220e+00    -4.468811e+00    5.222740e+03
INFO:root:6100    -5.776469e+00    1.306711e+00    -4.469758e+00    5.222740e+03
INFO:root:6200    -5.635043e+00    1.165055e+00    -4.469987e+00    5.222740e+03
INFO:root:6300    -5.773836e+00    1.307389e+00    -4.466447e+00    5.222740e+03
INFO:root:6400    -5.813996e+00    1.344004e+00    -4.469993e+00    5.222740e+03
INFO:root:6500    -5.846121e+00    1.378252e+00    -4.467869e+00    5.222740e+03
INFO:root:6600    -5.767510e+00    1.299881e+00    -4.467629e+00    5.222740e+03
INFO:root:6700    -5.828516e+00    1.360884e+00    -4.467632e+00    5.222740e+03
INFO:root:6800    -5.815284e+00    1.345527e+00    -4.469757e+00    5.222740e+03
INFO:root:6900    -5.780071e+00    1.309601e+00    -4.470470e+00    5.222740e+03
INFO:root:7000    -5.720906e+00    1.253035e+00    -4.467870e+00    5.222740e+03
INFO:root:7100    -5.710400e+00    1.244188e+00    -4.466212e+00    5.222740e+03
INFO:root:7200    -5.729354e+00    1.264322e+00    -4.465032e+00    5.222740e+03
INFO:root:7300    -5.702793e+00    1.238944e+00    -4.463849e+00    5.222740e+03
INFO:root:7400    -5.722784e+00    1.260351e+00    -4.462432e+00    5.222740e+03
INFO:root:7500    -5.861972e+00    1.396698e+00    -4.465274e+00    5.222740e+03
INFO:root:7600    -5.711328e+00    1.243695e+00    -4.467633e+00    5.222740e+03
INFO:root:7700    -5.671837e+00    1.203258e+00    -4.468580e+00    5.222740e+03
INFO:root:7800    -5.740475e+00    1.274497e+00    -4.465978e+00    5.222740e+03
INFO:root:7900    -5.778566e+00    1.315427e+00    -4.463140e+00    5.222740e+03
INFO:root:8000    -5.700196e+00    1.239660e+00    -4.460536e+00    5.222740e+03
INFO:root:8100    -5.788744e+00    1.326073e+00    -4.462671e+00    5.222740e+03
INFO:root:8200    -5.675667e+00    1.212999e+00    -4.462669e+00    5.222740e+03
INFO:root:8300    -5.638605e+00    1.171917e+00    -4.466688e+00    5.222740e+03
INFO:root:8400    -5.633944e+00    1.168913e+00    -4.465031e+00    5.222740e+03
INFO:root:8500    -5.699531e+00    1.233552e+00    -4.465979e+00    5.222740e+03
INFO:root:8600    -5.711523e+00    1.245073e+00    -4.466450e+00    5.222740e+03
INFO:root:8700    -5.657003e+00    1.189608e+00    -4.467395e+00    5.222740e+03
INFO:root:8800    -5.801973e+00    1.338356e+00    -4.463617e+00    5.222740e+03
INFO:root:8900    -5.817531e+00    1.354148e+00    -4.463383e+00    5.222740e+03
INFO:root:9000    -5.680137e+00    1.215575e+00    -4.464562e+00    5.222740e+03
INFO:root:9100    -5.692686e+00    1.229069e+00    -4.463617e+00    5.222740e+03
INFO:root:9200    -5.814040e+00    1.346637e+00    -4.467402e+00    5.222740e+03
INFO:root:9300    -5.685264e+00    1.219755e+00    -4.465509e+00    5.222740e+03
INFO:root:9400    -5.663210e+00    1.197940e+00    -4.465270e+00    5.222740e+03
INFO:root:9500    -5.770558e+00    1.302212e+00    -4.468345e+00    5.222740e+03
INFO:root:9600    -5.644135e+00    1.179575e+00    -4.464560e+00    5.222740e+03
INFO:root:9700    -5.709895e+00    1.246043e+00    -4.463852e+00    5.222740e+03
INFO:root:9800    -5.784513e+00    1.319718e+00    -4.464795e+00    5.222740e+03
INFO:root:9900    -5.802273e+00    1.335117e+00    -4.467156e+00    5.222740e+03
INFO:root:============================= SIMULATION =============================
INFO:root:Step       PotEng          KinEng          TotEng          Volume
INFO:root:0    -5.817449e+00    1.219552e+00    -4.597897e+00    5.222740e+03
INFO:root:100    -5.820925e+00    1.205674e+00    -4.615252e+00    5.222740e+03
INFO:root:200    -5.939281e+00    1.325209e+00    -4.614072e+00    5.222740e+03
INFO:root:300    -5.790457e+00    1.176861e+00    -4.613596e+00    5.222740e+03
INFO:root:400    -5.786347e+00    1.172046e+00    -4.614301e+00    5.222740e+03
INFO:root:500    -5.810104e+00    1.198400e+00    -4.611704e+00    5.222740e+03
INFO:root:600    -5.827602e+00    1.211167e+00    -4.616435e+00    5.222740e+03
INFO:root:700    -5.866174e+00    1.249736e+00    -4.616438e+00    5.222740e+03
INFO:root:800    -5.775938e+00    1.159503e+00    -4.616436e+00    5.222740e+03
INFO:root:900    -5.784330e+00    1.170258e+00    -4.614072e+00    5.222740e+03
INFO:root:1000    -5.768162e+00    1.153618e+00    -4.614544e+00    5.222740e+03
INFO:root:1100    -5.816505e+00    1.202905e+00    -4.613601e+00    5.222740e+03
INFO:root:1200    -5.809072e+00    1.195474e+00    -4.613598e+00    5.222740e+03
INFO:root:1300    -5.908202e+00    1.291763e+00    -4.616440e+00    5.222740e+03
INFO:root:1400    -5.859867e+00    1.242485e+00    -4.617383e+00    5.222740e+03
INFO:root:1500    -5.768262e+00    1.149460e+00    -4.618802e+00    5.222740e+03
INFO:root:1600    -5.742682e+00    1.123405e+00    -4.619277e+00    5.222740e+03
INFO:root:1700    -5.695104e+00    1.079845e+00    -4.615258e+00    5.222740e+03
INFO:root:1800    -5.789388e+00    1.172943e+00    -4.616445e+00    5.222740e+03
INFO:root:1900    -5.817986e+00    1.203673e+00    -4.614313e+00    5.222740e+03
INFO:root:2000    -5.816530e+00    1.203637e+00    -4.612893e+00    5.222740e+03
INFO:root:2100    -5.783343e+00    1.166903e+00    -4.616440e+00    5.222740e+03
INFO:root:2200    -5.816931e+00    1.198597e+00    -4.618333e+00    5.222740e+03
INFO:root:2300    -5.833850e+00    1.220716e+00    -4.613134e+00    5.222740e+03
INFO:root:2400    -5.743145e+00    1.130957e+00    -4.612188e+00    5.222740e+03
INFO:root:2500    -5.830885e+00    1.219873e+00    -4.611012e+00    5.222740e+03
INFO:root:2600    -5.761665e+00    1.152070e+00    -4.609595e+00    5.222740e+03
INFO:root:2700    -5.717729e+00    1.108133e+00    -4.609596e+00    5.222740e+03
INFO:root:2800    -5.759205e+00    1.150556e+00    -4.608649e+00    5.222740e+03
INFO:root:2900    -5.794605e+00    1.183117e+00    -4.611489e+00    5.222740e+03
INFO:root:3000    -5.736548e+00    1.124115e+00    -4.612433e+00    5.222740e+03
INFO:root:3100    -5.676103e+00    1.060597e+00    -4.615506e+00    5.222740e+03
INFO:root:3200    -5.746108e+00    1.128944e+00    -4.617165e+00    5.222740e+03
INFO:root:3300    -5.761033e+00    1.141979e+00    -4.619054e+00    5.222740e+03
INFO:root:3400    -5.791121e+00    1.173722e+00    -4.617398e+00    5.222740e+03
INFO:root:3500    -5.710052e+00    1.094785e+00    -4.615267e+00    5.222740e+03
INFO:root:3600    -5.725282e+00    1.112142e+00    -4.613140e+00    5.222740e+03
INFO:root:3700    -5.821991e+00    1.212164e+00    -4.609827e+00    5.222740e+03
INFO:root:3800    -5.806141e+00    1.197497e+00    -4.608644e+00    5.222740e+03
INFO:root:3900    -5.737225e+00    1.129530e+00    -4.607695e+00    5.222740e+03
INFO:root:4000    -5.795081e+00    1.182656e+00    -4.612425e+00    5.222740e+03
INFO:root:4100    -5.855235e+00    1.241393e+00    -4.613842e+00    5.222740e+03
INFO:root:4200    -5.828684e+00    1.211774e+00    -4.616910e+00    5.222740e+03
INFO:root:4300    -5.799881e+00    1.180368e+00    -4.619512e+00    5.222740e+03
INFO:root:4400    -5.703296e+00    1.088508e+00    -4.614788e+00    5.222740e+03
INFO:root:4500    -5.733285e+00    1.121571e+00    -4.611714e+00    5.222740e+03
INFO:root:4600    -5.754952e+00    1.141822e+00    -4.613130e+00    5.222740e+03
INFO:root:4700    -5.703647e+00    1.095720e+00    -4.607927e+00    5.222740e+03
INFO:root:4800    -5.806279e+00    1.195989e+00    -4.610290e+00    5.222740e+03
INFO:root:4900    -5.856573e+00    1.239189e+00    -4.617384e+00    5.222740e+03
INFO:root:5000    -5.809305e+00    1.194521e+00    -4.614784e+00    5.222740e+03
INFO:root:5100    -5.805913e+00    1.191364e+00    -4.614549e+00    5.222740e+03
INFO:root:5200    -5.809671e+00    1.195122e+00    -4.614550e+00    5.222740e+03
INFO:root:5300    -5.762692e+00    1.152637e+00    -4.610055e+00    5.222740e+03
INFO:root:5400    -5.708752e+00    1.098225e+00    -4.610527e+00    5.222740e+03
INFO:root:5500    -5.856143e+00    1.241594e+00    -4.614549e+00    5.222740e+03
INFO:root:5600    -5.846101e+00    1.226591e+00    -4.619510e+00    5.222740e+03
INFO:root:5700    -5.843051e+00    1.221413e+00    -4.621637e+00    5.222740e+03
INFO:root:5800    -5.913065e+00    1.295916e+00    -4.617150e+00    5.222740e+03
INFO:root:5900    -5.860864e+00    1.243003e+00    -4.617861e+00    5.222740e+03
INFO:root:6000    -5.713531e+00    1.097801e+00    -4.615730e+00    5.222740e+03
INFO:root:6100    -5.751070e+00    1.138414e+00    -4.612656e+00    5.222740e+03
INFO:root:6200    -5.780639e+00    1.166329e+00    -4.614310e+00    5.222740e+03
INFO:root:6300    -5.790615e+00    1.176779e+00    -4.613836e+00    5.222740e+03
INFO:root:6400    -5.786805e+00    1.169653e+00    -4.617151e+00    5.222740e+03
INFO:root:6500    -5.722765e+00    1.100889e+00    -4.621876e+00    5.222740e+03
INFO:root:6600    -5.766810e+00    1.149664e+00    -4.617147e+00    5.222740e+03
INFO:root:6700    -5.789112e+00    1.177404e+00    -4.611708e+00    5.222740e+03
INFO:root:6800    -5.807303e+00    1.195119e+00    -4.612184e+00    5.222740e+03
INFO:root:6900    -5.784622e+00    1.168658e+00    -4.615964e+00    5.222740e+03
INFO:root:7000    -5.867330e+00    1.250888e+00    -4.616442e+00    5.222740e+03
INFO:root:7100    -5.824638e+00    1.210330e+00    -4.614309e+00    5.222740e+03
INFO:root:7200    -5.856851e+00    1.246324e+00    -4.610527e+00    5.222740e+03
INFO:root:7300    -5.901830e+00    1.287278e+00    -4.614551e+00    5.222740e+03
INFO:root:7400    -5.683764e+00    1.073709e+00    -4.610055e+00    5.222740e+03
INFO:root:7500    -5.741423e+00    1.131132e+00    -4.610292e+00    5.222740e+03
INFO:root:7600    -5.861146e+00    1.248249e+00    -4.612897e+00    5.222740e+03
INFO:root:7700    -5.726086e+00    1.113429e+00    -4.612657e+00    5.222740e+03
INFO:root:7800    -5.721721e+00    1.110953e+00    -4.610769e+00    5.222740e+03
INFO:root:7900    -5.799800e+00    1.189500e+00    -4.610300e+00    5.222740e+03
INFO:root:8000    -5.745367e+00    1.136964e+00    -4.608404e+00    5.222740e+03
INFO:root:8100    -5.832202e+00    1.220012e+00    -4.612189e+00    5.222740e+03
INFO:root:8200    -5.836609e+00    1.215673e+00    -4.620936e+00    5.222740e+03
INFO:root:8300    -5.801295e+00    1.180596e+00    -4.620698e+00    5.222740e+03
INFO:root:8400    -5.755998e+00    1.137430e+00    -4.618568e+00    5.222740e+03
INFO:root:8500    -5.787249e+00    1.169863e+00    -4.617386e+00    5.222740e+03
INFO:root:8600    -5.859524e+00    1.238355e+00    -4.621170e+00    5.222740e+03
INFO:root:8700    -5.894497e+00    1.272141e+00    -4.622355e+00    5.222740e+03
INFO:root:8800    -5.769745e+00    1.152122e+00    -4.617623e+00    5.222740e+03
INFO:root:8900    -5.887702e+00    1.268656e+00    -4.619046e+00    5.222740e+03
INFO:root:9000    -5.929647e+00    1.307292e+00    -4.622355e+00    5.222740e+03
INFO:root:9100    -5.866863e+00    1.249474e+00    -4.617389e+00    5.222740e+03
INFO:root:9200    -5.821079e+00    1.201325e+00    -4.619754e+00    5.222740e+03
INFO:root:9300    -5.714448e+00    1.092569e+00    -4.621879e+00    5.222740e+03
INFO:root:9400    -5.856369e+00    1.238035e+00    -4.618333e+00    5.222740e+03
INFO:root:9500    -5.877368e+00    1.260692e+00    -4.616677e+00    5.222740e+03
INFO:root:9600    -5.840307e+00    1.226000e+00    -4.614308e+00    5.222740e+03
INFO:root:9700    -5.856376e+00    1.240884e+00    -4.615492e+00    5.222740e+03
INFO:root:9800    -5.790163e+00    1.177745e+00    -4.612418e+00    5.222740e+03
INFO:root:9900    -5.786415e+00    1.177073e+00    -4.609342e+00    5.222740e+03
INFO:root:10000    -5.796228e+00    1.183578e+00    -4.612650e+00    5.222740e+03
INFO:root:10100    -5.830799e+00    1.214128e+00    -4.616671e+00    5.222740e+03
INFO:root:10200    -5.825506e+00    1.208598e+00    -4.616907e+00    5.222740e+03
INFO:root:10300    -5.851523e+00    1.237452e+00    -4.614071e+00    5.222740e+03
INFO:root:10400    -5.893207e+00    1.274879e+00    -4.618327e+00    5.222740e+03
INFO:root:10500    -5.747251e+00    1.128223e+00    -4.619028e+00    5.222740e+03
INFO:root:10600    -5.804863e+00    1.184651e+00    -4.620211e+00    5.222740e+03
INFO:root:10700    -5.811445e+00    1.188397e+00    -4.623047e+00    5.222740e+03
INFO:root:10800    -5.828110e+00    1.205531e+00    -4.622580e+00    5.222740e+03
INFO:root:10900    -5.779487e+00    1.159747e+00    -4.619740e+00    5.222740e+03
INFO:root:11000    -5.791418e+00    1.171209e+00    -4.620209e+00    5.222740e+03
INFO:root:11100    -5.921344e+00    1.299003e+00    -4.622341e+00    5.222740e+03
INFO:root:11200    -5.801033e+00    1.180819e+00    -4.620213e+00    5.222740e+03
INFO:root:11300    -5.719718e+00    1.096907e+00    -4.622811e+00    5.222740e+03
INFO:root:11400    -5.896184e+00    1.276443e+00    -4.619740e+00    5.222740e+03
INFO:root:11500    -5.918578e+00    1.298601e+00    -4.619977e+00    5.222740e+03
INFO:root:11600    -5.852941e+00    1.237222e+00    -4.615720e+00    5.222740e+03
INFO:root:11700    -5.787484e+00    1.168458e+00    -4.619027e+00    5.222740e+03
INFO:root:11800    -5.881256e+00    1.263642e+00    -4.617614e+00    5.222740e+03
INFO:root:11900    -5.870947e+00    1.254990e+00    -4.615957e+00    5.222740e+03
INFO:root:12000    -5.859877e+00    1.242500e+00    -4.617376e+00    5.222740e+03
INFO:root:12100    -5.769438e+00    1.149229e+00    -4.620209e+00    5.222740e+03
INFO:root:12200    -5.842970e+00    1.223705e+00    -4.619265e+00    5.222740e+03
INFO:root:12300    -5.827180e+00    1.210753e+00    -4.616428e+00    5.222740e+03
INFO:root:12400    -5.738479e+00    1.122998e+00    -4.615481e+00    5.222740e+03
INFO:root:12500    -5.754977e+00    1.135944e+00    -4.619033e+00    5.222740e+03
INFO:root:12600    -5.732475e+00    1.117701e+00    -4.614774e+00    5.222740e+03
INFO:root:12700    -5.835232e+00    1.220697e+00    -4.614535e+00    5.222740e+03
INFO:root:12800    -5.874018e+00    1.259009e+00    -4.615010e+00    5.222740e+03
INFO:root:12900    -5.838732e+00    1.223012e+00    -4.615720e+00    5.222740e+03
INFO:root:13000    -5.730362e+00    1.115826e+00    -4.614536e+00    5.222740e+03
INFO:root:13100    -5.819057e+00    1.202390e+00    -4.616667e+00    5.222740e+03
INFO:root:13200    -5.926153e+00    1.311850e+00    -4.614303e+00    5.222740e+03
INFO:root:13300    -5.850390e+00    1.237505e+00    -4.612885e+00    5.222740e+03
INFO:root:13400    -5.712643e+00    1.103310e+00    -4.609333e+00    5.222740e+03
INFO:root:13500    -5.836025e+00    1.224794e+00    -4.611231e+00    5.222740e+03
INFO:root:13600    -5.722350e+00    1.103563e+00    -4.618787e+00    5.222740e+03
INFO:root:13700    -5.857268e+00    1.239189e+00    -4.618079e+00    5.222740e+03
INFO:root:13800    -5.868896e+00    1.253181e+00    -4.615715e+00    5.222740e+03
INFO:root:13900    -5.850249e+00    1.238318e+00    -4.611931e+00    5.222740e+03
INFO:root:14000    -5.716716e+00    1.105259e+00    -4.611457e+00    5.222740e+03
INFO:root:14100    -5.793324e+00    1.179265e+00    -4.614059e+00    5.222740e+03
INFO:root:14200    -5.828002e+00    1.210398e+00    -4.617603e+00    5.222740e+03
INFO:root:14300    -5.897418e+00    1.279574e+00    -4.617843e+00    5.222740e+03
INFO:root:14400    -5.840959e+00    1.223824e+00    -4.617135e+00    5.222740e+03
INFO:root:14500    -5.833621e+00    1.218138e+00    -4.615483e+00    5.222740e+03
INFO:root:14600    -5.752678e+00    1.140980e+00    -4.611698e+00    5.222740e+03
INFO:root:14700    -5.857848e+00    1.242601e+00    -4.615248e+00    5.222740e+03
INFO:root:14800    -5.726923e+00    1.110025e+00    -4.616897e+00    5.222740e+03
INFO:root:14900    -5.786159e+00    1.167601e+00    -4.618558e+00    5.222740e+03
INFO:root:15000    -5.893742e+00    1.277308e+00    -4.616433e+00    5.222740e+03
INFO:root:15100    -5.833196e+00    1.218421e+00    -4.614775e+00    5.222740e+03
INFO:root:15200    -5.853763e+00    1.239221e+00    -4.614542e+00    5.222740e+03
INFO:root:15300    -5.777719e+00    1.160340e+00    -4.617379e+00    5.222740e+03
INFO:root:15400    -5.655125e+00    1.041768e+00    -4.613357e+00    5.222740e+03
INFO:root:15500    -5.770308e+00    1.152929e+00    -4.617380e+00    5.222740e+03
INFO:root:15600    -5.802659e+00    1.185755e+00    -4.616905e+00    5.222740e+03
INFO:root:15700    -5.870425e+00    1.256826e+00    -4.613599e+00    5.222740e+03
INFO:root:15800    -5.849175e+00    1.237468e+00    -4.611707e+00    5.222740e+03
INFO:root:15900    -5.825465e+00    1.215882e+00    -4.609583e+00    5.222740e+03
INFO:root:16000    -5.800694e+00    1.188747e+00    -4.611947e+00    5.222740e+03
INFO:root:16100    -5.826003e+00    1.213584e+00    -4.612418e+00    5.222740e+03
INFO:root:16200    -5.778844e+00    1.161463e+00    -4.617382e+00    5.222740e+03
INFO:root:16300    -5.763721e+00    1.146343e+00    -4.617378e+00    5.222740e+03
INFO:root:16400    -5.851429e+00    1.232395e+00    -4.619034e+00    5.222740e+03
INFO:root:16500    -5.764633e+00    1.147250e+00    -4.617383e+00    5.222740e+03
INFO:root:16600    -5.756396e+00    1.139249e+00    -4.617147e+00    5.222740e+03
INFO:root:16700    -5.809178e+00    1.192034e+00    -4.617144e+00    5.222740e+03
INFO:root:16800    -5.836241e+00    1.220747e+00    -4.615494e+00    5.222740e+03
INFO:root:16900    -5.807739e+00    1.190828e+00    -4.616911e+00    5.222740e+03
INFO:root:17000    -5.823673e+00    1.205582e+00    -4.618091e+00    5.222740e+03
INFO:root:17100    -5.857963e+00    1.242704e+00    -4.615259e+00    5.222740e+03
INFO:root:17200    -5.760324e+00    1.143887e+00    -4.616436e+00    5.222740e+03
INFO:root:17300    -5.853698e+00    1.240805e+00    -4.612893e+00    5.222740e+03
INFO:root:17400    -5.935096e+00    1.321492e+00    -4.613605e+00    5.222740e+03
INFO:root:17500    -5.862376e+00    1.248061e+00    -4.614315e+00    5.222740e+03
INFO:root:17600    -5.739032e+00    1.123774e+00    -4.615258e+00    5.222740e+03
INFO:root:17700    -5.763025e+00    1.150606e+00    -4.612419e+00    5.222740e+03
INFO:root:17800    -5.852273e+00    1.238906e+00    -4.613366e+00    5.222740e+03
INFO:root:17900    -5.865533e+00    1.248383e+00    -4.617149e+00    5.222740e+03
INFO:root:18000    -5.797818e+00    1.183031e+00    -4.614787e+00    5.222740e+03
INFO:root:18100    -5.856951e+00    1.240504e+00    -4.616447e+00    5.222740e+03
INFO:root:18200    -5.806930e+00    1.190722e+00    -4.616208e+00    5.222740e+03
INFO:root:18300    -5.888262e+00    1.269217e+00    -4.619045e+00    5.222740e+03
INFO:root:18400    -5.846547e+00    1.229395e+00    -4.617152e+00    5.222740e+03
INFO:root:18500    -5.756943e+00    1.139794e+00    -4.617150e+00    5.222740e+03
INFO:root:18600    -5.898250e+00    1.282040e+00    -4.616210e+00    5.222740e+03
INFO:root:18700    -5.787121e+00    1.172809e+00    -4.614312e+00    5.222740e+03
INFO:root:18800    -5.832981e+00    1.216303e+00    -4.616678e+00    5.222740e+03
INFO:root:18900    -5.858492e+00    1.243232e+00    -4.615260e+00    5.222740e+03
INFO:root:19000    -5.733451e+00    1.119141e+00    -4.614310e+00    5.222740e+03
INFO:root:19100    -5.722845e+00    1.110188e+00    -4.612656e+00    5.222740e+03
INFO:root:19200    -5.824223e+00    1.211561e+00    -4.612662e+00    5.222740e+03
INFO:root:19300    -5.823877e+00    1.215002e+00    -4.608875e+00    5.222740e+03
INFO:root:19400    -5.884893e+00    1.272704e+00    -4.612189e+00    5.222740e+03
INFO:root:19500    -5.749272e+00    1.136137e+00    -4.613135e+00    5.222740e+03
INFO:root:19600    -5.765370e+00    1.149162e+00    -4.616209e+00    5.222740e+03
INFO:root:19700    -5.872251e+00    1.255332e+00    -4.616919e+00    5.222740e+03
INFO:root:19800    -5.749058e+00    1.136161e+00    -4.612897e+00    5.222740e+03
INFO:root:19900    -5.768959e+00    1.155586e+00    -4.613373e+00    5.222740e+03
INFO:root:20000    -5.743448e+00    1.126058e+00    -4.617390e+00    5.222740e+03
INFO:root:20100    -5.715708e+00    1.101865e+00    -4.613843e+00    5.222740e+03
INFO:root:20200    -5.802288e+00    1.188204e+00    -4.614085e+00    5.222740e+03
INFO:root:20300    -5.792258e+00    1.177228e+00    -4.615029e+00    5.222740e+03
INFO:root:20400    -5.805032e+00    1.192840e+00    -4.612192e+00    5.222740e+03
INFO:root:20500    -5.896060e+00    1.281738e+00    -4.614322e+00    5.222740e+03
INFO:root:20600    -5.789655e+00    1.175335e+00    -4.614320e+00    5.222740e+03
INFO:root:20700    -5.861143e+00    1.247529e+00    -4.613614e+00    5.222740e+03
INFO:root:20800    -5.750502e+00    1.136893e+00    -4.613610e+00    5.222740e+03
INFO:root:20900    -5.795567e+00    1.180064e+00    -4.615504e+00    5.222740e+03
INFO:root:21000    -5.890337e+00    1.274595e+00    -4.615742e+00    5.222740e+03
INFO:root:21100    -5.883248e+00    1.263958e+00    -4.619289e+00    5.222740e+03
INFO:root:21200    -5.855180e+00    1.234467e+00    -4.620714e+00    5.222740e+03
INFO:root:21300    -5.781773e+00    1.160589e+00    -4.621183e+00    5.222740e+03
INFO:root:21400    -5.826826e+00    1.207770e+00    -4.619056e+00    5.222740e+03
INFO:root:21500    -5.807864e+00    1.190467e+00    -4.617397e+00    5.222740e+03
INFO:root:21600    -5.881086e+00    1.264635e+00    -4.616451e+00    5.222740e+03
INFO:root:21700    -5.903392e+00    1.285994e+00    -4.617398e+00    5.222740e+03
INFO:root:21800    -5.759081e+00    1.140267e+00    -4.618814e+00    5.222740e+03
INFO:root:21900    -5.813368e+00    1.193843e+00    -4.619525e+00    5.222740e+03
INFO:root:22000    -5.849748e+00    1.228567e+00    -4.621181e+00    5.222740e+03
INFO:root:22100    -5.859490e+00    1.241151e+00    -4.618339e+00    5.222740e+03
INFO:root:22200    -5.934797e+00    1.314798e+00    -4.619998e+00    5.222740e+03
INFO:root:22300    -5.779940e+00    1.162785e+00    -4.617155e+00    5.222740e+03
INFO:root:22400    -5.850438e+00    1.232806e+00    -4.617632e+00    5.222740e+03
INFO:root:22500    -5.768879e+00    1.153136e+00    -4.615743e+00    5.222740e+03
INFO:root:22600    -5.858983e+00    1.237090e+00    -4.621893e+00    5.222740e+03
INFO:root:22700    -5.874706e+00    1.255181e+00    -4.619525e+00    5.222740e+03
INFO:root:22800    -5.782519e+00    1.169616e+00    -4.612903e+00    5.222740e+03
INFO:root:22900    -5.808722e+00    1.196053e+00    -4.612669e+00    5.222740e+03
INFO:root:23000    -5.877590e+00    1.263977e+00    -4.613613e+00    5.222740e+03
INFO:root:23100    -5.821449e+00    1.208547e+00    -4.612902e+00    5.222740e+03
INFO:root:23200    -5.771871e+00    1.161568e+00    -4.610303e+00    5.222740e+03
INFO:root:23300    -5.692280e+00    1.081977e+00    -4.610303e+00    5.222740e+03
INFO:root:23400    -5.714167e+00    1.100793e+00    -4.613375e+00    5.222740e+03
INFO:root:23500    -5.925886e+00    1.306836e+00    -4.619050e+00    5.222740e+03
INFO:root:23600    -5.905344e+00    1.289602e+00    -4.615743e+00    5.222740e+03
INFO:root:23700    -5.782485e+00    1.163908e+00    -4.618577e+00    5.222740e+03
INFO:root:23800    -5.861844e+00    1.245157e+00    -4.616687e+00    5.222740e+03
INFO:root:23900    -5.804484e+00    1.188273e+00    -4.616210e+00    5.222740e+03
INFO:root:24000    -5.801007e+00    1.183140e+00    -4.617867e+00    5.222740e+03
INFO:root:24100    -5.860272e+00    1.240751e+00    -4.619521e+00    5.222740e+03
INFO:root:24200    -5.844336e+00    1.223397e+00    -4.620939e+00    5.222740e+03
INFO:root:24300    -5.760810e+00    1.143414e+00    -4.617396e+00    5.222740e+03
INFO:root:24400    -5.725238e+00    1.109972e+00    -4.615266e+00    5.222740e+03
INFO:root:24500    -5.821190e+00    1.205449e+00    -4.615741e+00    5.222740e+03
INFO:root:24600    -5.829759e+00    1.214020e+00    -4.615739e+00    5.222740e+03
INFO:root:24700    -5.775764e+00    1.162626e+00    -4.613138e+00    5.222740e+03
INFO:root:24800    -5.770484e+00    1.159236e+00    -4.611248e+00    5.222740e+03
INFO:root:24900    -5.812151e+00    1.202319e+00    -4.609831e+00    5.222740e+03
INFO:root:25000    -5.826310e+00    1.214352e+00    -4.611958e+00    5.222740e+03
INFO:root:25100    -5.830457e+00    1.215660e+00    -4.614797e+00    5.222740e+03
INFO:root:25200    -5.767690e+00    1.154312e+00    -4.613377e+00    5.222740e+03
INFO:root:25300    -5.773239e+00    1.159622e+00    -4.613617e+00    5.222740e+03
INFO:root:25400    -5.720556e+00    1.107884e+00    -4.612672e+00    5.222740e+03
INFO:root:25500    -5.737162e+00    1.123541e+00    -4.613621e+00    5.222740e+03
INFO:root:25600    -5.772122e+00    1.160159e+00    -4.611963e+00    5.222740e+03
INFO:root:25700    -5.813448e+00    1.201486e+00    -4.611963e+00    5.222740e+03
INFO:root:25800    -5.930774e+00    1.318101e+00    -4.612673e+00    5.222740e+03
INFO:root:25900    -5.764607e+00    1.148397e+00    -4.616210e+00    5.222740e+03
INFO:root:26000    -5.833067e+00    1.213778e+00    -4.619289e+00    5.222740e+03
INFO:root:26100    -5.798158e+00    1.180054e+00    -4.618104e+00    5.222740e+03
INFO:root:26200    -5.720246e+00    1.100963e+00    -4.619283e+00    5.222740e+03
INFO:root:26300    -5.849713e+00    1.230897e+00    -4.618816e+00    5.222740e+03
INFO:root:26400    -5.758697e+00    1.137048e+00    -4.621649e+00    5.222740e+03
INFO:root:26500    -5.758361e+00    1.134581e+00    -4.623780e+00    5.222740e+03
INFO:root:26600    -5.815321e+00    1.194613e+00    -4.620708e+00    5.222740e+03
INFO:root:26700    -5.814849e+00    1.196978e+00    -4.617870e+00    5.222740e+03
INFO:root:26800    -5.779543e+00    1.164274e+00    -4.615269e+00    5.222740e+03
INFO:root:26900    -5.828532e+00    1.212791e+00    -4.615741e+00    5.222740e+03
INFO:root:27000    -5.831995e+00    1.219800e+00    -4.612194e+00    5.222740e+03
INFO:root:27100    -5.690427e+00    1.084382e+00    -4.606045e+00    5.222740e+03
INFO:root:27200    -5.812804e+00    1.205812e+00    -4.606992e+00    5.222740e+03
INFO:root:27300    -5.886888e+00    1.277534e+00    -4.609354e+00    5.222740e+03
INFO:root:27400    -5.814238e+00    1.205591e+00    -4.608647e+00    5.222740e+03
INFO:root:27500    -5.730757e+00    1.119983e+00    -4.610773e+00    5.222740e+03
INFO:root:27600    -5.848779e+00    1.234460e+00    -4.614319e+00    5.222740e+03
INFO:root:27700    -5.853004e+00    1.239867e+00    -4.613137e+00    5.222740e+03
INFO:root:27800    -5.774233e+00    1.158028e+00    -4.616205e+00    5.222740e+03
INFO:root:27900    -5.829312e+00    1.211215e+00    -4.618097e+00    5.222740e+03
INFO:root:28000    -5.809279e+00    1.191653e+00    -4.617626e+00    5.222740e+03
INFO:root:28100    -5.904500e+00    1.287580e+00    -4.616920e+00    5.222740e+03
INFO:root:28200    -5.853201e+00    1.240070e+00    -4.613131e+00    5.222740e+03
INFO:root:28300    -5.851052e+00    1.237920e+00    -4.613132e+00    5.222740e+03
INFO:root:28400    -5.860416e+00    1.247047e+00    -4.613369e+00    5.222740e+03
INFO:root:28500    -5.778517e+00    1.166804e+00    -4.611713e+00    5.222740e+03
INFO:root:28600    -5.792223e+00    1.181457e+00    -4.610766e+00    5.222740e+03
INFO:root:28700    -5.814421e+00    1.202236e+00    -4.612185e+00    5.222740e+03
INFO:root:28800    -5.731681e+00    1.117607e+00    -4.614074e+00    5.222740e+03
INFO:root:28900    -5.790238e+00    1.172143e+00    -4.618094e+00    5.222740e+03
INFO:root:29000    -5.777664e+00    1.158862e+00    -4.618802e+00    5.222740e+03
INFO:root:29100    -5.732206e+00    1.115534e+00    -4.616672e+00    5.222740e+03
INFO:root:29200    -5.790234e+00    1.178288e+00    -4.611946e+00    5.222740e+03
INFO:root:29300    -5.781031e+00    1.169083e+00    -4.611948e+00    5.222740e+03
INFO:root:29400    -5.843231e+00    1.228206e+00    -4.615025e+00    5.222740e+03
INFO:root:29500    -5.753953e+00    1.135857e+00    -4.618096e+00    5.222740e+03
INFO:root:29600    -5.865146e+00    1.245863e+00    -4.619282e+00    5.222740e+03
INFO:root:29700    -5.878262e+00    1.257798e+00    -4.620464e+00    5.222740e+03
INFO:root:29800    -5.771472e+00    1.156212e+00    -4.615261e+00    5.222740e+03
INFO:root:29900    -5.902260e+00    1.283924e+00    -4.618336e+00    5.222740e+03
INFO:root:30000    -5.856886e+00    1.238792e+00    -4.618094e+00    5.222740e+03
INFO:root:30100    -5.842327e+00    1.226121e+00    -4.616205e+00    5.222740e+03
INFO:root:30200    -5.931151e+00    1.321087e+00    -4.610064e+00    5.222740e+03
INFO:root:30300    -5.800387e+00    1.188436e+00    -4.611952e+00    5.222740e+03
INFO:root:30400    -5.818646e+00    1.205038e+00    -4.613608e+00    5.222740e+03
INFO:root:30500    -5.847450e+00    1.232427e+00    -4.615023e+00    5.222740e+03
INFO:root:30600    -5.828779e+00    1.210912e+00    -4.617867e+00    5.222740e+03
INFO:root:30700    -5.799840e+00    1.178668e+00    -4.621172e+00    5.222740e+03
INFO:root:30800    -5.888988e+00    1.274905e+00    -4.614082e+00    5.222740e+03
INFO:root:30900    -5.765150e+00    1.150598e+00    -4.614552e+00    5.222740e+03
INFO:root:31000    -5.850762e+00    1.235732e+00    -4.615030e+00    5.222740e+03
INFO:root:31100    -5.785126e+00    1.169624e+00    -4.615502e+00    5.222740e+03
INFO:root:31200    -5.783182e+00    1.167914e+00    -4.615268e+00    5.222740e+03
INFO:root:31300    -5.808869e+00    1.192181e+00    -4.616688e+00    5.222740e+03
INFO:root:31400    -5.879095e+00    1.262404e+00    -4.616691e+00    5.222740e+03
INFO:root:31500    -5.787827e+00    1.172793e+00    -4.615034e+00    5.222740e+03
INFO:root:31600    -5.691609e+00    1.078941e+00    -4.612668e+00    5.222740e+03
INFO:root:31700    -5.864682e+00    1.251773e+00    -4.612909e+00    5.222740e+03
INFO:root:31800    -5.918854e+00    1.304999e+00    -4.613854e+00    5.222740e+03
INFO:root:31900    -5.765413e+00    1.155342e+00    -4.610071e+00    5.222740e+03
INFO:root:32000    -5.820048e+00    1.207369e+00    -4.612679e+00    5.222740e+03
INFO:root:32100    -5.793376e+00    1.176212e+00    -4.617165e+00    5.222740e+03
INFO:root:32200    -5.758338e+00    1.139519e+00    -4.618819e+00    5.222740e+03
INFO:root:32300    -5.730303e+00    1.114322e+00    -4.615981e+00    5.222740e+03
INFO:root:32400    -5.822511e+00    1.201566e+00    -4.620945e+00    5.222740e+03
INFO:root:32500    -5.895665e+00    1.277081e+00    -4.618584e+00    5.222740e+03
INFO:root:32600    -5.792066e+00    1.172069e+00    -4.619996e+00    5.222740e+03
INFO:root:32700    -5.845123e+00    1.225833e+00    -4.619290e+00    5.222740e+03
INFO:root:32800    -5.872888e+00    1.254782e+00    -4.618106e+00    5.222740e+03
INFO:root:32900    -5.875008e+00    1.254297e+00    -4.620711e+00    5.222740e+03
INFO:root:33000    -5.770252e+00    1.149543e+00    -4.620710e+00    5.222740e+03
INFO:root:33100    -5.798982e+00    1.182761e+00    -4.616221e+00    5.222740e+03
INFO:root:33200    -5.741824e+00    1.127728e+00    -4.614095e+00    5.222740e+03
INFO:root:33300    -5.613969e+00    1.003666e+00    -4.610303e+00    5.222740e+03
INFO:root:33400    -5.842539e+00    1.230810e+00    -4.611729e+00    5.222740e+03
INFO:root:33500    -5.907075e+00    1.293693e+00    -4.613381e+00    5.222740e+03
INFO:root:33600    -5.841202e+00    1.231602e+00    -4.609599e+00    5.222740e+03
INFO:root:33700    -5.809265e+00    1.196830e+00    -4.612436e+00    5.222740e+03
INFO:root:33800    -5.952675e+00    1.342836e+00    -4.609840e+00    5.222740e+03
INFO:root:33900    -5.859393e+00    1.244832e+00    -4.614561e+00    5.222740e+03
INFO:root:34000    -5.789400e+00    1.169638e+00    -4.619762e+00    5.222740e+03
INFO:root:34100    -5.712779e+00    1.095381e+00    -4.617397e+00    5.222740e+03
INFO:root:34200    -5.798778e+00    1.178304e+00    -4.620475e+00    5.222740e+03
INFO:root:34300    -5.830476e+00    1.209297e+00    -4.621180e+00    5.222740e+03
INFO:root:34400    -5.882176e+00    1.262411e+00    -4.619765e+00    5.222740e+03
INFO:root:34500    -5.739925e+00    1.122999e+00    -4.616926e+00    5.222740e+03
INFO:root:34600    -5.779969e+00    1.163752e+00    -4.616217e+00    5.222740e+03
INFO:root:34700    -5.852240e+00    1.235074e+00    -4.617166e+00    5.222740e+03
INFO:root:34800    -5.783663e+00    1.166027e+00    -4.617636e+00    5.222740e+03
INFO:root:34900    -5.901041e+00    1.285294e+00    -4.615746e+00    5.222740e+03
INFO:root:35000    -5.797971e+00    1.178680e+00    -4.619291e+00    5.222740e+03
INFO:root:35100    -5.682604e+00    1.066620e+00    -4.615983e+00    5.222740e+03
INFO:root:35200    -5.682363e+00    1.070399e+00    -4.611965e+00    5.222740e+03
INFO:root:35300    -5.685867e+00    1.076974e+00    -4.608892e+00    5.222740e+03
INFO:root:35400    -5.773153e+00    1.162368e+00    -4.610786e+00    5.222740e+03
INFO:root:35500    -5.699881e+00    1.090988e+00    -4.608892e+00    5.222740e+03
INFO:root:35600    -5.677335e+00    1.066083e+00    -4.611253e+00    5.222740e+03
INFO:root:35700    -5.827627e+00    1.211882e+00    -4.615745e+00    5.222740e+03
INFO:root:35800    -5.869340e+00    1.253832e+00    -4.615508e+00    5.222740e+03
INFO:root:35900    -5.891036e+00    1.271981e+00    -4.619055e+00    5.222740e+03
INFO:root:36000    -5.885056e+00    1.264580e+00    -4.620476e+00    5.222740e+03
INFO:root:36100    -5.874604e+00    1.259093e+00    -4.615511e+00    5.222740e+03
INFO:root:36200    -5.830081e+00    1.215042e+00    -4.615039e+00    5.222740e+03
INFO:root:36300    -5.821549e+00    1.203909e+00    -4.617640e+00    5.222740e+03
INFO:root:36400    -5.816491e+00    1.198853e+00    -4.617638e+00    5.222740e+03
INFO:root:36500    -5.789667e+00    1.173208e+00    -4.616459e+00    5.222740e+03
INFO:root:36600    -5.767147e+00    1.149507e+00    -4.617640e+00    5.222740e+03
INFO:root:36700    -5.775771e+00    1.160261e+00    -4.615510e+00    5.222740e+03
INFO:root:36800    -5.777933e+00    1.165261e+00    -4.612671e+00    5.222740e+03
INFO:root:36900    -5.798766e+00    1.188221e+00    -4.610545e+00    5.222740e+03
INFO:root:37000    -5.797216e+00    1.187851e+00    -4.609365e+00    5.222740e+03
INFO:root:37100    -5.763835e+00    1.154234e+00    -4.609601e+00    5.222740e+03
INFO:root:37200    -5.833119e+00    1.222100e+00    -4.611019e+00    5.222740e+03
INFO:root:37300    -5.853878e+00    1.243336e+00    -4.610542e+00    5.222740e+03
INFO:root:37400    -5.858595e+00    1.248524e+00    -4.610071e+00    5.222740e+03
INFO:root:37500    -5.753781e+00    1.148436e+00    -4.605345e+00    5.222740e+03
INFO:root:37600    -5.687058e+00    1.075332e+00    -4.611727e+00    5.222740e+03
INFO:root:37700    -5.743396e+00    1.131197e+00    -4.612198e+00    5.222740e+03
INFO:root:37800    -5.875684e+00    1.266322e+00    -4.609363e+00    5.222740e+03
INFO:root:37900    -5.914305e+00    1.302815e+00    -4.611490e+00    5.222740e+03
INFO:root:38000    -5.875569e+00    1.258878e+00    -4.616691e+00    5.222740e+03
INFO:root:38100    -5.806280e+00    1.189825e+00    -4.616455e+00    5.222740e+03
INFO:root:38200    -5.771008e+00    1.157389e+00    -4.613619e+00    5.222740e+03
INFO:root:38300    -5.782825e+00    1.170151e+00    -4.612674e+00    5.222740e+03
INFO:root:38400    -5.800927e+00    1.190381e+00    -4.610546e+00    5.222740e+03
INFO:root:38500    -5.840922e+00    1.231789e+00    -4.609133e+00    5.222740e+03
INFO:root:38600    -5.713544e+00    1.103944e+00    -4.609600e+00    5.222740e+03
INFO:root:38700    -5.792870e+00    1.182794e+00    -4.610076e+00    5.222740e+03
INFO:root:38800    -5.872064e+00    1.261989e+00    -4.610076e+00    5.222740e+03
INFO:root:38900    -5.919690e+00    1.309853e+00    -4.609837e+00    5.222740e+03
INFO:root:39000    -5.845825e+00    1.234335e+00    -4.611490e+00    5.222740e+03
INFO:root:39100    -5.768130e+00    1.153095e+00    -4.615035e+00    5.222740e+03
INFO:root:39200    -5.871485e+00    1.256214e+00    -4.615271e+00    5.222740e+03
INFO:root:39300    -5.801682e+00    1.185706e+00    -4.615976e+00    5.222740e+03
INFO:root:39400    -5.795737e+00    1.179996e+00    -4.615741e+00    5.222740e+03
INFO:root:39500    -5.706654e+00    1.092808e+00    -4.613845e+00    5.222740e+03
INFO:root:39600    -5.784646e+00    1.169143e+00    -4.615503e+00    5.222740e+03
INFO:root:39700    -5.738510e+00    1.124190e+00    -4.614320e+00    5.222740e+03
INFO:root:39800    -5.819120e+00    1.203145e+00    -4.615975e+00    5.222740e+03
INFO:root:39900    -5.874523e+00    1.257833e+00    -4.616690e+00    5.222740e+03
INFO:root:40000    -5.766962e+00    1.152167e+00    -4.614796e+00    5.222740e+03
INFO:root:40100    -5.825425e+00    1.212523e+00    -4.612902e+00    5.222740e+03
INFO:root:40200    -5.893361e+00    1.279753e+00    -4.613608e+00    5.222740e+03
INFO:root:40300    -5.917949e+00    1.305760e+00    -4.612189e+00    5.222740e+03
INFO:root:40400    -5.803297e+00    1.192768e+00    -4.610530e+00    5.222740e+03
INFO:root:40500    -5.768221e+00    1.157452e+00    -4.610769e+00    5.222740e+03
INFO:root:40600    -5.707697e+00    1.100472e+00    -4.607225e+00    5.222740e+03
INFO:root:40700    -5.691371e+00    1.085800e+00    -4.605572e+00    5.222740e+03
INFO:root:40800    -5.750472e+00    1.143718e+00    -4.606754e+00    5.222740e+03
INFO:root:40900    -5.742468e+00    1.138314e+00    -4.604154e+00    5.222740e+03
INFO:root:41000    -5.677495e+00    1.071926e+00    -4.605569e+00    5.222740e+03
INFO:root:41100    -5.779259e+00    1.169195e+00    -4.610065e+00    5.222740e+03
INFO:root:41200    -5.855716e+00    1.235959e+00    -4.619757e+00    5.222740e+03
INFO:root:41300    -5.795095e+00    1.182191e+00    -4.612904e+00    5.222740e+03
INFO:root:41400    -5.681152e+00    1.065886e+00    -4.615266e+00    5.222740e+03
INFO:root:41500    -5.705559e+00    1.089589e+00    -4.615971e+00    5.222740e+03
INFO:root:41600    -5.850769e+00    1.229594e+00    -4.621175e+00    5.222740e+03
INFO:root:41700    -5.825483e+00    1.204782e+00    -4.620700e+00    5.222740e+03
INFO:root:41800    -5.718724e+00    1.104646e+00    -4.614078e+00    5.222740e+03
INFO:root:41900    -5.835087e+00    1.214860e+00    -4.620228e+00    5.222740e+03
INFO:root:42000    -5.858768e+00    1.239725e+00    -4.619043e+00    5.222740e+03
INFO:root:42100    -5.790799e+00    1.175541e+00    -4.615258e+00    5.222740e+03
INFO:root:42200    -5.856056e+00    1.242919e+00    -4.613136e+00    5.222740e+03
INFO:root:42300    -5.708479e+00    1.094642e+00    -4.613837e+00    5.222740e+03
INFO:root:42400    -5.813823e+00    1.201159e+00    -4.612664e+00    5.222740e+03
INFO:root:42500    -5.759706e+00    1.149885e+00    -4.609821e+00    5.222740e+03
INFO:root:42600    -5.738341e+00    1.126628e+00    -4.611714e+00    5.222740e+03
INFO:root:42700    -5.772279e+00    1.161982e+00    -4.610297e+00    5.222740e+03
INFO:root:42800    -5.780566e+00    1.170745e+00    -4.609821e+00    5.222740e+03
INFO:root:42900    -5.808031e+00    1.192536e+00    -4.615495e+00    5.222740e+03
INFO:root:43000    -5.737827e+00    1.123514e+00    -4.614313e+00    5.222740e+03
INFO:root:43100    -5.747132e+00    1.131166e+00    -4.615966e+00    5.222740e+03
INFO:root:43200    -5.806400e+00    1.188304e+00    -4.618096e+00    5.222740e+03
INFO:root:43300    -5.762172e+00    1.149513e+00    -4.612660e+00    5.222740e+03
INFO:root:43400    -5.750999e+00    1.136920e+00    -4.614079e+00    5.222740e+03
INFO:root:43500    -5.757469e+00    1.144808e+00    -4.612660e+00    5.222740e+03
INFO:root:43600    -5.706188e+00    1.094473e+00    -4.611715e+00    5.222740e+03
INFO:root:43700    -5.754814e+00    1.144280e+00    -4.610534e+00    5.222740e+03
INFO:root:43800    -5.743126e+00    1.135901e+00    -4.607225e+00    5.222740e+03
INFO:root:43900    -5.798140e+00    1.187604e+00    -4.610535e+00    5.222740e+03
INFO:root:44000    -5.762058e+00    1.151526e+00    -4.610532e+00    5.222740e+03
INFO:root:44100    -5.785284e+00    1.177349e+00    -4.607935e+00    5.222740e+03
INFO:root:44200    -5.732215e+00    1.125701e+00    -4.606514e+00    5.222740e+03
INFO:root:44300    -5.807247e+00    1.197423e+00    -4.609825e+00    5.222740e+03
INFO:root:44400    -5.845339e+00    1.232202e+00    -4.613137e+00    5.222740e+03
INFO:root:44500    -5.780008e+00    1.164982e+00    -4.615027e+00    5.222740e+03
INFO:root:44600    -5.779358e+00    1.165039e+00    -4.614319e+00    5.222740e+03
INFO:root:44700    -5.790170e+00    1.174670e+00    -4.615500e+00    5.222740e+03
INFO:root:44800    -5.676684e+00    1.061184e+00    -4.615500e+00    5.222740e+03
INFO:root:44900    -5.772721e+00    1.165726e+00    -4.606994e+00    5.222740e+03
INFO:root:45000    -5.734796e+00    1.129222e+00    -4.605574e+00    5.222740e+03
INFO:root:45100    -5.756502e+00    1.145253e+00    -4.611249e+00    5.222740e+03
INFO:root:45200    -5.781486e+00    1.169768e+00    -4.611718e+00    5.222740e+03
INFO:root:45300    -5.745225e+00    1.135399e+00    -4.609827e+00    5.222740e+03
INFO:root:45400    -5.747070e+00    1.136770e+00    -4.610300e+00    5.222740e+03
INFO:root:45500    -5.767638e+00    1.155205e+00    -4.612432e+00    5.222740e+03
INFO:root:45600    -5.773577e+00    1.163751e+00    -4.609826e+00    5.222740e+03
INFO:root:45700    -5.819887e+00    1.209824e+00    -4.610063e+00    5.222740e+03
INFO:root:45800    -5.684866e+00    1.073387e+00    -4.611480e+00    5.222740e+03
INFO:root:45900    -5.725318e+00    1.117143e+00    -4.608175e+00    5.222740e+03
INFO:root:46000    -5.726447e+00    1.120164e+00    -4.606283e+00    5.222740e+03
INFO:root:46100    -5.796660e+00    1.188484e+00    -4.608176e+00    5.222740e+03
INFO:root:46200    -5.742215e+00    1.131915e+00    -4.610300e+00    5.222740e+03
INFO:root:46300    -5.714758e+00    1.105640e+00    -4.609118e+00    5.222740e+03
INFO:root:46400    -5.631606e+00    1.021075e+00    -4.610532e+00    5.222740e+03
INFO:root:46500    -5.824890e+00    1.213172e+00    -4.611718e+00    5.222740e+03
INFO:root:46600    -5.857407e+00    1.241674e+00    -4.615733e+00    5.222740e+03
INFO:root:46700    -5.806991e+00    1.190312e+00    -4.616678e+00    5.222740e+03
INFO:root:46800    -5.796373e+00    1.181114e+00    -4.615260e+00    5.222740e+03
INFO:root:46900    -5.833398e+00    1.222626e+00    -4.610772e+00    5.222740e+03
INFO:root:47000    -5.729054e+00    1.117815e+00    -4.611239e+00    5.222740e+03
INFO:root:47100    -5.755792e+00    1.144318e+00    -4.611475e+00    5.222740e+03
INFO:root:47200    -5.828375e+00    1.217609e+00    -4.610766e+00    5.222740e+03
INFO:root:47300    -5.871531e+00    1.258401e+00    -4.613130e+00    5.222740e+03
INFO:root:47400    -5.779202e+00    1.166075e+00    -4.613127e+00    5.222740e+03
INFO:root:47500    -5.782102e+00    1.171336e+00    -4.610767e+00    5.222740e+03
INFO:root:47600    -5.845325e+00    1.229123e+00    -4.616202e+00    5.222740e+03
INFO:root:47700    -5.883398e+00    1.267432e+00    -4.615966e+00    5.222740e+03
INFO:root:47800    -5.823030e+00    1.206586e+00    -4.616443e+00    5.222740e+03
INFO:root:47900    -5.773668e+00    1.156278e+00    -4.617390e+00    5.222740e+03
INFO:root:48000    -5.758597e+00    1.141211e+00    -4.617386e+00    5.222740e+03
INFO:root:48100    -5.928084e+00    1.308802e+00    -4.619282e+00    5.222740e+03
INFO:root:48200    -5.880432e+00    1.263276e+00    -4.617157e+00    5.222740e+03
INFO:root:48300    -5.708004e+00    1.094631e+00    -4.613373e+00    5.222740e+03
INFO:root:48400    -5.839791e+00    1.226416e+00    -4.613374e+00    5.222740e+03
INFO:root:48500    -5.831086e+00    1.216767e+00    -4.614318e+00    5.222740e+03
INFO:root:48600    -5.792926e+00    1.175774e+00    -4.617152e+00    5.222740e+03
INFO:root:48700    -5.837354e+00    1.227292e+00    -4.610062e+00    5.222740e+03
INFO:root:48800    -5.669534e+00    1.061134e+00    -4.608400e+00    5.222740e+03
INFO:root:48900    -5.701174e+00    1.092298e+00    -4.608876e+00    5.222740e+03
INFO:root:49000    -5.824053e+00    1.209267e+00    -4.614787e+00    5.222740e+03
INFO:root:49100    -5.779034e+00    1.167087e+00    -4.611946e+00    5.222740e+03
INFO:root:49200    -5.804699e+00    1.189440e+00    -4.615259e+00    5.222740e+03
INFO:root:49300    -5.782661e+00    1.164327e+00    -4.618334e+00    5.222740e+03
INFO:root:49400    -5.854010e+00    1.236385e+00    -4.617625e+00    5.222740e+03
INFO:root:49500    -5.806795e+00    1.190821e+00    -4.615974e+00    5.222740e+03
INFO:root:49600    -5.743018e+00    1.125865e+00    -4.617153e+00    5.222740e+03
INFO:root:49700    -5.864184e+00    1.243954e+00    -4.620230e+00    5.222740e+03
INFO:root:49800    -5.803987e+00    1.189667e+00    -4.614320e+00    5.222740e+03
INFO:root:49900    -5.807871e+00    1.196628e+00    -4.611243e+00    5.222740e+03
INFO:root:50000    -5.928100e+00    1.313781e+00    -4.614319e+00    5.222740e+03
INFO:root:50100    -5.815865e+00    1.200603e+00    -4.615262e+00    5.222740e+03
INFO:root:50200    -5.703666e+00    1.092185e+00    -4.611481e+00    5.222740e+03
INFO:root:50300    -5.832593e+00    1.217090e+00    -4.615503e+00    5.222740e+03
INFO:root:50400    -5.839238e+00    1.220192e+00    -4.619046e+00    5.222740e+03
INFO:root:50500    -5.755228e+00    1.136656e+00    -4.618572e+00    5.222740e+03
INFO:root:50600    -5.804682e+00    1.185636e+00    -4.619047e+00    5.222740e+03
INFO:root:50700    -5.815742e+00    1.193624e+00    -4.622119e+00    5.222740e+03
INFO:root:50800    -5.831426e+00    1.212378e+00    -4.619048e+00    5.222740e+03
INFO:root:50900    -5.789442e+00    1.169215e+00    -4.620227e+00    5.222740e+03
INFO:root:51000    -5.908093e+00    1.289519e+00    -4.618575e+00    5.222740e+03
INFO:root:51100    -5.813445e+00    1.195346e+00    -4.618100e+00    5.222740e+03
INFO:root:51200    -5.796672e+00    1.179517e+00    -4.617154e+00    5.222740e+03
INFO:root:51300    -5.872927e+00    1.253881e+00    -4.619047e+00    5.222740e+03
INFO:root:51400    -5.832203e+00    1.211503e+00    -4.620700e+00    5.222740e+03
INFO:root:51500    -5.865659e+00    1.247791e+00    -4.617868e+00    5.222740e+03
INFO:root:51600    -5.769461e+00    1.151598e+00    -4.617863e+00    5.222740e+03
INFO:root:51700    -5.888460e+00    1.272247e+00    -4.616213e+00    5.222740e+03
INFO:root:51800    -5.858089e+00    1.237857e+00    -4.620231e+00    5.222740e+03
INFO:root:51900    -5.721094e+00    1.104414e+00    -4.616679e+00    5.222740e+03
INFO:root:52000    -5.840703e+00    1.227327e+00    -4.613376e+00    5.222740e+03
INFO:root:52100    -5.790164e+00    1.175608e+00    -4.614556e+00    5.222740e+03
INFO:root:52200    -5.853745e+00    1.236826e+00    -4.616919e+00    5.222740e+03
INFO:root:52300    -5.860031e+00    1.243585e+00    -4.616446e+00    5.222740e+03
INFO:root:52400    -5.927681e+00    1.310760e+00    -4.616921e+00    5.222740e+03
INFO:root:52500    -5.819275e+00    1.206375e+00    -4.612900e+00    5.222740e+03
INFO:root:52600    -5.808392e+00    1.191943e+00    -4.616449e+00    5.222740e+03
INFO:root:52700    -5.809578e+00    1.196911e+00    -4.612667e+00    5.222740e+03
INFO:root:52800    -5.738041e+00    1.125378e+00    -4.612663e+00    5.222740e+03
INFO:root:52900    -5.874356e+00    1.256725e+00    -4.617630e+00    5.222740e+03
INFO:root:53000    -5.809759e+00    1.189295e+00    -4.620464e+00    5.222740e+03
INFO:root:53100    -5.811890e+00    1.193080e+00    -4.618810e+00    5.222740e+03
INFO:root:53200    -5.899834e+00    1.286695e+00    -4.613139e+00    5.222740e+03
INFO:root:53300    -5.863861e+00    1.251430e+00    -4.612431e+00    5.222740e+03
INFO:root:53400    -5.728229e+00    1.116512e+00    -4.611716e+00    5.222740e+03
INFO:root:53500    -5.786685e+00    1.171892e+00    -4.614793e+00    5.222740e+03
INFO:root:53600    -5.809985e+00    1.193774e+00    -4.616211e+00    5.222740e+03
INFO:root:53700    -5.832206e+00    1.217648e+00    -4.614558e+00    5.222740e+03
INFO:root:53800    -5.831654e+00    1.213783e+00    -4.617872e+00    5.222740e+03
INFO:root:53900    -5.822004e+00    1.202242e+00    -4.619763e+00    5.222740e+03
INFO:root:54000    -5.777075e+00    1.159911e+00    -4.617164e+00    5.222740e+03
INFO:root:54100    -5.760971e+00    1.142150e+00    -4.618820e+00    5.222740e+03
INFO:root:54200    -5.830305e+00    1.213135e+00    -4.617169e+00    5.222740e+03
INFO:root:54300    -5.711013e+00    1.099048e+00    -4.611966e+00    5.222740e+03
INFO:root:54400    -5.760175e+00    1.149391e+00    -4.610784e+00    5.222740e+03
INFO:root:54500    -5.828442e+00    1.211985e+00    -4.616456e+00    5.222740e+03
INFO:root:54600    -5.761145e+00    1.145874e+00    -4.615272e+00    5.222740e+03
INFO:root:54700    -5.905616e+00    1.290101e+00    -4.615515e+00    5.222740e+03
INFO:root:54800    -5.799227e+00    1.184898e+00    -4.614329e+00    5.222740e+03
INFO:root:54900    -5.790732e+00    1.174983e+00    -4.615749e+00    5.222740e+03
INFO:root:55000    -5.819880e+00    1.205548e+00    -4.614332e+00    5.222740e+03
INFO:root:55100    -5.742821e+00    1.124944e+00    -4.617876e+00    5.222740e+03
INFO:root:55200    -5.861508e+00    1.243154e+00    -4.618354e+00    5.222740e+03
INFO:root:55300    -5.966092e+00    1.345845e+00    -4.620246e+00    5.222740e+03
INFO:root:55400    -5.887616e+00    1.266901e+00    -4.620715e+00    5.222740e+03
INFO:root:55500    -5.831691e+00    1.216646e+00    -4.615045e+00    5.222740e+03
INFO:root:55600    -5.849637e+00    1.233882e+00    -4.615756e+00    5.222740e+03
INFO:root:55700    -5.841895e+00    1.229451e+00    -4.612444e+00    5.222740e+03
INFO:root:55800    -5.742827e+00    1.127784e+00    -4.615043e+00    5.222740e+03
INFO:root:55900    -5.763019e+00    1.148681e+00    -4.614338e+00    5.222740e+03
INFO:root:56000    -5.785951e+00    1.169252e+00    -4.616699e+00    5.222740e+03
INFO:root:56100    -5.892758e+00    1.277710e+00    -4.615049e+00    5.222740e+03
INFO:root:56200    -5.926843e+00    1.317231e+00    -4.609612e+00    5.222740e+03
INFO:root:56300    -5.895934e+00    1.279941e+00    -4.615993e+00    5.222740e+03
INFO:root:56400    -5.859156e+00    1.247654e+00    -4.611503e+00    5.222740e+03
INFO:root:56500    -5.871637e+00    1.260846e+00    -4.610792e+00    5.222740e+03
INFO:root:56600    -5.860333e+00    1.248355e+00    -4.611978e+00    5.222740e+03
INFO:root:56700    -5.700647e+00    1.088200e+00    -4.612447e+00    5.222740e+03
INFO:root:56800    -5.834850e+00    1.220743e+00    -4.614107e+00    5.222740e+03
INFO:root:56900    -5.804391e+00    1.195963e+00    -4.608428e+00    5.222740e+03
INFO:root:57000    -5.921221e+00    1.309244e+00    -4.611977e+00    5.222740e+03
INFO:root:57100    -5.819359e+00    1.206912e+00    -4.612448e+00    5.222740e+03
INFO:root:57200    -5.670752e+00    1.060670e+00    -4.610082e+00    5.222740e+03
INFO:root:57300    -5.828187e+00    1.219756e+00    -4.608432e+00    5.222740e+03
INFO:root:57400    -5.796345e+00    1.187445e+00    -4.608900e+00    5.222740e+03
INFO:root:57500    -5.765233e+00    1.160592e+00    -4.604641e+00    5.222740e+03
INFO:root:57600    -5.733692e+00    1.127160e+00    -4.606532e+00    5.222740e+03
INFO:root:57700    -5.692952e+00    1.083583e+00    -4.609370e+00    5.222740e+03
INFO:root:57800    -5.721328e+00    1.110069e+00    -4.611259e+00    5.222740e+03
INFO:root:57900    -5.740363e+00    1.129574e+00    -4.610789e+00    5.222740e+03
INFO:root:58000    -5.695622e+00    1.083183e+00    -4.612439e+00    5.222740e+03
INFO:root:58100    -5.718900e+00    1.106695e+00    -4.612205e+00    5.222740e+03
INFO:root:58200    -5.693979e+00    1.083667e+00    -4.610312e+00    5.222740e+03
INFO:root:58300    -5.810495e+00    1.198288e+00    -4.612206e+00    5.222740e+03
INFO:root:58400    -5.838259e+00    1.229363e+00    -4.608896e+00    5.222740e+03
INFO:root:58500    -5.755349e+00    1.141491e+00    -4.613858e+00    5.222740e+03
INFO:root:58600    -5.735363e+00    1.117958e+00    -4.617404e+00    5.222740e+03
INFO:root:58700    -5.729858e+00    1.114817e+00    -4.615040e+00    5.222740e+03
INFO:root:58800    -5.727459e+00    1.113364e+00    -4.614095e+00    5.222740e+03
INFO:root:58900    -5.721460e+00    1.111385e+00    -4.610075e+00    5.222740e+03
INFO:root:59000    -5.816648e+00    1.199479e+00    -4.617169e+00    5.222740e+03
INFO:root:59100    -5.815601e+00    1.197488e+00    -4.618113e+00    5.222740e+03
INFO:root:59200    -5.840153e+00    1.222273e+00    -4.617881e+00    5.222740e+03
INFO:root:59300    -5.700037e+00    1.082160e+00    -4.617877e+00    5.222740e+03
INFO:root:59400    -5.770775e+00    1.155261e+00    -4.615514e+00    5.222740e+03
INFO:root:59500    -5.804192e+00    1.190573e+00    -4.613619e+00    5.222740e+03
INFO:root:59600    -5.829287e+00    1.211887e+00    -4.617399e+00    5.222740e+03
INFO:root:59700    -5.821342e+00    1.205364e+00    -4.615978e+00    5.222740e+03
INFO:root:59800    -5.773835e+00    1.154079e+00    -4.619757e+00    5.222740e+03
INFO:root:59900    -5.804396e+00    1.189133e+00    -4.615263e+00    5.222740e+03
INFO:root:60000    -5.884754e+00    1.269016e+00    -4.615738e+00    5.222740e+03
INFO:root:60100    -5.747220e+00    1.127939e+00    -4.619281e+00    5.222740e+03
INFO:root:60200    -5.792029e+00    1.173933e+00    -4.618096e+00    5.222740e+03
INFO:root:60300    -5.899800e+00    1.285246e+00    -4.614554e+00    5.222740e+03
INFO:root:60400    -5.764775e+00    1.152355e+00    -4.612420e+00    5.222740e+03
INFO:root:60500    -5.761290e+00    1.145319e+00    -4.615971e+00    5.222740e+03
INFO:root:60600    -5.780580e+00    1.163193e+00    -4.617387e+00    5.222740e+03
INFO:root:60700    -5.840303e+00    1.219133e+00    -4.621169e+00    5.222740e+03
INFO:root:60800    -5.915844e+00    1.293017e+00    -4.622826e+00    5.222740e+03
INFO:root:60900    -5.820564e+00    1.201760e+00    -4.618804e+00    5.222740e+03
INFO:root:61000    -5.859600e+00    1.241269e+00    -4.618332e+00    5.222740e+03
INFO:root:61100    -5.816261e+00    1.197461e+00    -4.618800e+00    5.222740e+03
INFO:root:61200    -5.828643e+00    1.206767e+00    -4.621876e+00    5.222740e+03
INFO:root:61300    -5.834629e+00    1.214643e+00    -4.619986e+00    5.222740e+03
INFO:root:61400    -5.852421e+00    1.234797e+00    -4.617624e+00    5.222740e+03
INFO:root:61500    -5.810081e+00    1.192932e+00    -4.617149e+00    5.222740e+03
INFO:root:61600    -5.719841e+00    1.108839e+00    -4.611002e+00    5.222740e+03
INFO:root:61700    -5.707241e+00    1.100020e+00    -4.607221e+00    5.222740e+03
INFO:root:61800    -5.786015e+00    1.179502e+00    -4.606513e+00    5.222740e+03
INFO:root:61900    -5.860390e+00    1.249621e+00    -4.610769e+00    5.222740e+03
INFO:root:62000    -5.823950e+00    1.208691e+00    -4.615260e+00    5.222740e+03
INFO:root:62100    -5.804573e+00    1.191916e+00    -4.612658e+00    5.222740e+03
INFO:root:62200    -5.850181e+00    1.238233e+00    -4.611948e+00    5.222740e+03
