INFO:root:============================= SIMULATION =============================
INFO:root:Step       PotEng          KinEng          TotEng          Volume
INFO:root:0    -5.817449e+00    1.366715e+00    -4.450735e+00    5.222740e+03
INFO:root:100    -5.767848e+00    1.296128e+00    -4.471721e+00    5.222740e+03
INFO:root:200    -5.774486e+00    1.305365e+00    -4.469122e+00    5.222740e+03
INFO:root:300    -5.683926e+00    1.219058e+00    -4.464868e+00    5.222740e+03
INFO:root:400    -5.643292e+00    1.177957e+00    -4.465335e+00    5.222740e+03
INFO:root:500    -5.792714e+00    1.325247e+00    -4.467467e+00    5.222740e+03
INFO:root:600    -5.743599e+00    1.273295e+00    -4.470304e+00    5.222740e+03
INFO:root:700    -5.744992e+00    1.273743e+00    -4.471249e+00    5.222740e+03
INFO:root:800    -5.897912e+00    1.425710e+00    -4.472201e+00    5.222740e+03
INFO:root:900    -5.721837e+00    1.251295e+00    -4.470542e+00    5.222740e+03
INFO:root:1000    -5.665788e+00    1.195010e+00    -4.470778e+00    5.222740e+03
INFO:root:1100    -5.768231e+00    1.297922e+00    -4.470309e+00    5.222740e+03
INFO:root:1200    -5.725784e+00    1.258550e+00    -4.467234e+00    5.222740e+03
INFO:root:1300    -5.674987e+00    1.206569e+00    -4.468418e+00    5.222740e+03
INFO:root:1400    -5.632430e+00    1.164488e+00    -4.467942e+00    5.222740e+03
INFO:root:1500    -5.681635e+00    1.211329e+00    -4.470307e+00    5.222740e+03
INFO:root:1600    -5.807581e+00    1.337981e+00    -4.469600e+00    5.222740e+03
INFO:root:1700    -5.729776e+00    1.259708e+00    -4.470068e+00    5.222740e+03
INFO:root:1800    -5.732650e+00    1.264469e+00    -4.468182e+00    5.222740e+03
INFO:root:1900    -5.807282e+00    1.335082e+00    -4.472200e+00    5.222740e+03
INFO:root:2000    -5.778352e+00    1.308514e+00    -4.469838e+00    5.222740e+03
INFO:root:2100    -5.735142e+00    1.265777e+00    -4.469365e+00    5.222740e+03
INFO:root:2200    -5.769886e+00    1.299346e+00    -4.470540e+00    5.222740e+03
INFO:root:2300    -5.855271e+00    1.384022e+00    -4.471249e+00    5.222740e+03
INFO:root:2400    -5.781876e+00    1.308971e+00    -4.472905e+00    5.222740e+03
INFO:root:2500    -5.747094e+00    1.277967e+00    -4.469127e+00    5.222740e+03
INFO:root:2600    -5.727978e+00    1.254833e+00    -4.473146e+00    5.222740e+03
INFO:root:2700    -5.742044e+00    1.268664e+00    -4.473380e+00    5.222740e+03
INFO:root:2800    -5.635875e+00    1.164623e+00    -4.471251e+00    5.222740e+03
INFO:root:2900    -5.774599e+00    1.298140e+00    -4.476459e+00    5.222740e+03
INFO:root:3000    -5.775444e+00    1.297336e+00    -4.478107e+00    5.222740e+03
INFO:root:3100    -5.857099e+00    1.381825e+00    -4.475274e+00    5.222740e+03
INFO:root:3200    -5.810240e+00    1.333789e+00    -4.476452e+00    5.222740e+03
INFO:root:3300    -5.780268e+00    1.308779e+00    -4.471489e+00    5.222740e+03
INFO:root:3400    -5.725765e+00    1.255694e+00    -4.470072e+00    5.222740e+03
INFO:root:3500    -5.647329e+00    1.178914e+00    -4.468415e+00    5.222740e+03
INFO:root:3600    -5.725471e+00    1.257765e+00    -4.467706e+00    5.222740e+03
INFO:root:3700    -5.820856e+00    1.352204e+00    -4.468653e+00    5.222740e+03
INFO:root:3800    -5.739493e+00    1.264935e+00    -4.474558e+00    5.222740e+03
INFO:root:3900    -5.650460e+00    1.178499e+00    -4.471961e+00    5.222740e+03
INFO:root:4000    -5.671319e+00    1.198884e+00    -4.472435e+00    5.222740e+03
INFO:root:4100    -5.834615e+00    1.364071e+00    -4.470545e+00    5.222740e+03
INFO:root:4200    -5.761338e+00    1.291975e+00    -4.469364e+00    5.222740e+03
INFO:root:4300    -5.678970e+00    1.207244e+00    -4.471726e+00    5.222740e+03
INFO:root:4400    -5.727390e+00    1.255663e+00    -4.471727e+00    5.222740e+03
INFO:root:4500    -5.650298e+00    1.183533e+00    -4.466765e+00    5.222740e+03
INFO:root:4600    -5.723674e+00    1.254311e+00    -4.469363e+00    5.222740e+03
INFO:root:4700    -5.816863e+00    1.344422e+00    -4.472441e+00    5.222740e+03
INFO:root:4800    -5.713772e+00    1.242756e+00    -4.471016e+00    5.222740e+03
INFO:root:4900    -5.760375e+00    1.287231e+00    -4.473144e+00    5.222740e+03
INFO:root:5000    -5.878700e+00    1.400589e+00    -4.478111e+00    5.222740e+03
INFO:root:5100    -5.763917e+00    1.292903e+00    -4.471014e+00    5.222740e+03
INFO:root:5200    -5.704355e+00    1.235229e+00    -4.469125e+00    5.222740e+03
INFO:root:5300    -5.737060e+00    1.266989e+00    -4.470071e+00    5.222740e+03
INFO:root:5400    -5.708251e+00    1.232744e+00    -4.475507e+00    5.222740e+03
INFO:root:5500    -5.752503e+00    1.280303e+00    -4.472200e+00    5.222740e+03
INFO:root:5600    -5.742833e+00    1.272051e+00    -4.470782e+00    5.222740e+03
INFO:root:5700    -5.746616e+00    1.274889e+00    -4.471728e+00    5.222740e+03
INFO:root:5800    -5.670060e+00    1.195972e+00    -4.474088e+00    5.222740e+03
INFO:root:5900    -5.694181e+00    1.217492e+00    -4.476689e+00    5.222740e+03
INFO:root:6000    -5.773750e+00    1.296117e+00    -4.477634e+00    5.222740e+03
INFO:root:6100    -5.790544e+00    1.317874e+00    -4.472670e+00    5.222740e+03
INFO:root:6200    -5.764277e+00    1.293498e+00    -4.470779e+00    5.222740e+03
INFO:root:6300    -5.733753e+00    1.259903e+00    -4.473850e+00    5.222740e+03
INFO:root:6400    -5.727667e+00    1.251217e+00    -4.476450e+00    5.222740e+03
INFO:root:6500    -5.728945e+00    1.250843e+00    -4.478102e+00    5.222740e+03
INFO:root:6600    -5.877719e+00    1.399614e+00    -4.478105e+00    5.222740e+03
INFO:root:6700    -5.777710e+00    1.300790e+00    -4.476920e+00    5.222740e+03
INFO:root:6800    -5.700665e+00    1.226345e+00    -4.474320e+00    5.222740e+03
INFO:root:6900    -5.799849e+00    1.328362e+00    -4.471487e+00    5.222740e+03
INFO:root:7000    -5.681005e+00    1.207159e+00    -4.473845e+00    5.222740e+03
INFO:root:7100    -5.764490e+00    1.293951e+00    -4.470540e+00    5.222740e+03
INFO:root:7200    -5.724830e+00    1.256891e+00    -4.467938e+00    5.222740e+03
INFO:root:7300    -5.692728e+00    1.222899e+00    -4.469828e+00    5.222740e+03
INFO:root:7400    -5.588149e+00    1.121160e+00    -4.466989e+00    5.222740e+03
INFO:root:7500    -5.723877e+00    1.259251e+00    -4.464626e+00    5.222740e+03
INFO:root:7600    -5.726927e+00    1.258754e+00    -4.468173e+00    5.222740e+03
INFO:root:7700    -5.527651e+00    1.058771e+00    -4.468879e+00    5.222740e+03
INFO:root:7800    -5.637694e+00    1.171172e+00    -4.466522e+00    5.222740e+03
INFO:root:7900    -5.616263e+00    1.152582e+00    -4.463681e+00    5.222740e+03
INFO:root:8000    -5.811780e+00    1.347382e+00    -4.464399e+00    5.222740e+03
INFO:root:8100    -5.665642e+00    1.197467e+00    -4.468176e+00    5.222740e+03
INFO:root:8200    -5.681366e+00    1.210823e+00    -4.470543e+00    5.222740e+03
INFO:root:8300    -5.681497e+00    1.210488e+00    -4.471009e+00    5.222740e+03
INFO:root:8400    -5.762970e+00    1.291250e+00    -4.471720e+00    5.222740e+03
INFO:root:8500    -5.760079e+00    1.287651e+00    -4.472427e+00    5.222740e+03
INFO:root:8600    -5.848366e+00    1.376173e+00    -4.472192e+00    5.222740e+03
INFO:root:8700    -5.828596e+00    1.358297e+00    -4.470299e+00    5.222740e+03
INFO:root:8800    -5.804589e+00    1.331927e+00    -4.472662e+00    5.222740e+03
INFO:root:8900    -5.784479e+00    1.311346e+00    -4.473133e+00    5.222740e+03
INFO:root:9000    -5.851876e+00    1.376848e+00    -4.475028e+00    5.222740e+03
INFO:root:9100    -5.778872e+00    1.305500e+00    -4.473372e+00    5.222740e+03
INFO:root:9200    -5.736699e+00    1.268287e+00    -4.468412e+00    5.222740e+03
INFO:root:9300    -5.687459e+00    1.216925e+00    -4.470534e+00    5.222740e+03
INFO:root:9400    -5.749843e+00    1.276236e+00    -4.473607e+00    5.222740e+03
INFO:root:9500    -5.872290e+00    1.399151e+00    -4.473139e+00    5.222740e+03
INFO:root:9600    -5.839054e+00    1.365683e+00    -4.473372e+00    5.222740e+03
INFO:root:9700    -5.779351e+00    1.307398e+00    -4.471952e+00    5.222740e+03
INFO:root:9800    -5.672816e+00    1.202759e+00    -4.470058e+00    5.222740e+03
INFO:root:9900    -5.770671e+00    1.299427e+00    -4.471244e+00    5.222740e+03
INFO:root:10000    -5.683754e+00    1.209674e+00    -4.474080e+00    5.222740e+03
INFO:root:10100    -5.591069e+00    1.119116e+00    -4.471953e+00    5.222740e+03
INFO:root:10200    -5.725739e+00    1.254493e+00    -4.471246e+00    5.222740e+03
INFO:root:10300    -5.717030e+00    1.243190e+00    -4.473840e+00    5.222740e+03
INFO:root:10400    -5.745697e+00    1.273038e+00    -4.472660e+00    5.222740e+03
INFO:root:10500    -5.729425e+00    1.258423e+00    -4.471002e+00    5.222740e+03
INFO:root:10600    -5.767789e+00    1.294897e+00    -4.472893e+00    5.222740e+03
INFO:root:10700    -5.779461e+00    1.304676e+00    -4.474784e+00    5.222740e+03
INFO:root:10800    -5.757117e+00    1.281858e+00    -4.475259e+00    5.222740e+03
INFO:root:10900    -5.731613e+00    1.259428e+00    -4.472185e+00    5.222740e+03
INFO:root:11000    -5.770206e+00    1.301090e+00    -4.469116e+00    5.222740e+03
INFO:root:11100    -5.724734e+00    1.256567e+00    -4.468167e+00    5.222740e+03
INFO:root:11200    -5.717258e+00    1.249327e+00    -4.467932e+00    5.222740e+03
INFO:root:11300    -5.689386e+00    1.217200e+00    -4.472186e+00    5.222740e+03
INFO:root:11400    -5.848024e+00    1.371342e+00    -4.476682e+00    5.222740e+03
INFO:root:11500    -5.737777e+00    1.262988e+00    -4.474789e+00    5.222740e+03
INFO:root:11600    -5.719523e+00    1.242610e+00    -4.476913e+00    5.222740e+03
INFO:root:11700    -5.876192e+00    1.399982e+00    -4.476210e+00    5.222740e+03
INFO:root:11800    -5.792962e+00    1.314626e+00    -4.478336e+00    5.222740e+03
INFO:root:11900    -5.755768e+00    1.280745e+00    -4.475023e+00    5.222740e+03
INFO:root:12000    -5.881145e+00    1.406827e+00    -4.474318e+00    5.222740e+03
INFO:root:12100    -5.822143e+00    1.347357e+00    -4.474785e+00    5.222740e+03
INFO:root:12200    -5.914572e+00    1.439074e+00    -4.475497e+00    5.222740e+03
INFO:root:12300    -5.839433e+00    1.367953e+00    -4.471479e+00    5.222740e+03
INFO:root:12400    -5.740101e+00    1.263661e+00    -4.476440e+00    5.222740e+03
INFO:root:12500    -5.686644e+00    1.215636e+00    -4.471007e+00    5.222740e+03
INFO:root:12600    -5.663253e+00    1.192010e+00    -4.471242e+00    5.222740e+03
INFO:root:12700    -5.806476e+00    1.335235e+00    -4.471241e+00    5.222740e+03
INFO:root:12800    -5.823018e+00    1.349412e+00    -4.473606e+00    5.222740e+03
INFO:root:12900    -5.731912e+00    1.259253e+00    -4.472659e+00    5.222740e+03
INFO:root:13000    -5.733643e+00    1.258144e+00    -4.475499e+00    5.222740e+03
INFO:root:13100    -5.731598e+00    1.254213e+00    -4.477384e+00    5.222740e+03
INFO:root:13200    -5.806468e+00    1.329557e+00    -4.476911e+00    5.222740e+03
INFO:root:13300    -5.702988e+00    1.227023e+00    -4.475965e+00    5.222740e+03
INFO:root:13400    -5.725027e+00    1.252135e+00    -4.472892e+00    5.222740e+03
INFO:root:13500    -5.795875e+00    1.324875e+00    -4.471000e+00    5.222740e+03
INFO:root:13600    -5.769809e+00    1.297153e+00    -4.472656e+00    5.222740e+03
INFO:root:13700    -5.705390e+00    1.233680e+00    -4.471710e+00    5.222740e+03
INFO:root:13800    -5.596627e+00    1.133194e+00    -4.463433e+00    5.222740e+03
INFO:root:13900    -5.691500e+00    1.226881e+00    -4.464619e+00    5.222740e+03
INFO:root:14000    -5.707326e+00    1.238922e+00    -4.468404e+00    5.222740e+03
INFO:root:14100    -5.644643e+00    1.173642e+00    -4.471001e+00    5.222740e+03
INFO:root:14200    -5.787728e+00    1.321926e+00    -4.465802e+00    5.222740e+03
INFO:root:14300    -5.809647e+00    1.341009e+00    -4.468638e+00    5.222740e+03
INFO:root:14400    -5.750537e+00    1.278353e+00    -4.472183e+00    5.222740e+03
INFO:root:14500    -5.691946e+00    1.220708e+00    -4.471238e+00    5.222740e+03
INFO:root:14600    -5.731795e+00    1.262682e+00    -4.469113e+00    5.222740e+03
INFO:root:14700    -5.739640e+00    1.267216e+00    -4.472424e+00    5.222740e+03
INFO:root:14800    -5.670084e+00    1.196954e+00    -4.473130e+00    5.222740e+03
INFO:root:14900    -5.716261e+00    1.245967e+00    -4.470294e+00    5.222740e+03
INFO:root:15000    -5.789546e+00    1.316886e+00    -4.472660e+00    5.222740e+03
INFO:root:15100    -5.876270e+00    1.401954e+00    -4.474316e+00    5.222740e+03
INFO:root:15200    -5.777633e+00    1.304029e+00    -4.473604e+00    5.222740e+03
INFO:root:15300    -5.720022e+00    1.249491e+00    -4.470531e+00    5.222740e+03
INFO:root:15400    -5.798897e+00    1.325767e+00    -4.473130e+00    5.222740e+03
INFO:root:15500    -5.800696e+00    1.331349e+00    -4.469347e+00    5.222740e+03
INFO:root:15600    -5.727467e+00    1.255995e+00    -4.471472e+00    5.222740e+03
INFO:root:15700    -5.914818e+00    1.440740e+00    -4.474078e+00    5.222740e+03
INFO:root:15800    -5.834037e+00    1.363034e+00    -4.471002e+00    5.222740e+03
INFO:root:15900    -5.785353e+00    1.317659e+00    -4.467694e+00    5.222740e+03
INFO:root:16000    -5.750961e+00    1.287283e+00    -4.463677e+00    5.222740e+03
INFO:root:16100    -5.709425e+00    1.242912e+00    -4.466513e+00    5.222740e+03
INFO:root:16200    -5.750134e+00    1.281731e+00    -4.468403e+00    5.222740e+03
INFO:root:16300    -5.780588e+00    1.312418e+00    -4.468170e+00    5.222740e+03
INFO:root:16400    -5.642772e+00    1.172005e+00    -4.470767e+00    5.222740e+03
INFO:root:16500    -5.640013e+00    1.168538e+00    -4.471475e+00    5.222740e+03
INFO:root:16600    -5.684893e+00    1.212474e+00    -4.472419e+00    5.222740e+03
INFO:root:16700    -5.787836e+00    1.318492e+00    -4.469345e+00    5.222740e+03
INFO:root:16800    -5.788562e+00    1.317564e+00    -4.470998e+00    5.222740e+03
INFO:root:16900    -5.743823e+00    1.275660e+00    -4.468163e+00    5.222740e+03
INFO:root:17000    -5.736156e+00    1.266815e+00    -4.469341e+00    5.222740e+03
INFO:root:17100    -5.763152e+00    1.293809e+00    -4.469344e+00    5.222740e+03
INFO:root:17200    -5.744874e+00    1.275766e+00    -4.469108e+00    5.222740e+03
INFO:root:17300    -5.690156e+00    1.223409e+00    -4.466746e+00    5.222740e+03
INFO:root:17400    -5.695840e+00    1.229800e+00    -4.466040e+00    5.222740e+03
INFO:root:17500    -5.740951e+00    1.271367e+00    -4.469583e+00    5.222740e+03
INFO:root:17600    -5.728098e+00    1.254973e+00    -4.473125e+00    5.222740e+03
INFO:root:17700    -5.846824e+00    1.372514e+00    -4.474310e+00    5.222740e+03
INFO:root:17800    -5.772071e+00    1.302255e+00    -4.469816e+00    5.222740e+03
INFO:root:17900    -5.740389e+00    1.271516e+00    -4.468873e+00    5.222740e+03
INFO:root:18000    -5.758008e+00    1.291021e+00    -4.466987e+00    5.222740e+03
INFO:root:18100    -5.616210e+00    1.146869e+00    -4.469341e+00    5.222740e+03
INFO:root:18200    -5.803746e+00    1.333689e+00    -4.470057e+00    5.222740e+03
INFO:root:18300    -5.702065e+00    1.227755e+00    -4.474309e+00    5.222740e+03
INFO:root:18400    -5.656219e+00    1.182378e+00    -4.473840e+00    5.222740e+03
INFO:root:18500    -5.764772e+00    1.290461e+00    -4.474312e+00    5.222740e+03
INFO:root:18600    -5.845403e+00    1.373456e+00    -4.471947e+00    5.222740e+03
INFO:root:18700    -5.806529e+00    1.333873e+00    -4.472656e+00    5.222740e+03
INFO:root:18800    -5.709957e+00    1.236589e+00    -4.473367e+00    5.222740e+03
INFO:root:18900    -5.701176e+00    1.226629e+00    -4.474547e+00    5.222740e+03
INFO:root:19000    -5.746534e+00    1.272225e+00    -4.474309e+00    5.222740e+03
INFO:root:19100    -5.756928e+00    1.283563e+00    -4.473365e+00    5.222740e+03
INFO:root:19200    -5.599335e+00    1.129521e+00    -4.469814e+00    5.222740e+03
INFO:root:19300    -5.774324e+00    1.302138e+00    -4.472187e+00    5.222740e+03
INFO:root:19400    -5.628291e+00    1.157059e+00    -4.471232e+00    5.222740e+03
INFO:root:19500    -5.763054e+00    1.294652e+00    -4.468401e+00    5.222740e+03
INFO:root:19600    -5.709720e+00    1.238959e+00    -4.470761e+00    5.222740e+03
INFO:root:19700    -5.713778e+00    1.241597e+00    -4.472180e+00    5.222740e+03
INFO:root:19800    -5.764635e+00    1.295763e+00    -4.468872e+00    5.222740e+03
INFO:root:19900    -5.745782e+00    1.279508e+00    -4.466274e+00    5.222740e+03
INFO:root:20000    -5.635720e+00    1.168500e+00    -4.467219e+00    5.222740e+03
INFO:root:20100    -5.591683e+00    1.124468e+00    -4.467215e+00    5.222740e+03
INFO:root:20200    -5.743709e+00    1.274833e+00    -4.468876e+00    5.222740e+03
INFO:root:20300    -5.631355e+00    1.165795e+00    -4.465560e+00    5.222740e+03
INFO:root:20400    -5.725736e+00    1.260409e+00    -4.465327e+00    5.222740e+03
INFO:root:20500    -5.793000e+00    1.322946e+00    -4.470054e+00    5.222740e+03
INFO:root:20600    -5.647701e+00    1.174576e+00    -4.473125e+00    5.222740e+03
INFO:root:20700    -5.701763e+00    1.229583e+00    -4.472180e+00    5.222740e+03
INFO:root:20800    -5.736897e+00    1.266374e+00    -4.470522e+00    5.222740e+03
INFO:root:20900    -5.797217e+00    1.323620e+00    -4.473597e+00    5.222740e+03
INFO:root:21000    -5.787692e+00    1.311261e+00    -4.476431e+00    5.222740e+03
INFO:root:21100    -5.863525e+00    1.392525e+00    -4.471001e+00    5.222740e+03
INFO:root:21200    -5.835016e+00    1.362597e+00    -4.472419e+00    5.222740e+03
INFO:root:21300    -5.823236e+00    1.351290e+00    -4.471946e+00    5.222740e+03
INFO:root:21400    -5.824924e+00    1.351321e+00    -4.473603e+00    5.222740e+03
INFO:root:21500    -5.704534e+00    1.229747e+00    -4.474786e+00    5.222740e+03
INFO:root:21600    -5.751422e+00    1.279710e+00    -4.471713e+00    5.222740e+03
INFO:root:21700    -5.835807e+00    1.365988e+00    -4.469819e+00    5.222740e+03
INFO:root:21800    -5.840928e+00    1.367326e+00    -4.473602e+00    5.222740e+03
INFO:root:21900    -5.740873e+00    1.271524e+00    -4.469349e+00    5.222740e+03
INFO:root:22000    -5.746602e+00    1.277726e+00    -4.468876e+00    5.222740e+03
INFO:root:22100    -5.760974e+00    1.292098e+00    -4.468876e+00    5.222740e+03
INFO:root:22200    -5.712174e+00    1.243065e+00    -4.469109e+00    5.222740e+03
INFO:root:22300    -5.834793e+00    1.362608e+00    -4.472185e+00    5.222740e+03
INFO:root:22400    -5.807059e+00    1.332040e+00    -4.475019e+00    5.222740e+03
INFO:root:22500    -5.736472e+00    1.262166e+00    -4.474305e+00    5.222740e+03
INFO:root:22600    -5.848271e+00    1.373252e+00    -4.475019e+00    5.222740e+03
INFO:root:22700    -5.730758e+00    1.258586e+00    -4.472172e+00    5.222740e+03
INFO:root:22800    -5.742266e+00    1.268667e+00    -4.473600e+00    5.222740e+03
INFO:root:22900    -5.669998e+00    1.198766e+00    -4.471232e+00    5.222740e+03
INFO:root:23000    -5.703501e+00    1.231562e+00    -4.471939e+00    5.222740e+03
INFO:root:23100    -5.760426e+00    1.289197e+00    -4.471229e+00    5.222740e+03
INFO:root:23200    -5.753328e+00    1.280680e+00    -4.472648e+00    5.222740e+03
INFO:root:23300    -5.670760e+00    1.198824e+00    -4.471936e+00    5.222740e+03
INFO:root:23400    -5.783373e+00    1.309307e+00    -4.474066e+00    5.222740e+03
INFO:root:23500    -5.692689e+00    1.222642e+00    -4.470048e+00    5.222740e+03
INFO:root:23600    -5.671975e+00    1.201217e+00    -4.470758e+00    5.222740e+03
INFO:root:23700    -5.715495e+00    1.247338e+00    -4.468158e+00    5.222740e+03
INFO:root:23800    -5.654813e+00    1.185476e+00    -4.469337e+00    5.222740e+03
INFO:root:23900    -5.782204e+00    1.317595e+00    -4.464609e+00    5.222740e+03
INFO:root:24000    -5.774148e+00    1.304810e+00    -4.469338e+00    5.222740e+03
INFO:root:24100    -5.684106e+00    1.214060e+00    -4.470046e+00    5.222740e+03
INFO:root:24200    -5.745480e+00    1.275192e+00    -4.470288e+00    5.222740e+03
INFO:root:24300    -5.747720e+00    1.275780e+00    -4.471940e+00    5.222740e+03
INFO:root:24400    -5.809951e+00    1.337539e+00    -4.472412e+00    5.222740e+03
INFO:root:24500    -5.807024e+00    1.334374e+00    -4.472650e+00    5.222740e+03
INFO:root:24600    -5.701526e+00    1.229118e+00    -4.472408e+00    5.222740e+03
INFO:root:24700    -5.809907e+00    1.338677e+00    -4.471230e+00    5.222740e+03
INFO:root:24800    -5.805485e+00    1.330948e+00    -4.474536e+00    5.222740e+03
INFO:root:24900    -5.723604e+00    1.250251e+00    -4.473353e+00    5.222740e+03
INFO:root:25000    -5.835478e+00    1.362829e+00    -4.472649e+00    5.222740e+03
INFO:root:25100    -5.764812e+00    1.295476e+00    -4.469335e+00    5.222740e+03
INFO:root:25200    -5.793926e+00    1.323407e+00    -4.470519e+00    5.222740e+03
INFO:root:25300    -5.735704e+00    1.266369e+00    -4.469335e+00    5.222740e+03
INFO:root:25400    -5.646756e+00    1.177428e+00    -4.469328e+00    5.222740e+03
INFO:root:25500    -5.849409e+00    1.379836e+00    -4.469573e+00    5.222740e+03
INFO:root:25600    -5.690540e+00    1.220501e+00    -4.470039e+00    5.222740e+03
INFO:root:25700    -5.695032e+00    1.226405e+00    -4.468627e+00    5.222740e+03
INFO:root:25800    -5.670186e+00    1.202268e+00    -4.467918e+00    5.222740e+03
INFO:root:25900    -5.708336e+00    1.238760e+00    -4.469576e+00    5.222740e+03
INFO:root:26000    -5.675239e+00    1.205426e+00    -4.469814e+00    5.222740e+03
INFO:root:26100    -5.758699e+00    1.290065e+00    -4.468634e+00    5.222740e+03
INFO:root:26200    -5.654137e+00    1.188821e+00    -4.465316e+00    5.222740e+03
INFO:root:26300    -5.764901e+00    1.301238e+00    -4.463664e+00    5.222740e+03
INFO:root:26400    -5.752552e+00    1.283921e+00    -4.468631e+00    5.222740e+03
INFO:root:26500    -5.744132e+00    1.269122e+00    -4.475010e+00    5.222740e+03
INFO:root:26600    -5.796243e+00    1.319341e+00    -4.476902e+00    5.222740e+03
INFO:root:26700    -5.757627e+00    1.280729e+00    -4.476898e+00    5.222740e+03
INFO:root:26800    -5.820976e+00    1.345968e+00    -4.475008e+00    5.222740e+03
INFO:root:26900    -5.774000e+00    1.300177e+00    -4.473823e+00    5.222740e+03
INFO:root:27000    -5.644488e+00    1.173502e+00    -4.470986e+00    5.222740e+03
INFO:root:27100    -5.676090e+00    1.202265e+00    -4.473825e+00    5.222740e+03
INFO:root:27200    -5.735089e+00    1.263862e+00    -4.471227e+00    5.222740e+03
INFO:root:27300    -5.795136e+00    1.322963e+00    -4.472173e+00    5.222740e+03
INFO:root:27400    -5.760717e+00    1.290439e+00    -4.470278e+00    5.222740e+03
INFO:root:27500    -5.876243e+00    1.403833e+00    -4.472410e+00    5.222740e+03
INFO:root:27600    -5.714978e+00    1.248488e+00    -4.466490e+00    5.222740e+03
INFO:root:27700    -5.691876e+00    1.225853e+00    -4.466023e+00    5.222740e+03
INFO:root:27800    -5.637251e+00    1.167921e+00    -4.469330e+00    5.222740e+03
INFO:root:27900    -5.757358e+00    1.285664e+00    -4.471694e+00    5.222740e+03
INFO:root:28000    -5.731073e+00    1.256779e+00    -4.474294e+00    5.222740e+03
INFO:root:28100    -5.788744e+00    1.311141e+00    -4.477603e+00    5.222740e+03
INFO:root:28200    -5.931539e+00    1.456062e+00    -4.475477e+00    5.222740e+03
INFO:root:28300    -5.792820e+00    1.319239e+00    -4.473581e+00    5.222740e+03
INFO:root:28400    -5.727177e+00    1.255726e+00    -4.471450e+00    5.222740e+03
INFO:root:28500    -5.804884e+00    1.334143e+00    -4.470741e+00    5.222740e+03
INFO:root:28600    -5.777112e+00    1.302829e+00    -4.474283e+00    5.222740e+03
INFO:root:28700    -5.762168e+00    1.290481e+00    -4.471687e+00    5.222740e+03
INFO:root:28800    -5.733993e+00    1.265618e+00    -4.468375e+00    5.222740e+03
INFO:root:28900    -5.715087e+00    1.245060e+00    -4.470027e+00    5.222740e+03
INFO:root:29000    -5.797392e+00    1.326415e+00    -4.470977e+00    5.222740e+03
INFO:root:29100    -5.775375e+00    1.309365e+00    -4.466010e+00    5.222740e+03
INFO:root:29200    -5.686751e+00    1.221452e+00    -4.465299e+00    5.222740e+03
INFO:root:29300    -5.809095e+00    1.338592e+00    -4.470504e+00    5.222740e+03
INFO:root:29400    -5.811507e+00    1.340067e+00    -4.471440e+00    5.222740e+03
INFO:root:29500    -5.821582e+00    1.349903e+00    -4.471679e+00    5.222740e+03
INFO:root:29600    -5.776126e+00    1.301135e+00    -4.474991e+00    5.222740e+03
INFO:root:29700    -5.667840e+00    1.195686e+00    -4.472154e+00    5.222740e+03
INFO:root:29800    -5.715273e+00    1.243116e+00    -4.472157e+00    5.222740e+03
INFO:root:29900    -5.701333e+00    1.231069e+00    -4.470264e+00    5.222740e+03
INFO:root:30000    -5.748248e+00    1.275380e+00    -4.472869e+00    5.222740e+03
INFO:root:30100    -5.673482e+00    1.198253e+00    -4.475229e+00    5.222740e+03
INFO:root:30200    -5.673811e+00    1.201419e+00    -4.472392e+00    5.222740e+03
INFO:root:30300    -5.708905e+00    1.240531e+00    -4.468374e+00    5.222740e+03
INFO:root:30400    -5.651528e+00    1.179137e+00    -4.472391e+00    5.222740e+03
INFO:root:30500    -5.674370e+00    1.199849e+00    -4.474520e+00    5.222740e+03
INFO:root:30600    -5.696783e+00    1.221795e+00    -4.474988e+00    5.222740e+03
INFO:root:30700    -5.771975e+00    1.295802e+00    -4.476174e+00    5.222740e+03
INFO:root:30800    -5.805563e+00    1.328683e+00    -4.476881e+00    5.222740e+03
INFO:root:30900    -5.848804e+00    1.374049e+00    -4.474754e+00    5.222740e+03
INFO:root:31000    -5.727492e+00    1.252504e+00    -4.474988e+00    5.222740e+03
INFO:root:31100    -5.786734e+00    1.312450e+00    -4.474285e+00    5.222740e+03
INFO:root:31200    -5.730308e+00    1.252956e+00    -4.477352e+00    5.222740e+03
INFO:root:31300    -5.778098e+00    1.303587e+00    -4.474511e+00    5.222740e+03
INFO:root:31400    -5.797511e+00    1.322524e+00    -4.474987e+00    5.222740e+03
INFO:root:31500    -5.744179e+00    1.268958e+00    -4.475221e+00    5.222740e+03
INFO:root:31600    -5.802287e+00    1.328247e+00    -4.474040e+00    5.222740e+03
INFO:root:31700    -5.755584e+00    1.278708e+00    -4.476875e+00    5.222740e+03
INFO:root:31800    -5.810149e+00    1.336103e+00    -4.474046e+00    5.222740e+03
INFO:root:31900    -5.735134e+00    1.265109e+00    -4.470025e+00    5.222740e+03
INFO:root:32000    -5.814542e+00    1.337896e+00    -4.476646e+00    5.222740e+03
INFO:root:32100    -5.902876e+00    1.424569e+00    -4.478307e+00    5.222740e+03
INFO:root:32200    -5.760576e+00    1.285585e+00    -4.474992e+00    5.222740e+03
INFO:root:32300    -5.762355e+00    1.291619e+00    -4.470737e+00    5.222740e+03
INFO:root:32400    -5.762502e+00    1.288694e+00    -4.473808e+00    5.222740e+03
INFO:root:32500    -5.731932e+00    1.261672e+00    -4.470259e+00    5.222740e+03
INFO:root:32600    -5.749468e+00    1.281571e+00    -4.467897e+00    5.222740e+03
INFO:root:32700    -5.718043e+00    1.244003e+00    -4.474040e+00    5.222740e+03
INFO:root:32800    -5.783956e+00    1.308024e+00    -4.475932e+00    5.222740e+03
INFO:root:32900    -5.753396e+00    1.279358e+00    -4.474038e+00    5.222740e+03
INFO:root:33000    -5.822099e+00    1.349239e+00    -4.472860e+00    5.222740e+03
INFO:root:33100    -5.735677e+00    1.260452e+00    -4.475225e+00    5.222740e+03
INFO:root:33200    -5.721111e+00    1.250138e+00    -4.470973e+00    5.222740e+03
INFO:root:33300    -5.650477e+00    1.178564e+00    -4.471913e+00    5.222740e+03
INFO:root:33400    -5.668843e+00    1.196929e+00    -4.471914e+00    5.222740e+03
INFO:root:33500    -5.734775e+00    1.260967e+00    -4.473808e+00    5.222740e+03
INFO:root:33600    -5.734543e+00    1.259314e+00    -4.475229e+00    5.222740e+03
INFO:root:33700    -5.820959e+00    1.348567e+00    -4.472392e+00    5.222740e+03
INFO:root:33800    -5.734802e+00    1.262174e+00    -4.472627e+00    5.222740e+03
INFO:root:33900    -5.736574e+00    1.260870e+00    -4.475704e+00    5.222740e+03
INFO:root:34000    -5.691130e+00    1.216612e+00    -4.474518e+00    5.222740e+03
INFO:root:34100    -5.869888e+00    1.396546e+00    -4.473341e+00    5.222740e+03
INFO:root:34200    -5.803283e+00    1.328051e+00    -4.475232e+00    5.222740e+03
INFO:root:34300    -5.713753e+00    1.242539e+00    -4.471214e+00    5.222740e+03
INFO:root:34400    -5.754399e+00    1.276802e+00    -4.477598e+00    5.222740e+03
INFO:root:34500    -5.804412e+00    1.329414e+00    -4.474997e+00    5.222740e+03
INFO:root:34600    -5.731829e+00    1.256595e+00    -4.475234e+00    5.222740e+03
INFO:root:34700    -5.707038e+00    1.234646e+00    -4.472392e+00    5.222740e+03
INFO:root:34800    -5.887343e+00    1.410928e+00    -4.476415e+00    5.222740e+03
INFO:root:34900    -5.733553e+00    1.258800e+00    -4.474754e+00    5.222740e+03
INFO:root:35000    -5.747024e+00    1.275104e+00    -4.471920e+00    5.222740e+03
INFO:root:35100    -5.772952e+00    1.299379e+00    -4.473574e+00    5.222740e+03
INFO:root:35200    -5.765236e+00    1.292135e+00    -4.473101e+00    5.222740e+03
INFO:root:35300    -5.786736e+00    1.314576e+00    -4.472160e+00    5.222740e+03
INFO:root:35400    -5.779674e+00    1.311535e+00    -4.468139e+00    5.222740e+03
INFO:root:35500    -5.833796e+00    1.359981e+00    -4.473815e+00    5.222740e+03
INFO:root:35600    -5.765213e+00    1.291164e+00    -4.474049e+00    5.222740e+03
INFO:root:35700    -5.743663e+00    1.269611e+00    -4.474052e+00    5.222740e+03
INFO:root:35800    -5.730540e+00    1.257906e+00    -4.472634e+00    5.222740e+03
INFO:root:35900    -5.826492e+00    1.351494e+00    -4.474998e+00    5.222740e+03
INFO:root:36000    -5.799040e+00    1.326879e+00    -4.472161e+00    5.222740e+03
INFO:root:36100    -5.699822e+00    1.226482e+00    -4.473340e+00    5.222740e+03
INFO:root:36200    -5.689482e+00    1.220634e+00    -4.468848e+00    5.222740e+03
INFO:root:36300    -5.747817e+00    1.278731e+00    -4.469086e+00    5.222740e+03
INFO:root:36400    -5.659362e+00    1.187439e+00    -4.471923e+00    5.222740e+03
INFO:root:36500    -5.769857e+00    1.296745e+00    -4.473112e+00    5.222740e+03
INFO:root:36600    -5.793918e+00    1.322701e+00    -4.471217e+00    5.222740e+03
INFO:root:36700    -5.776123e+00    1.301598e+00    -4.474525e+00    5.222740e+03
INFO:root:36800    -5.832801e+00    1.358270e+00    -4.474531e+00    5.222740e+03
INFO:root:36900    -5.732961e+00    1.258905e+00    -4.474056e+00    5.222740e+03
INFO:root:37000    -5.718483e+00    1.243717e+00    -4.474766e+00    5.222740e+03
INFO:root:37100    -5.760124e+00    1.288192e+00    -4.471932e+00    5.222740e+03
INFO:root:37200    -5.705829e+00    1.231772e+00    -4.474057e+00    5.222740e+03
INFO:root:37300    -5.815991e+00    1.341693e+00    -4.474297e+00    5.222740e+03
INFO:root:37400    -5.736618e+00    1.264216e+00    -4.472402e+00    5.222740e+03
INFO:root:37500    -5.811187e+00    1.341854e+00    -4.469333e+00    5.222740e+03
INFO:root:37600    -5.801925e+00    1.333538e+00    -4.468388e+00    5.222740e+03
INFO:root:37700    -5.716362e+00    1.244196e+00    -4.472166e+00    5.222740e+03
INFO:root:37800    -5.748586e+00    1.279962e+00    -4.468624e+00    5.222740e+03
INFO:root:37900    -5.667763e+00    1.204107e+00    -4.463656e+00    5.222740e+03
INFO:root:38000    -5.740930e+00    1.275620e+00    -4.465311e+00    5.222740e+03
INFO:root:38100    -5.796752e+00    1.327188e+00    -4.469564e+00    5.222740e+03
INFO:root:38200    -5.795929e+00    1.325889e+00    -4.470040e+00    5.222740e+03
INFO:root:38300    -5.813744e+00    1.342758e+00    -4.470986e+00    5.222740e+03
INFO:root:38400    -5.770439e+00    1.297325e+00    -4.473115e+00    5.222740e+03
INFO:root:38500    -5.696710e+00    1.226668e+00    -4.470041e+00    5.222740e+03
INFO:root:38600    -5.696573e+00    1.223458e+00    -4.473115e+00    5.222740e+03
INFO:root:38700    -5.753252e+00    1.280844e+00    -4.472408e+00    5.222740e+03
INFO:root:38800    -5.792334e+00    1.322763e+00    -4.469571e+00    5.222740e+03
INFO:root:38900    -5.787913e+00    1.316926e+00    -4.470988e+00    5.222740e+03
INFO:root:39000    -5.745774e+00    1.276914e+00    -4.468860e+00    5.222740e+03
INFO:root:39100    -5.776295e+00    1.307666e+00    -4.468629e+00    5.222740e+03
INFO:root:39200    -5.640499e+00    1.176367e+00    -4.464133e+00    5.222740e+03
INFO:root:39300    -5.653638e+00    1.187851e+00    -4.465788e+00    5.222740e+03
INFO:root:39400    -5.778945e+00    1.312923e+00    -4.466023e+00    5.222740e+03
INFO:root:39500    -5.716754e+00    1.246715e+00    -4.470040e+00    5.222740e+03
INFO:root:39600    -5.705584e+00    1.238372e+00    -4.467211e+00    5.222740e+03
INFO:root:39700    -5.649597e+00    1.177424e+00    -4.472173e+00    5.222740e+03
INFO:root:39800    -5.683634e+00    1.209574e+00    -4.474060e+00    5.222740e+03
INFO:root:39900    -5.735195e+00    1.259951e+00    -4.475245e+00    5.222740e+03
INFO:root:40000    -5.661032e+00    1.184610e+00    -4.476421e+00    5.222740e+03
INFO:root:40100    -5.675121e+00    1.198223e+00    -4.476897e+00    5.222740e+03
INFO:root:40200    -5.739008e+00    1.265179e+00    -4.473828e+00    5.222740e+03
INFO:root:40300    -5.767913e+00    1.294323e+00    -4.473590e+00    5.222740e+03
INFO:root:40400    -5.782531e+00    1.310122e+00    -4.472408e+00    5.222740e+03
INFO:root:40500    -5.749127e+00    1.274119e+00    -4.475008e+00    5.222740e+03
INFO:root:40600    -5.726188e+00    1.253784e+00    -4.472403e+00    5.222740e+03
INFO:root:40700    -5.729409e+00    1.254641e+00    -4.474768e+00    5.222740e+03
INFO:root:40800    -5.786192e+00    1.314728e+00    -4.471463e+00    5.222740e+03
INFO:root:40900    -5.711610e+00    1.241805e+00    -4.469806e+00    5.222740e+03
INFO:root:41000    -5.673289e+00    1.200885e+00    -4.472404e+00    5.222740e+03
INFO:root:41100    -5.808967e+00    1.339395e+00    -4.469572e+00    5.222740e+03
INFO:root:41200    -5.649976e+00    1.183010e+00    -4.466966e+00    5.222740e+03
INFO:root:41300    -5.658355e+00    1.192567e+00    -4.465787e+00    5.222740e+03
INFO:root:41400    -5.758640e+00    1.289072e+00    -4.469568e+00    5.222740e+03
INFO:root:41500    -5.747606e+00    1.280170e+00    -4.467436e+00    5.222740e+03
INFO:root:41600    -5.783446e+00    1.311987e+00    -4.471459e+00    5.222740e+03
INFO:root:41700    -5.703079e+00    1.232336e+00    -4.470743e+00    5.222740e+03
INFO:root:41800    -5.758468e+00    1.288668e+00    -4.469800e+00    5.222740e+03
INFO:root:41900    -5.696748e+00    1.225532e+00    -4.471216e+00    5.222740e+03
INFO:root:42000    -5.699452e+00    1.231784e+00    -4.467668e+00    5.222740e+03
INFO:root:42100    -5.795860e+00    1.327722e+00    -4.468138e+00    5.222740e+03
INFO:root:42200    -5.854525e+00    1.385910e+00    -4.468615e+00    5.222740e+03
INFO:root:42300    -5.749649e+00    1.282220e+00    -4.467429e+00    5.222740e+03
INFO:root:42400    -5.774975e+00    1.304234e+00    -4.470741e+00    5.222740e+03
INFO:root:42500    -5.766141e+00    1.295401e+00    -4.470740e+00    5.222740e+03
INFO:root:42600    -5.702620e+00    1.230937e+00    -4.471684e+00    5.222740e+03
INFO:root:42700    -5.726502e+00    1.255292e+00    -4.471210e+00    5.222740e+03
INFO:root:42800    -5.812970e+00    1.339869e+00    -4.473101e+00    5.222740e+03
INFO:root:42900    -5.756983e+00    1.284116e+00    -4.472867e+00    5.222740e+03
INFO:root:43000    -5.639250e+00    1.164728e+00    -4.474522e+00    5.222740e+03
INFO:root:43100    -5.687770e+00    1.212537e+00    -4.475234e+00    5.222740e+03
INFO:root:43200    -5.781272e+00    1.310763e+00    -4.470509e+00    5.222740e+03
INFO:root:43300    -5.734119e+00    1.265739e+00    -4.468379e+00    5.222740e+03
INFO:root:43400    -5.838971e+00    1.369405e+00    -4.469566e+00    5.222740e+03
INFO:root:43500    -5.623547e+00    1.151626e+00    -4.471920e+00    5.222740e+03
INFO:root:43600    -5.762884e+00    1.291433e+00    -4.471451e+00    5.222740e+03
INFO:root:43700    -5.721936e+00    1.248361e+00    -4.473575e+00    5.222740e+03
INFO:root:43800    -5.779405e+00    1.307009e+00    -4.472396e+00    5.222740e+03
INFO:root:43900    -5.757023e+00    1.284625e+00    -4.472398e+00    5.222740e+03
INFO:root:44000    -5.686253e+00    1.216695e+00    -4.469558e+00    5.222740e+03
INFO:root:44100    -5.814668e+00    1.340613e+00    -4.474054e+00    5.222740e+03
INFO:root:44200    -5.808501e+00    1.337046e+00    -4.471455e+00    5.222740e+03
INFO:root:44300    -5.752369e+00    1.280207e+00    -4.472161e+00    5.222740e+03
INFO:root:44400    -5.749162e+00    1.276762e+00    -4.472400e+00    5.222740e+03
INFO:root:44500    -5.775394e+00    1.305120e+00    -4.470274e+00    5.222740e+03
INFO:root:44600    -5.796018e+00    1.327397e+00    -4.468621e+00    5.222740e+03
INFO:root:44700    -5.682437e+00    1.212168e+00    -4.470270e+00    5.222740e+03
INFO:root:44800    -5.846795e+00    1.375572e+00    -4.471223e+00    5.222740e+03
INFO:root:44900    -5.779134e+00    1.309096e+00    -4.470038e+00    5.222740e+03
INFO:root:45000    -5.783011e+00    1.312973e+00    -4.470038e+00    5.222740e+03
INFO:root:45100    -5.823872e+00    1.348630e+00    -4.475242e+00    5.222740e+03
INFO:root:45200    -5.810402e+00    1.335399e+00    -4.475004e+00    5.222740e+03
INFO:root:45300    -5.739619e+00    1.265091e+00    -4.474527e+00    5.222740e+03
INFO:root:45400    -5.753677e+00    1.281750e+00    -4.471927e+00    5.222740e+03
INFO:root:45500    -5.832340e+00    1.358048e+00    -4.474292e+00    5.222740e+03
INFO:root:45600    -5.773179e+00    1.298178e+00    -4.475001e+00    5.222740e+03
INFO:root:45700    -5.704135e+00    1.229371e+00    -4.474764e+00    5.222740e+03
INFO:root:45800    -5.634435e+00    1.162269e+00    -4.472166e+00    5.222740e+03
INFO:root:45900    -5.712818e+00    1.242778e+00    -4.470039e+00    5.222740e+03
INFO:root:46000    -5.792196e+00    1.321920e+00    -4.470276e+00    5.222740e+03
INFO:root:46100    -5.855035e+00    1.384756e+00    -4.470279e+00    5.222740e+03
INFO:root:46200    -5.780451e+00    1.309698e+00    -4.470754e+00    5.222740e+03
INFO:root:46300    -5.684534e+00    1.212835e+00    -4.471698e+00    5.222740e+03
INFO:root:46400    -5.742555e+00    1.272508e+00    -4.470047e+00    5.222740e+03
INFO:root:46500    -5.770300e+00    1.300726e+00    -4.469574e+00    5.222740e+03
INFO:root:46600    -5.772776e+00    1.300369e+00    -4.472408e+00    5.222740e+03
INFO:root:46700    -5.723890e+00    1.258333e+00    -4.465557e+00    5.222740e+03
INFO:root:46800    -5.747125e+00    1.275656e+00    -4.471469e+00    5.222740e+03
INFO:root:46900    -5.847502e+00    1.375087e+00    -4.472415e+00    5.222740e+03
INFO:root:47000    -5.783142e+00    1.314749e+00    -4.468393e+00    5.222740e+03
INFO:root:47100    -5.802674e+00    1.334515e+00    -4.468159e+00    5.222740e+03
INFO:root:47200    -5.815293e+00    1.345719e+00    -4.469573e+00    5.222740e+03
INFO:root:47300    -5.855646e+00    1.387486e+00    -4.468160e+00    5.222740e+03
INFO:root:47400    -5.737220e+00    1.268112e+00    -4.469107e+00    5.222740e+03
INFO:root:47500    -5.775784e+00    1.304546e+00    -4.471238e+00    5.222740e+03
INFO:root:47600    -5.698424e+00    1.225772e+00    -4.472652e+00    5.222740e+03
INFO:root:47700    -5.849702e+00    1.380590e+00    -4.469113e+00    5.222740e+03
INFO:root:47800    -5.867383e+00    1.398036e+00    -4.469348e+00    5.222740e+03
INFO:root:47900    -5.818041e+00    1.347981e+00    -4.470060e+00    5.222740e+03
INFO:root:48000    -5.761524e+00    1.290991e+00    -4.470532e+00    5.222740e+03
INFO:root:48100    -5.749024e+00    1.277785e+00    -4.471239e+00    5.222740e+03
INFO:root:48200    -5.878730e+00    1.405833e+00    -4.472897e+00    5.222740e+03
INFO:root:48300    -5.837908e+00    1.363124e+00    -4.474784e+00    5.222740e+03
INFO:root:48400    -5.704406e+00    1.234351e+00    -4.470056e+00    5.222740e+03
INFO:root:48500    -5.658032e+00    1.186085e+00    -4.471947e+00    5.222740e+03
INFO:root:48600    -5.809609e+00    1.336475e+00    -4.473134e+00    5.222740e+03
INFO:root:48700    -5.738488e+00    1.264889e+00    -4.473599e+00    5.222740e+03
INFO:root:48800    -5.815503e+00    1.339534e+00    -4.475969e+00    5.222740e+03
INFO:root:48900    -5.793205e+00    1.321725e+00    -4.471480e+00    5.222740e+03
INFO:root:49000    -5.756179e+00    1.284462e+00    -4.471717e+00    5.222740e+03
INFO:root:49100    -5.757979e+00    1.284603e+00    -4.473375e+00    5.222740e+03
INFO:root:49200    -5.658505e+00    1.187026e+00    -4.471479e+00    5.222740e+03
INFO:root:49300    -5.753930e+00    1.279605e+00    -4.474324e+00    5.222740e+03
INFO:root:49400    -5.648526e+00    1.174676e+00    -4.473850e+00    5.222740e+03
INFO:root:49500    -5.773683e+00    1.303846e+00    -4.469837e+00    5.222740e+03
INFO:root:49600    -5.764802e+00    1.291656e+00    -4.473146e+00    5.222740e+03
INFO:root:49700    -5.738416e+00    1.268344e+00    -4.470072e+00    5.222740e+03
INFO:root:49800    -5.741276e+00    1.269551e+00    -4.471725e+00    5.222740e+03
INFO:root:49900    -5.717707e+00    1.246216e+00    -4.471491e+00    5.222740e+03
INFO:root:50000    -5.696116e+00    1.222263e+00    -4.473854e+00    5.222740e+03
INFO:root:50100    -5.798965e+00    1.323928e+00    -4.475037e+00    5.222740e+03
INFO:root:50200    -5.791440e+00    1.315934e+00    -4.475506e+00    5.222740e+03
INFO:root:50300    -5.750153e+00    1.280085e+00    -4.470068e+00    5.222740e+03
INFO:root:50400    -5.708645e+00    1.239522e+00    -4.469123e+00    5.222740e+03
INFO:root:50500    -5.745276e+00    1.281825e+00    -4.463451e+00    5.222740e+03
INFO:root:50600    -5.791212e+00    1.326577e+00    -4.464635e+00    5.222740e+03
INFO:root:50700    -5.781262e+00    1.314501e+00    -4.466760e+00    5.222740e+03
INFO:root:50800    -5.743093e+00    1.274206e+00    -4.468887e+00    5.222740e+03
INFO:root:50900    -5.645347e+00    1.175281e+00    -4.470066e+00    5.222740e+03
INFO:root:51000    -5.788404e+00    1.317149e+00    -4.471255e+00    5.222740e+03
INFO:root:51100    -5.765884e+00    1.292267e+00    -4.473617e+00    5.222740e+03
INFO:root:51200    -5.731918e+00    1.263263e+00    -4.468655e+00    5.222740e+03
INFO:root:51300    -5.745882e+00    1.277937e+00    -4.467945e+00    5.222740e+03
INFO:root:51400    -5.724332e+00    1.254493e+00    -4.469839e+00    5.222740e+03
INFO:root:51500    -5.779458e+00    1.308671e+00    -4.470787e+00    5.222740e+03
INFO:root:51600    -5.746198e+00    1.274230e+00    -4.471968e+00    5.222740e+03
INFO:root:51700    -5.735696e+00    1.267742e+00    -4.467954e+00    5.222740e+03
INFO:root:51800    -5.761776e+00    1.290279e+00    -4.471498e+00    5.222740e+03
INFO:root:51900    -5.716059e+00    1.244559e+00    -4.471499e+00    5.222740e+03
INFO:root:52000    -5.649046e+00    1.177544e+00    -4.471502e+00    5.222740e+03
INFO:root:52100    -5.719850e+00    1.250710e+00    -4.469141e+00    5.222740e+03
INFO:root:52200    -5.783944e+00    1.313144e+00    -4.470800e+00    5.222740e+03
INFO:root:52300    -5.672817e+00    1.201551e+00    -4.471267e+00    5.222740e+03
INFO:root:52400    -5.892720e+00    1.424285e+00    -4.468435e+00    5.222740e+03
INFO:root:52500    -5.796448e+00    1.323055e+00    -4.473393e+00    5.222740e+03
INFO:root:52600    -5.801904e+00    1.328271e+00    -4.473634e+00    5.222740e+03
INFO:root:52700    -5.736366e+00    1.262497e+00    -4.473869e+00    5.222740e+03
INFO:root:52800    -5.741975e+00    1.267395e+00    -4.474579e+00    5.222740e+03
INFO:root:52900    -5.806895e+00    1.330423e+00    -4.476472e+00    5.222740e+03
INFO:root:53000    -5.869227e+00    1.388973e+00    -4.480254e+00    5.222740e+03
INFO:root:53100    -5.856452e+00    1.378566e+00    -4.477886e+00    5.222740e+03
INFO:root:53200    -5.883743e+00    1.407511e+00    -4.476232e+00    5.222740e+03
INFO:root:53300    -5.729066e+00    1.258035e+00    -4.471031e+00    5.222740e+03
INFO:root:53400    -5.708114e+00    1.239917e+00    -4.468198e+00    5.222740e+03
INFO:root:53500    -5.733470e+00    1.263616e+00    -4.469853e+00    5.222740e+03
INFO:root:53600    -5.708191e+00    1.238102e+00    -4.470089e+00    5.222740e+03
INFO:root:53700    -5.692591e+00    1.223215e+00    -4.469376e+00    5.222740e+03
INFO:root:53800    -5.759400e+00    1.287659e+00    -4.471740e+00    5.222740e+03
INFO:root:53900    -5.802807e+00    1.329650e+00    -4.473157e+00    5.222740e+03
INFO:root:54000    -5.883742e+00    1.409167e+00    -4.474575e+00    5.222740e+03
INFO:root:54100    -5.737036e+00    1.264114e+00    -4.472922e+00    5.222740e+03
INFO:root:54200    -5.579344e+00    1.110440e+00    -4.468904e+00    5.222740e+03
INFO:root:54300    -5.584240e+00    1.114862e+00    -4.469378e+00    5.222740e+03
INFO:root:54400    -5.677361e+00    1.207037e+00    -4.470325e+00    5.222740e+03
INFO:root:54500    -5.756122e+00    1.287688e+00    -4.468435e+00    5.222740e+03
INFO:root:54600    -5.784191e+00    1.316703e+00    -4.467488e+00    5.222740e+03
INFO:root:54700    -5.704244e+00    1.235342e+00    -4.468902e+00    5.222740e+03
INFO:root:54800    -5.671228e+00    1.203276e+00    -4.467952e+00    5.222740e+03
INFO:root:54900    -5.703477e+00    1.237414e+00    -4.466064e+00    5.222740e+03
INFO:root:55000    -5.659312e+00    1.189944e+00    -4.469368e+00    5.222740e+03
INFO:root:55100    -5.697803e+00    1.228909e+00    -4.468894e+00    5.222740e+03
INFO:root:55200    -5.724446e+00    1.254844e+00    -4.469602e+00    5.222740e+03
INFO:root:55300    -5.708011e+00    1.239356e+00    -4.468655e+00    5.222740e+03
INFO:root:55400    -5.677952e+00    1.205044e+00    -4.472908e+00    5.222740e+03
INFO:root:55500    -5.717200e+00    1.246183e+00    -4.471017e+00    5.222740e+03
INFO:root:55600    -5.742478e+00    1.271460e+00    -4.471018e+00    5.222740e+03
INFO:root:55700    -5.733148e+00    1.263073e+00    -4.470075e+00    5.222740e+03
INFO:root:55800    -5.748824e+00    1.277094e+00    -4.471730e+00    5.222740e+03
INFO:root:55900    -5.819368e+00    1.350477e+00    -4.468890e+00    5.222740e+03
INFO:root:56000    -5.828923e+00    1.353888e+00    -4.475036e+00    5.222740e+03
INFO:root:56100    -5.774595e+00    1.303106e+00    -4.471489e+00    5.222740e+03
INFO:root:56200    -5.703760e+00    1.238416e+00    -4.465344e+00    5.222740e+03
INFO:root:56300    -5.700075e+00    1.233785e+00    -4.466289e+00    5.222740e+03
INFO:root:56400    -5.721132e+00    1.255552e+00    -4.465580e+00    5.222740e+03
INFO:root:56500    -5.747154e+00    1.282287e+00    -4.464867e+00    5.222740e+03
INFO:root:56600    -5.775939e+00    1.306104e+00    -4.469835e+00    5.222740e+03
INFO:root:56700    -5.634339e+00    1.166161e+00    -4.468178e+00    5.222740e+03
INFO:root:56800    -5.724782e+00    1.258960e+00    -4.465822e+00    5.222740e+03
INFO:root:56900    -5.752105e+00    1.284861e+00    -4.467244e+00    5.222740e+03
INFO:root:57000    -5.696496e+00    1.225701e+00    -4.470795e+00    5.222740e+03
INFO:root:57100    -5.698395e+00    1.227362e+00    -4.471033e+00    5.222740e+03
INFO:root:57200    -5.723101e+00    1.256085e+00    -4.467016e+00    5.222740e+03
INFO:root:57300    -5.698392e+00    1.230667e+00    -4.467726e+00    5.222740e+03
INFO:root:57400    -5.707112e+00    1.241514e+00    -4.465598e+00    5.222740e+03
INFO:root:57500    -5.795434e+00    1.327941e+00    -4.467493e+00    5.222740e+03
INFO:root:57600    -5.787759e+00    1.320743e+00    -4.467015e+00    5.222740e+03
INFO:root:57700    -5.801013e+00    1.333999e+00    -4.467014e+00    5.222740e+03
INFO:root:57800    -5.742317e+00    1.274828e+00    -4.467490e+00    5.222740e+03
INFO:root:57900    -5.748403e+00    1.279969e+00    -4.468434e+00    5.222740e+03
INFO:root:58000    -5.885302e+00    1.415450e+00    -4.469852e+00    5.222740e+03
INFO:root:58100    -5.752601e+00    1.283699e+00    -4.468902e+00    5.222740e+03
INFO:root:58200    -5.725799e+00    1.254293e+00    -4.471505e+00    5.222740e+03
INFO:root:58300    -5.752100e+00    1.283664e+00    -4.468437e+00    5.222740e+03
INFO:root:58400    -5.724150e+00    1.257845e+00    -4.466305e+00    5.222740e+03
INFO:root:58500    -5.788989e+00    1.320793e+00    -4.468196e+00    5.222740e+03
INFO:root:58600    -5.759548e+00    1.287804e+00    -4.471744e+00    5.222740e+03
INFO:root:58700    -5.758333e+00    1.282571e+00    -4.475763e+00    5.222740e+03
INFO:root:58800    -5.756506e+00    1.283581e+00    -4.472926e+00    5.222740e+03
INFO:root:58900    -5.684845e+00    1.210270e+00    -4.474576e+00    5.222740e+03
INFO:root:59000    -5.802343e+00    1.328001e+00    -4.474342e+00    5.222740e+03
INFO:root:59100    -5.865037e+00    1.389038e+00    -4.476000e+00    5.222740e+03
INFO:root:59200    -5.783101e+00    1.308520e+00    -4.474581e+00    5.222740e+03
INFO:root:59300    -5.821936e+00    1.350663e+00    -4.471273e+00    5.222740e+03
INFO:root:59400    -5.897734e+00    1.421023e+00    -4.476711e+00    5.222740e+03
INFO:root:59500    -5.767068e+00    1.291304e+00    -4.475764e+00    5.222740e+03
INFO:root:59600    -5.636274e+00    1.158147e+00    -4.478127e+00    5.222740e+03
INFO:root:59700    -5.630839e+00    1.154603e+00    -4.476237e+00    5.222740e+03
INFO:root:59800    -5.678824e+00    1.208969e+00    -4.469855e+00    5.222740e+03
INFO:root:59900    -5.758441e+00    1.287642e+00    -4.470799e+00    5.222740e+03
INFO:root:60000    -5.855341e+00    1.381935e+00    -4.473406e+00    5.222740e+03
INFO:root:60100    -5.694695e+00    1.218697e+00    -4.475998e+00    5.222740e+03
INFO:root:60200    -5.761592e+00    1.285119e+00    -4.476474e+00    5.222740e+03
INFO:root:60300    -5.786503e+00    1.311213e+00    -4.475290e+00    5.222740e+03
INFO:root:60400    -5.771369e+00    1.299856e+00    -4.471513e+00    5.222740e+03
INFO:root:60500    -5.691857e+00    1.220586e+00    -4.471271e+00    5.222740e+03
INFO:root:60600    -5.827447e+00    1.359008e+00    -4.468439e+00    5.222740e+03
INFO:root:60700    -5.747363e+00    1.274435e+00    -4.472928e+00    5.222740e+03
INFO:root:60800    -5.651988e+00    1.181186e+00    -4.470802e+00    5.222740e+03
INFO:root:60900    -5.614303e+00    1.141375e+00    -4.472928e+00    5.222740e+03
INFO:root:61000    -5.730376e+00    1.260751e+00    -4.469626e+00    5.222740e+03
INFO:root:61100    -5.721092e+00    1.251944e+00    -4.469148e+00    5.222740e+03
INFO:root:61200    -5.937715e+00    1.468562e+00    -4.469153e+00    5.222740e+03
INFO:root:61300    -5.847708e+00    1.375482e+00    -4.472226e+00    5.222740e+03
INFO:root:61400    -5.800215e+00    1.329404e+00    -4.470811e+00    5.222740e+03
INFO:root:61500    -5.782183e+00    1.307823e+00    -4.474360e+00    5.222740e+03
INFO:root:61600    -5.677443e+00    1.202850e+00    -4.474593e+00    5.222740e+03
INFO:root:61700    -5.752332e+00    1.277974e+00    -4.474357e+00    5.222740e+03
INFO:root:61800    -5.799546e+00    1.326841e+00    -4.472705e+00    5.222740e+03
INFO:root:61900    -5.766807e+00    1.296703e+00    -4.470103e+00    5.222740e+03
INFO:root:62000    -5.763236e+00    1.295022e+00    -4.468214e+00    5.222740e+03
INFO:root:62100    -5.747987e+00    1.278830e+00    -4.469157e+00    5.222740e+03
INFO:root:62200    -5.813551e+00    1.347699e+00    -4.465852e+00    5.222740e+03
INFO:root:62300    -5.684130e+00    1.217100e+00    -4.467030e+00    5.222740e+03
INFO:root:62400    -5.670997e+00    1.200421e+00    -4.470576e+00    5.222740e+03
INFO:root:62500    -5.805280e+00    1.333990e+00    -4.471290e+00    5.222740e+03
INFO:root:62600    -5.702046e+00    1.230048e+00    -4.471999e+00    5.222740e+03
INFO:root:62700    -5.619818e+00    1.147348e+00    -4.472470e+00    5.222740e+03
INFO:root:62800    -5.642872e+00    1.171348e+00    -4.471524e+00    5.222740e+03
INFO:root:62900    -5.677737e+00    1.206686e+00    -4.471051e+00    5.222740e+03
INFO:root:63000    -5.684230e+00    1.211524e+00    -4.472706e+00    5.222740e+03
INFO:root:63100    -5.659836e+00    1.191150e+00    -4.468686e+00    5.222740e+03
INFO:root:63200    -5.760211e+00    1.287034e+00    -4.473177e+00    5.222740e+03
INFO:root:63300    -5.789520e+00    1.316819e+00    -4.472701e+00    5.222740e+03
INFO:root:63400    -5.894256e+00    1.422498e+00    -4.471758e+00    5.222740e+03
INFO:root:63500    -5.763760e+00    1.292719e+00    -4.471041e+00    5.222740e+03
INFO:root:63600    -5.800664e+00    1.326313e+00    -4.474351e+00    5.222740e+03
INFO:root:63700    -5.764673e+00    1.295763e+00    -4.468910e+00    5.222740e+03
INFO:root:63800    -5.730878e+00    1.262675e+00    -4.468202e+00    5.222740e+03
INFO:root:63900    -5.737991e+00    1.264116e+00    -4.473874e+00    5.222740e+03
INFO:root:64000    -5.765059e+00    1.296383e+00    -4.468676e+00    5.222740e+03
INFO:root:64100    -5.739017e+00    1.270343e+00    -4.468674e+00    5.222740e+03
INFO:root:64200    -5.766486e+00    1.293081e+00    -4.473404e+00    5.222740e+03
INFO:root:64300    -5.814300e+00    1.341607e+00    -4.472693e+00    5.222740e+03
INFO:root:64400    -5.812692e+00    1.338346e+00    -4.474346e+00    5.222740e+03
INFO:root:64500    -5.827439e+00    1.355923e+00    -4.471516e+00    5.222740e+03
INFO:root:64600    -5.666396e+00    1.193228e+00    -4.473168e+00    5.222740e+03
INFO:root:64700    -5.727347e+00    1.253231e+00    -4.474116e+00    5.222740e+03
INFO:root:64800    -5.770883e+00    1.300076e+00    -4.470807e+00    5.222740e+03
INFO:root:64900    -5.667457e+00    1.194053e+00    -4.473404e+00    5.222740e+03
INFO:root:65000    -5.763784e+00    1.289669e+00    -4.474115e+00    5.222740e+03
INFO:root:65100    -5.785614e+00    1.314340e+00    -4.471274e+00    5.222740e+03
INFO:root:65200    -5.790341e+00    1.319300e+00    -4.471041e+00    5.222740e+03
INFO:root:65300    -5.790049e+00    1.319954e+00    -4.470094e+00    5.222740e+03
INFO:root:65400    -5.835686e+00    1.364411e+00    -4.471275e+00    5.222740e+03
INFO:root:65500    -5.686227e+00    1.214717e+00    -4.471510e+00    5.222740e+03
INFO:root:65600    -5.693916e+00    1.220748e+00    -4.473168e+00    5.222740e+03
INFO:root:65700    -5.718194e+00    1.245736e+00    -4.472458e+00    5.222740e+03
INFO:root:65800    -5.770744e+00    1.294740e+00    -4.476004e+00    5.222740e+03
INFO:root:65900    -5.797383e+00    1.321142e+00    -4.476241e+00    5.222740e+03
INFO:root:66000    -5.697972e+00    1.224100e+00    -4.473872e+00    5.222740e+03
INFO:root:66100    -5.721160e+00    1.248471e+00    -4.472689e+00    5.222740e+03
INFO:root:66200    -5.774733e+00    1.301336e+00    -4.473397e+00    5.222740e+03
INFO:root:66300    -5.716250e+00    1.244505e+00    -4.471745e+00    5.222740e+03
INFO:root:66400    -5.639386e+00    1.167645e+00    -4.471740e+00    5.222740e+03
INFO:root:66500    -5.698452e+00    1.228129e+00    -4.470323e+00    5.222740e+03
INFO:root:66600    -5.635495e+00    1.166356e+00    -4.469139e+00    5.222740e+03
INFO:root:66700    -5.683790e+00    1.218668e+00    -4.465122e+00    5.222740e+03
INFO:root:66800    -5.689428e+00    1.224549e+00    -4.464879e+00    5.222740e+03
INFO:root:66900    -5.878781e+00    1.408461e+00    -4.470320e+00    5.222740e+03
INFO:root:67000    -5.832156e+00    1.360890e+00    -4.471266e+00    5.222740e+03
INFO:root:67100    -5.792483e+00    1.322160e+00    -4.470324e+00    5.222740e+03
INFO:root:67200    -5.716876e+00    1.248918e+00    -4.467958e+00    5.222740e+03
INFO:root:67300    -5.695197e+00    1.223218e+00    -4.471979e+00    5.222740e+03
INFO:root:67400    -5.699697e+00    1.231501e+00    -4.468196e+00    5.222740e+03
INFO:root:67500    -5.825978e+00    1.356600e+00    -4.469378e+00    5.222740e+03
INFO:root:67600    -5.739095e+00    1.268300e+00    -4.470795e+00    5.222740e+03
INFO:root:67700    -5.706675e+00    1.234696e+00    -4.471978e+00    5.222740e+03
INFO:root:67800    -5.701587e+00    1.228903e+00    -4.472683e+00    5.222740e+03
INFO:root:67900    -5.739752e+00    1.268010e+00    -4.471741e+00    5.222740e+03
INFO:root:68000    -5.753908e+00    1.282405e+00    -4.471503e+00    5.222740e+03
INFO:root:68100    -5.706451e+00    1.234475e+00    -4.471976e+00    5.222740e+03
INFO:root:68200    -5.657958e+00    1.189526e+00    -4.468432e+00    5.222740e+03
INFO:root:68300    -5.693507e+00    1.221061e+00    -4.472445e+00    5.222740e+03
INFO:root:68400    -5.793488e+00    1.323642e+00    -4.469846e+00    5.222740e+03
INFO:root:68500    -5.759419e+00    1.286498e+00    -4.472921e+00    5.222740e+03
INFO:root:68600    -5.740051e+00    1.265947e+00    -4.474104e+00    5.222740e+03
INFO:root:68700    -5.785424e+00    1.312262e+00    -4.473162e+00    5.222740e+03
INFO:root:68800    -5.707962e+00    1.237641e+00    -4.470322e+00    5.222740e+03
INFO:root:68900    -5.727373e+00    1.256812e+00    -4.470561e+00    5.222740e+03
INFO:root:69000    -5.644063e+00    1.171144e+00    -4.472918e+00    5.222740e+03
INFO:root:69100    -5.723028e+00    1.251524e+00    -4.471505e+00    5.222740e+03
INFO:root:69200    -5.669564e+00    1.196878e+00    -4.472686e+00    5.222740e+03
INFO:root:69300    -5.719756e+00    1.248957e+00    -4.470799e+00    5.222740e+03
INFO:root:69400    -5.713881e+00    1.242373e+00    -4.471507e+00    5.222740e+03
INFO:root:69500    -5.799490e+00    1.328925e+00    -4.470565e+00    5.222740e+03
INFO:root:69600    -5.804207e+00    1.334118e+00    -4.470090e+00    5.222740e+03
INFO:root:69700    -5.834142e+00    1.364760e+00    -4.469383e+00    5.222740e+03
INFO:root:69800    -5.713850e+00    1.244944e+00    -4.468906e+00    5.222740e+03
INFO:root:69900    -5.761228e+00    1.292556e+00    -4.468672e+00    5.222740e+03
INFO:root:70000    -5.755564e+00    1.286891e+00    -4.468673e+00    5.222740e+03
INFO:root:70100    -5.717272e+00    1.248128e+00    -4.469144e+00    5.222740e+03
INFO:root:70200    -5.792716e+00    1.323805e+00    -4.468911e+00    5.222740e+03
INFO:root:70300    -5.752040e+00    1.280766e+00    -4.471275e+00    5.222740e+03
INFO:root:70400    -5.723062e+00    1.249426e+00    -4.473636e+00    5.222740e+03
INFO:root:70500    -5.767848e+00    1.300828e+00    -4.467019e+00    5.222740e+03
INFO:root:70600    -5.826213e+00    1.361554e+00    -4.464659e+00    5.222740e+03
INFO:root:70700    -5.598625e+00    1.133974e+00    -4.464651e+00    5.222740e+03
INFO:root:70800    -5.658811e+00    1.188957e+00    -4.469854e+00    5.222740e+03
INFO:root:70900    -5.665362e+00    1.199053e+00    -4.466309e+00    5.222740e+03
INFO:root:71000    -5.624880e+00    1.156679e+00    -4.468201e+00    5.222740e+03
INFO:root:71100    -5.768634e+00    1.300430e+00    -4.468204e+00    5.222740e+03
INFO:root:71200    -5.834871e+00    1.367847e+00    -4.467024e+00    5.222740e+03
INFO:root:71300    -5.696040e+00    1.227603e+00    -4.468437e+00    5.222740e+03
INFO:root:71400    -5.867315e+00    1.397687e+00    -4.469628e+00    5.222740e+03
INFO:root:71500    -5.776880e+00    1.306306e+00    -4.470574e+00    5.222740e+03
INFO:root:71600    -5.723579e+00    1.255843e+00    -4.467735e+00    5.222740e+03
INFO:root:71700    -5.696871e+00    1.223935e+00    -4.472936e+00    5.222740e+03
INFO:root:71800    -5.734232e+00    1.258220e+00    -4.476012e+00    5.222740e+03
INFO:root:71900    -5.772109e+00    1.295625e+00    -4.476484e+00    5.222740e+03
INFO:root:72000    -5.732847e+00    1.256841e+00    -4.476006e+00    5.222740e+03
INFO:root:72100    -5.826698e+00    1.348795e+00    -4.477903e+00    5.222740e+03
INFO:root:72200    -5.791098e+00    1.313431e+00    -4.477667e+00    5.222740e+03
INFO:root:72300    -5.856716e+00    1.379284e+00    -4.477432e+00    5.222740e+03
INFO:root:72400    -5.799315e+00    1.321411e+00    -4.477904e+00    5.222740e+03
INFO:root:72500    -5.839426e+00    1.363173e+00    -4.476253e+00    5.222740e+03
INFO:root:72600    -5.857813e+00    1.386289e+00    -4.471523e+00    5.222740e+03
INFO:root:72700    -5.752930e+00    1.280465e+00    -4.472465e+00    5.222740e+03
INFO:root:72800    -5.872135e+00    1.402028e+00    -4.470107e+00    5.222740e+03
INFO:root:72900    -5.828833e+00    1.352811e+00    -4.476022e+00    5.222740e+03
INFO:root:73000    -5.652876e+00    1.182293e+00    -4.470583e+00    5.222740e+03
INFO:root:73100    -5.769297e+00    1.297056e+00    -4.472240e+00    5.222740e+03
INFO:root:73200    -5.757955e+00    1.284532e+00    -4.473423e+00    5.222740e+03
INFO:root:73300    -5.729282e+00    1.257750e+00    -4.471532e+00    5.222740e+03
INFO:root:73400    -5.755832e+00    1.284299e+00    -4.471533e+00    5.222740e+03
INFO:root:73500    -5.709956e+00    1.238657e+00    -4.471299e+00    5.222740e+03
INFO:root:73600    -5.661121e+00    1.190769e+00    -4.470352e+00    5.222740e+03
INFO:root:73700    -5.679940e+00    1.205335e+00    -4.474605e+00    5.222740e+03
INFO:root:73800    -5.722638e+00    1.250631e+00    -4.472007e+00    5.222740e+03
INFO:root:73900    -5.687831e+00    1.219372e+00    -4.468459e+00    5.222740e+03
INFO:root:74000    -5.675752e+00    1.206347e+00    -4.469405e+00    5.222740e+03
INFO:root:74100    -5.734512e+00    1.262504e+00    -4.472008e+00    5.222740e+03
INFO:root:74200    -5.731348e+00    1.259578e+00    -4.471770e+00    5.222740e+03
INFO:root:74300    -5.807988e+00    1.331487e+00    -4.476502e+00    5.222740e+03
INFO:root:74400    -5.904048e+00    1.429674e+00    -4.474374e+00    5.222740e+03
INFO:root:74500    -5.890591e+00    1.420233e+00    -4.470358e+00    5.222740e+03
INFO:root:74600    -5.696112e+00    1.223396e+00    -4.472716e+00    5.222740e+03
INFO:root:74700    -5.757573e+00    1.288637e+00    -4.468937e+00    5.222740e+03
INFO:root:74800    -5.739495e+00    1.276239e+00    -4.463256e+00    5.222740e+03
INFO:root:74900    -5.739584e+00    1.270883e+00    -4.468701e+00    5.222740e+03
INFO:root:75000    -5.569709e+00    1.100539e+00    -4.469171e+00    5.222740e+03
INFO:root:75100    -5.667622e+00    1.199632e+00    -4.467991e+00    5.222740e+03
INFO:root:75200    -5.687441e+00    1.223232e+00    -4.464208e+00    5.222740e+03
INFO:root:75300    -5.677687e+00    1.209227e+00    -4.468460e+00    5.222740e+03
INFO:root:75400    -5.739348e+00    1.275613e+00    -4.463735e+00    5.222740e+03
INFO:root:75500    -5.715605e+00    1.249978e+00    -4.465627e+00    5.222740e+03
INFO:root:75600    -5.705912e+00    1.237923e+00    -4.467989e+00    5.222740e+03
INFO:root:75700    -5.645514e+00    1.177527e+00    -4.467987e+00    5.222740e+03
INFO:root:75800    -5.725352e+00    1.256412e+00    -4.468939e+00    5.222740e+03
INFO:root:75900    -5.712525e+00    1.241460e+00    -4.471065e+00    5.222740e+03
INFO:root:76000    -5.803193e+00    1.333074e+00    -4.470119e+00    5.222740e+03
INFO:root:76100    -5.736991e+00    1.265934e+00    -4.471057e+00    5.222740e+03
INFO:root:76200    -5.757916e+00    1.285914e+00    -4.472001e+00    5.222740e+03
INFO:root:76300    -5.780388e+00    1.306732e+00    -4.473657e+00    5.222740e+03
INFO:root:76400    -5.769017e+00    1.294178e+00    -4.474839e+00    5.222740e+03
INFO:root:76500    -5.836583e+00    1.360800e+00    -4.475783e+00    5.222740e+03
INFO:root:76600    -5.855721e+00    1.379229e+00    -4.476492e+00    5.222740e+03
INFO:root:76700    -5.642394e+00    1.168743e+00    -4.473651e+00    5.222740e+03
INFO:root:76800    -5.680654e+00    1.202506e+00    -4.478148e+00    5.222740e+03
INFO:root:76900    -5.789859e+00    1.312418e+00    -4.477441e+00    5.222740e+03
INFO:root:77000    -5.706507e+00    1.232380e+00    -4.474127e+00    5.222740e+03
INFO:root:77100    -5.731656e+00    1.257760e+00    -4.473896e+00    5.222740e+03
INFO:root:77200    -5.676212e+00    1.199952e+00    -4.476260e+00    5.222740e+03
INFO:root:77300    -5.663394e+00    1.193282e+00    -4.470112e+00    5.222740e+03
INFO:root:77400    -5.823188e+00    1.349763e+00    -4.473425e+00    5.222740e+03
INFO:root:77500    -5.804044e+00    1.333222e+00    -4.470823e+00    5.222740e+03
INFO:root:77600    -5.781506e+00    1.307842e+00    -4.473663e+00    5.222740e+03
INFO:root:77700    -5.685075e+00    1.212124e+00    -4.472951e+00    5.222740e+03
INFO:root:77800    -5.805717e+00    1.328032e+00    -4.477685e+00    5.222740e+03
INFO:root:77900    -5.759805e+00    1.286143e+00    -4.473662e+00    5.222740e+03
INFO:root:78000    -5.802181e+00    1.333005e+00    -4.469176e+00    5.222740e+03
INFO:root:78100    -5.693791e+00    1.221782e+00    -4.472009e+00    5.222740e+03
INFO:root:78200    -5.744184e+00    1.270279e+00    -4.473905e+00    5.222740e+03
INFO:root:78300    -5.785705e+00    1.312036e+00    -4.473669e+00    5.222740e+03
INFO:root:78400    -5.821039e+00    1.346900e+00    -4.474139e+00    5.222740e+03
INFO:root:78500    -5.818115e+00    1.342319e+00    -4.475796e+00    5.222740e+03
INFO:root:78600    -5.855036e+00    1.380187e+00    -4.474849e+00    5.222740e+03
INFO:root:78700    -5.740887e+00    1.271242e+00    -4.469646e+00    5.222740e+03
INFO:root:78800    -5.684448e+00    1.215273e+00    -4.469175e+00    5.222740e+03
INFO:root:78900    -5.735671e+00    1.268857e+00    -4.466814e+00    5.222740e+03
INFO:root:79000    -5.711444e+00    1.243211e+00    -4.468233e+00    5.222740e+03
INFO:root:79100    -5.699077e+00    1.228721e+00    -4.470356e+00    5.222740e+03
INFO:root:79200    -5.789894e+00    1.319537e+00    -4.470357e+00    5.222740e+03
INFO:root:79300    -5.744850e+00    1.273790e+00    -4.471060e+00    5.222740e+03
INFO:root:79400    -5.789876e+00    1.315743e+00    -4.474132e+00    5.222740e+03
INFO:root:79500    -5.868916e+00    1.396670e+00    -4.472246e+00    5.222740e+03
INFO:root:79600    -5.809058e+00    1.335396e+00    -4.473661e+00    5.222740e+03
INFO:root:79700    -5.777078e+00    1.299636e+00    -4.477443e+00    5.222740e+03
INFO:root:79800    -5.845347e+00    1.366719e+00    -4.478627e+00    5.222740e+03
INFO:root:79900    -5.782550e+00    1.305816e+00    -4.476733e+00    5.222740e+03
INFO:root:80000    -5.774684e+00    1.299837e+00    -4.474846e+00    5.222740e+03
INFO:root:80100    -5.746165e+00    1.275573e+00    -4.470592e+00    5.222740e+03
INFO:root:80200    -5.686456e+00    1.217761e+00    -4.468695e+00    5.222740e+03
INFO:root:80300    -5.696200e+00    1.225846e+00    -4.470354e+00    5.222740e+03
INFO:root:80400    -5.665582e+00    1.196885e+00    -4.468698e+00    5.222740e+03
INFO:root:80500    -5.720163e+00    1.251701e+00    -4.468463e+00    5.222740e+03
INFO:root:80600    -5.710212e+00    1.238208e+00    -4.472004e+00    5.222740e+03
INFO:root:80700    -5.766053e+00    1.294048e+00    -4.472004e+00    5.222740e+03
INFO:root:80800    -5.773454e+00    1.298379e+00    -4.475075e+00    5.222740e+03
INFO:root:80900    -5.788805e+00    1.313730e+00    -4.475075e+00    5.222740e+03
INFO:root:81000    -5.761058e+00    1.289765e+00    -4.471293e+00    5.222740e+03
INFO:root:81100    -5.730492e+00    1.260618e+00    -4.469874e+00    5.222740e+03
INFO:root:81200    -5.722207e+00    1.250680e+00    -4.471527e+00    5.222740e+03
INFO:root:81300    -5.747180e+00    1.274237e+00    -4.472943e+00    5.222740e+03
INFO:root:81400    -5.737042e+00    1.264332e+00    -4.472710e+00    5.222740e+03
INFO:root:81500    -5.636230e+00    1.160214e+00    -4.476016e+00    5.222740e+03
INFO:root:81600    -5.769153e+00    1.294551e+00    -4.474603e+00    5.222740e+03
INFO:root:81700    -5.771607e+00    1.299370e+00    -4.472237e+00    5.222740e+03
INFO:root:81800    -5.717359e+00    1.242524e+00    -4.474834e+00    5.222740e+03
INFO:root:81900    -5.788035e+00    1.313201e+00    -4.474834e+00    5.222740e+03
INFO:root:82000    -5.787722e+00    1.315725e+00    -4.471997e+00    5.222740e+03
INFO:root:82100    -5.734171e+00    1.262646e+00    -4.471525e+00    5.222740e+03
INFO:root:82200    -5.716882e+00    1.245834e+00    -4.471048e+00    5.222740e+03
INFO:root:82300    -5.763386e+00    1.293752e+00    -4.469634e+00    5.222740e+03
INFO:root:82400    -5.658388e+00    1.190177e+00    -4.468211e+00    5.222740e+03
INFO:root:82500    -5.893440e+00    1.427823e+00    -4.465617e+00    5.222740e+03
INFO:root:82600    -5.663916e+00    1.194530e+00    -4.469387e+00    5.222740e+03
INFO:root:82700    -5.779652e+00    1.309544e+00    -4.470108e+00    5.222740e+03
INFO:root:82800    -5.821253e+00    1.353279e+00    -4.467974e+00    5.222740e+03
INFO:root:82900    -5.873627e+00    1.401636e+00    -4.471991e+00    5.222740e+03
INFO:root:83000    -5.699206e+00    1.228162e+00    -4.471044e+00    5.222740e+03
INFO:root:83100    -5.754828e+00    1.288269e+00    -4.466559e+00    5.222740e+03
INFO:root:83200    -5.793890e+00    1.327332e+00    -4.466558e+00    5.222740e+03
INFO:root:83300    -5.728485e+00    1.259565e+00    -4.468919e+00    5.222740e+03
INFO:root:83400    -5.711347e+00    1.241954e+00    -4.469393e+00    5.222740e+03
INFO:root:83500    -5.801278e+00    1.328335e+00    -4.472943e+00    5.222740e+03
INFO:root:83600    -5.815276e+00    1.342097e+00    -4.473179e+00    5.222740e+03
INFO:root:83700    -5.797661e+00    1.324008e+00    -4.473653e+00    5.222740e+03
INFO:root:83800    -5.688441e+00    1.214789e+00    -4.473652e+00    5.222740e+03
INFO:root:83900    -5.728108e+00    1.255163e+00    -4.472945e+00    5.222740e+03
INFO:root:84000    -5.680250e+00    1.206127e+00    -4.474123e+00    5.222740e+03
INFO:root:84100    -5.703840e+00    1.229482e+00    -4.474359e+00    5.222740e+03
INFO:root:84200    -5.761269e+00    1.288327e+00    -4.472943e+00    5.222740e+03
INFO:root:84300    -5.633496e+00    1.160322e+00    -4.473173e+00    5.222740e+03
INFO:root:84400    -5.792026e+00    1.321445e+00    -4.470580e+00    5.222740e+03
INFO:root:84500    -5.716208e+00    1.247759e+00    -4.468449e+00    5.222740e+03
INFO:root:84600    -5.683268e+00    1.215528e+00    -4.467741e+00    5.222740e+03
INFO:root:84700    -5.752654e+00    1.285146e+00    -4.467507e+00    5.222740e+03
INFO:root:84800    -5.658044e+00    1.192907e+00    -4.465137e+00    5.222740e+03
INFO:root:84900    -5.700122e+00    1.235691e+00    -4.464431e+00    5.222740e+03
INFO:root:85000    -5.744283e+00    1.277252e+00    -4.467031e+00    5.222740e+03
INFO:root:85100    -5.709593e+00    1.245160e+00    -4.464433e+00    5.222740e+03
INFO:root:85200    -5.679704e+00    1.214329e+00    -4.465375e+00    5.222740e+03
INFO:root:85300    -5.653788e+00    1.187233e+00    -4.466555e+00    5.222740e+03
INFO:root:85400    -5.700285e+00    1.233255e+00    -4.467029e+00    5.222740e+03
INFO:root:85500    -5.770787e+00    1.304937e+00    -4.465850e+00    5.222740e+03
INFO:root:85600    -5.866218e+00    1.397054e+00    -4.469163e+00    5.222740e+03
INFO:root:85700    -5.791951e+00    1.324202e+00    -4.467748e+00    5.222740e+03
INFO:root:85800    -5.711975e+00    1.239739e+00    -4.472236e+00    5.222740e+03
INFO:root:85900    -5.840374e+00    1.375935e+00    -4.464439e+00    5.222740e+03
INFO:root:86000    -5.700439e+00    1.236243e+00    -4.464197e+00    5.222740e+03
INFO:root:86100    -5.781415e+00    1.312016e+00    -4.469399e+00    5.222740e+03
INFO:root:86200    -5.813786e+00    1.339893e+00    -4.473893e+00    5.222740e+03
INFO:root:86300    -5.748140e+00    1.275667e+00    -4.472473e+00    5.222740e+03
INFO:root:86400    -5.705322e+00    1.234741e+00    -4.470582e+00    5.222740e+03
INFO:root:86500    -5.744992e+00    1.274174e+00    -4.470819e+00    5.222740e+03
INFO:root:86600    -5.712563e+00    1.241979e+00    -4.470584e+00    5.222740e+03
INFO:root:86700    -5.649273e+00    1.182948e+00    -4.466326e+00    5.222740e+03
INFO:root:86800    -5.710955e+00    1.243682e+00    -4.467273e+00    5.222740e+03
INFO:root:86900    -5.771464e+00    1.303485e+00    -4.467979e+00    5.222740e+03
INFO:root:87000    -5.757465e+00    1.286413e+00    -4.471052e+00    5.222740e+03
INFO:root:87100    -5.740271e+00    1.267328e+00    -4.472943e+00    5.222740e+03
INFO:root:87200    -5.702121e+00    1.227758e+00    -4.474363e+00    5.222740e+03
INFO:root:87300    -5.608502e+00    1.139579e+00    -4.468922e+00    5.222740e+03
INFO:root:87400    -5.582434e+00    1.111858e+00    -4.470576e+00    5.222740e+03
INFO:root:87500    -5.651780e+00    1.181200e+00    -4.470579e+00    5.222740e+03
INFO:root:87600    -5.730258e+00    1.256136e+00    -4.474121e+00    5.222740e+03
INFO:root:87700    -5.750646e+00    1.278416e+00    -4.472230e+00    5.222740e+03
INFO:root:87800    -5.700066e+00    1.231619e+00    -4.468447e+00    5.222740e+03
INFO:root:87900    -5.692408e+00    1.226090e+00    -4.466318e+00    5.222740e+03
INFO:root:88000    -5.792615e+00    1.328894e+00    -4.463721e+00    5.222740e+03
INFO:root:88100    -5.716728e+00    1.253954e+00    -4.462774e+00    5.222740e+03
INFO:root:88200    -5.657947e+00    1.193754e+00    -4.464193e+00    5.222740e+03
INFO:root:88300    -5.558240e+00    1.092632e+00    -4.465607e+00    5.222740e+03
INFO:root:88400    -5.805974e+00    1.338468e+00    -4.467506e+00    5.222740e+03
INFO:root:88500    -5.764985e+00    1.293227e+00    -4.471759e+00    5.222740e+03
INFO:root:88600    -5.635969e+00    1.166108e+00    -4.469861e+00    5.222740e+03
INFO:root:88700    -5.864389e+00    1.394988e+00    -4.469401e+00    5.222740e+03
INFO:root:88800    -5.608459e+00    1.137647e+00    -4.470812e+00    5.222740e+03
INFO:root:88900    -5.666016e+00    1.198513e+00    -4.467504e+00    5.222740e+03
INFO:root:89000    -5.770925e+00    1.300589e+00    -4.470336e+00    5.222740e+03
INFO:root:89100    -5.775873e+00    1.302936e+00    -4.472937e+00    5.222740e+03
INFO:root:89200    -5.779918e+00    1.307449e+00    -4.472469e+00    5.222740e+03
INFO:root:89300    -5.669584e+00    1.199718e+00    -4.469866e+00    5.222740e+03
INFO:root:89400    -5.582159e+00    1.108984e+00    -4.473174e+00    5.222740e+03
INFO:root:89500    -5.758144e+00    1.287801e+00    -4.470343e+00    5.222740e+03
INFO:root:89600    -5.712453e+00    1.243533e+00    -4.468920e+00    5.222740e+03
INFO:root:89700    -5.651397e+00    1.181064e+00    -4.470333e+00    5.222740e+03
INFO:root:89800    -5.756237e+00    1.287792e+00    -4.468444e+00    5.222740e+03
INFO:root:89900    -5.809222e+00    1.338175e+00    -4.471047e+00    5.222740e+03
INFO:root:90000    -5.595587e+00    1.126437e+00    -4.469150e+00    5.222740e+03
INFO:root:90100    -5.719951e+00    1.252452e+00    -4.467498e+00    5.222740e+03
INFO:root:90200    -5.680804e+00    1.212364e+00    -4.468441e+00    5.222740e+03
INFO:root:90300    -5.615399e+00    1.147196e+00    -4.468203e+00    5.222740e+03
INFO:root:90400    -5.654655e+00    1.185271e+00    -4.469383e+00    5.222740e+03
INFO:root:90500    -5.826166e+00    1.353942e+00    -4.472225e+00    5.222740e+03
INFO:root:90600    -5.775350e+00    1.301710e+00    -4.473640e+00    5.222740e+03
INFO:root:90700    -5.744886e+00    1.271486e+00    -4.473400e+00    5.222740e+03
INFO:root:90800    -5.803497e+00    1.328204e+00    -4.475293e+00    5.222740e+03
INFO:root:90900    -5.721753e+00    1.245515e+00    -4.476238e+00    5.222740e+03
INFO:root:91000    -5.697856e+00    1.222090e+00    -4.475766e+00    5.222740e+03
INFO:root:91100    -5.636568e+00    1.163405e+00    -4.473162e+00    5.222740e+03
INFO:root:91200    -5.657394e+00    1.184708e+00    -4.472686e+00    5.222740e+03
INFO:root:91300    -5.753826e+00    1.279245e+00    -4.474581e+00    5.222740e+03
INFO:root:91400    -5.722947e+00    1.246242e+00    -4.476705e+00    5.222740e+03
INFO:root:91500    -5.814421e+00    1.339839e+00    -4.474581e+00    5.222740e+03
INFO:root:91600    -5.836970e+00    1.364519e+00    -4.472451e+00    5.222740e+03
INFO:root:91700    -5.716528e+00    1.244790e+00    -4.471738e+00    5.222740e+03
INFO:root:91800    -5.735395e+00    1.263417e+00    -4.471978e+00    5.222740e+03
INFO:root:91900    -5.673377e+00    1.201164e+00    -4.472213e+00    5.222740e+03
INFO:root:92000    -5.731985e+00    1.258586e+00    -4.473399e+00    5.222740e+03
INFO:root:92100    -5.760713e+00    1.287557e+00    -4.473156e+00    5.222740e+03
INFO:root:92200    -5.816455e+00    1.344947e+00    -4.471508e+00    5.222740e+03
INFO:root:92300    -5.682930e+00    1.214026e+00    -4.468904e+00    5.222740e+03
INFO:root:92400    -5.780692e+00    1.306822e+00    -4.473870e+00    5.222740e+03
INFO:root:92500    -5.759375e+00    1.286214e+00    -4.473161e+00    5.222740e+03
INFO:root:92600    -5.714417e+00    1.242676e+00    -4.471741e+00    5.222740e+03
INFO:root:92700    -5.826062e+00    1.355736e+00    -4.470327e+00    5.222740e+03
INFO:root:92800    -5.725157e+00    1.253649e+00    -4.471508e+00    5.222740e+03
INFO:root:92900    -5.749993e+00    1.276831e+00    -4.473162e+00    5.222740e+03
INFO:root:93000    -5.737511e+00    1.262456e+00    -4.475055e+00    5.222740e+03
INFO:root:93100    -5.740378e+00    1.266741e+00    -4.473637e+00    5.222740e+03
INFO:root:93200    -5.854342e+00    1.381413e+00    -4.472929e+00    5.222740e+03
INFO:root:93300    -5.777591e+00    1.306789e+00    -4.470802e+00    5.222740e+03
INFO:root:93400    -5.789816e+00    1.318779e+00    -4.471037e+00    5.222740e+03
INFO:root:93500    -5.737915e+00    1.264515e+00    -4.473399e+00    5.222740e+03
INFO:root:93600    -5.737330e+00    1.269126e+00    -4.468203e+00    5.222740e+03
INFO:root:93700    -5.645273e+00    1.174469e+00    -4.470804e+00    5.222740e+03
INFO:root:93800    -5.723974e+00    1.254824e+00    -4.469149e+00    5.222740e+03
INFO:root:93900    -5.734519e+00    1.261118e+00    -4.473401e+00    5.222740e+03
INFO:root:94000    -5.817218e+00    1.344285e+00    -4.472933e+00    5.222740e+03
INFO:root:94100    -5.775166e+00    1.302945e+00    -4.472221e+00    5.222740e+03
INFO:root:94200    -5.734408e+00    1.260300e+00    -4.474108e+00    5.222740e+03
INFO:root:94300    -5.796679e+00    1.321389e+00    -4.475290e+00    5.222740e+03
INFO:root:94400    -5.792917e+00    1.315737e+00    -4.477179e+00    5.222740e+03
INFO:root:94500    -5.781486e+00    1.303359e+00    -4.478128e+00    5.222740e+03
INFO:root:94600    -5.887299e+00    1.414133e+00    -4.473166e+00    5.222740e+03
INFO:root:94700    -5.835703e+00    1.360409e+00    -4.475293e+00    5.222740e+03
INFO:root:94800    -5.782269e+00    1.305558e+00    -4.476711e+00    5.222740e+03
INFO:root:94900    -5.819765e+00    1.341160e+00    -4.478604e+00    5.222740e+03
INFO:root:95000    -5.819836e+00    1.342417e+00    -4.477419e+00    5.222740e+03
INFO:root:95100    -5.822619e+00    1.343310e+00    -4.479309e+00    5.222740e+03
INFO:root:95200    -5.762261e+00    1.285314e+00    -4.476947e+00    5.222740e+03
INFO:root:95300    -5.688529e+00    1.217965e+00    -4.470564e+00    5.222740e+03
INFO:root:95400    -5.820944e+00    1.348962e+00    -4.471982e+00    5.222740e+03
INFO:root:95500    -5.836447e+00    1.359973e+00    -4.476474e+00    5.222740e+03
INFO:root:95600    -5.753153e+00    1.279041e+00    -4.474112e+00    5.222740e+03
INFO:root:95700    -5.691543e+00    1.218147e+00    -4.473396e+00    5.222740e+03
INFO:root:95800    -5.860266e+00    1.384971e+00    -4.475295e+00    5.222740e+03
INFO:root:95900    -5.704032e+00    1.232758e+00    -4.471274e+00    5.222740e+03
INFO:root:96000    -5.753336e+00    1.282061e+00    -4.471276e+00    5.222740e+03
INFO:root:96100    -5.803607e+00    1.331152e+00    -4.472456e+00    5.222740e+03
INFO:root:96200    -5.862190e+00    1.387131e+00    -4.475059e+00    5.222740e+03
INFO:root:96300    -5.819517e+00    1.346827e+00    -4.472690e+00    5.222740e+03
INFO:root:96400    -5.723149e+00    1.254236e+00    -4.468913e+00    5.222740e+03
INFO:root:96500    -5.681442e+00    1.213005e+00    -4.468437e+00    5.222740e+03
INFO:root:96600    -5.815844e+00    1.348823e+00    -4.467021e+00    5.222740e+03
INFO:root:96700    -5.721591e+00    1.253864e+00    -4.467728e+00    5.222740e+03
INFO:root:96800    -5.701362e+00    1.234339e+00    -4.467022e+00    5.222740e+03
INFO:root:96900    -5.769888e+00    1.303340e+00    -4.466549e+00    5.222740e+03
INFO:root:97000    -5.766619e+00    1.300068e+00    -4.466551e+00    5.222740e+03
INFO:root:97100    -5.827381e+00    1.361771e+00    -4.465610e+00    5.222740e+03
INFO:root:97200    -5.731773e+00    1.265698e+00    -4.466075e+00    5.222740e+03
INFO:root:97300    -5.723695e+00    1.257376e+00    -4.466318e+00    5.222740e+03
INFO:root:97400    -5.656626e+00    1.189599e+00    -4.467027e+00    5.222740e+03
INFO:root:97500    -5.739045e+00    1.269181e+00    -4.469863e+00    5.222740e+03
INFO:root:97600    -5.716781e+00    1.246922e+00    -4.469859e+00    5.222740e+03
INFO:root:97700    -5.745602e+00    1.278340e+00    -4.467262e+00    5.222740e+03
INFO:root:97800    -5.826876e+00    1.358431e+00    -4.468445e+00    5.222740e+03
INFO:root:97900    -5.744018e+00    1.272503e+00    -4.471514e+00    5.222740e+03
INFO:root:98000    -5.691259e+00    1.220219e+00    -4.471039e+00    5.222740e+03
INFO:root:98100    -5.806171e+00    1.332291e+00    -4.473880e+00    5.222740e+03
INFO:root:98200    -5.731031e+00    1.256679e+00    -4.474352e+00    5.222740e+03
INFO:root:98300    -5.713651e+00    1.239060e+00    -4.474592e+00    5.222740e+03
INFO:root:98400    -5.706458e+00    1.230918e+00    -4.475540e+00    5.222740e+03
INFO:root:98500    -5.729250e+00    1.257017e+00    -4.472233e+00    5.222740e+03
INFO:root:98600    -5.653538e+00    1.181785e+00    -4.471754e+00    5.222740e+03
INFO:root:98700    -5.799576e+00    1.333014e+00    -4.466562e+00    5.222740e+03
INFO:root:98800    -5.734115e+00    1.264008e+00    -4.470107e+00    5.222740e+03
INFO:root:98900    -5.680004e+00    1.210844e+00    -4.469160e+00    5.222740e+03
INFO:root:99000    -5.758991e+00    1.285806e+00    -4.473185e+00    5.222740e+03
INFO:root:99100    -5.584196e+00    1.107472e+00    -4.476723e+00    5.222740e+03
INFO:root:99200    -5.713095e+00    1.240145e+00    -4.472949e+00    5.222740e+03
INFO:root:99300    -5.713650e+00    1.242829e+00    -4.470821e+00    5.222740e+03
INFO:root:99400    -5.679809e+00    1.208517e+00    -4.471292e+00    5.222740e+03
INFO:root:99500    -5.736094e+00    1.264329e+00    -4.471766e+00    5.222740e+03
INFO:root:99600    -5.812491e+00    1.344268e+00    -4.468223e+00    5.222740e+03
INFO:root:99700    -5.703520e+00    1.238610e+00    -4.464909e+00    5.222740e+03
INFO:root:99800    -5.824241e+00    1.355783e+00    -4.468457e+00    5.222740e+03
INFO:root:99900    -5.744751e+00    1.275347e+00    -4.469404e+00    5.222740e+03
